<?xml version="1.0" encoding="UTF-8" standalone="yes"?><!DOCTYPE report PUBLIC "-//JACOCO//DTD Report 1.1//EN" "report.dtd"><report name="oshi-core"><sessioninfo id="Daniels-MacBook-Pro-2.local-20b7efe1" start="1567803431237" dump="1567803432024"/><sessioninfo id="Daniels-MacBook-Pro-2.local-628ec6d1" start="1567803431236" dump="1567803433484"/><sessioninfo id="Daniels-MacBook-Pro-2.local-c2e114e6" start="1567803431236" dump="1567803434143"/><sessioninfo id="Daniels-MacBook-Pro-2.local-a23b280e" start="1567803561079" dump="1567803561750"/><sessioninfo id="Daniels-MacBook-Pro-2.local-c621e710" start="1567803561079" dump="1567803561771"/><sessioninfo id="Daniels-MacBook-Pro-2.local-98675066" start="1567803561078" dump="1567803564503"/></report>