<?xml version="1.0" encoding="UTF-8" standalone="yes"?><!DOCTYPE report PUBLIC "-//JACOCO//DTD Report 1.1//EN" "report.dtd"><report name="oshi-core"><sessioninfo id="Daniels-MacBook-Pro.local-b6d81912" start="1556463994400" dump="1556463996479"/><sessioninfo id="Daniels-MacBook-Pro.local-2cf8e89a" start="1556463994395" dump="1556463996631"/><sessioninfo id="Daniels-MacBook-Pro.local-9976d2cb" start="1556463994394" dump="1556464000783"/><sessioninfo id="Daniels-MacBook-Pro.local-40760d0f" start="1556464018977" dump="1556464021030"/><sessioninfo id="Daniels-MacBook-Pro.local-e0421c07" start="1556464018976" dump="1556464024214"/><sessioninfo id="Daniels-MacBook-Pro.local-89ee107f" start="1556464018985" dump="1556464025652"/></report>