GROUP,PACKAGE,CLASS,INSTRUCTION_MISSED,INSTRUCTION_COVERED,BRANCH_MISSED,BRANCH_COVERED,LINE_MISSED,LINE_COVERED,COMPLEXITY_MISSED,COMPLEXITY_COVERED,METHOD_MISSED,METHOD_COVERED
oshi-demo/oshi-core,oshi.driver.windows,LogicalProcessorInformation,416,0,48,0,69,0,33,0,8,0
oshi-demo/oshi-core,oshi.util.platform.windows,PerfCounterQuery,284,0,25,0,58,0,19,0,5,0
oshi-demo/oshi-core,oshi.util.platform.windows,PerfDataUtil.PerfCounter,54,0,2,0,14,0,6,0,5,0
oshi-demo/oshi-core,oshi.util.platform.windows,PerfCounterQueryHandler,178,0,24,0,49,0,20,0,8,0
oshi-demo/oshi-core,oshi.util.platform.windows,PerfDataUtil,207,0,32,0,43,0,24,0,8,0
oshi-demo/oshi-core,oshi.util.platform.windows,WmiQueryHandler,284,0,33,0,77,0,32,0,14,0
oshi-demo/oshi-core,oshi.util.platform.windows,WmiUtil,556,0,38,0,67,0,32,0,13,0
oshi-demo/oshi-core,oshi.util.platform.windows,PerfCounterWildcardQuery,371,0,37,0,72,0,25,0,5,0
oshi-demo/oshi-core,oshi.driver.unix.solaris,Who,97,0,16,0,17,0,10,0,2,0
oshi-demo/oshi-core,oshi.software.os,OSService,0,21,0,0,0,8,0,4,0,4
oshi-demo/oshi-core,oshi.software.os,OperatingSystem.ProcessSort,0,74,0,0,0,2,0,1,0,1
oshi-demo/oshi-core,oshi.software.os,OSService.State,0,34,0,0,0,2,0,1,0,1
oshi-demo/oshi-core,oshi.software.os,OSSession,24,73,6,2,1,16,4,7,0,7
oshi-demo/oshi-core,oshi.software.os,InternetProtocolStats.TcpStats,0,120,0,0,0,23,0,12,0,12
oshi-demo/oshi-core,oshi.software.os,OSProcess.State,0,84,0,0,0,9,0,1,0,1
oshi-demo/oshi-core,oshi.software.os,OperatingSystem.OSVersionInfo,1,62,3,3,0,15,3,5,0,5
oshi-demo/oshi-core,oshi.software.os,InternetProtocolStats.UdpStats,0,54,0,0,0,11,0,6,0,6
oshi-demo/oshi-core,oshi.hardware.common,AbstractVirtualMemory,50,0,0,0,11,0,2,0,2,0
oshi-demo/oshi-core,oshi.hardware.common,AbstractUsbDevice,149,0,8,0,29,0,15,0,11,0
oshi-demo/oshi-core,oshi.hardware.common,AbstractGraphicsCard,99,0,0,0,27,0,7,0,7,0
oshi-demo/oshi-core,oshi.hardware.common,AbstractHWDiskStore,152,0,16,0,22,0,14,0,6,0
oshi-demo/oshi-core,oshi.hardware.common,AbstractSoundCard,69,0,0,0,19,0,5,0,5,0
oshi-demo/oshi-core,oshi.hardware.common,AbstractNetworkIF,506,0,28,0,87,0,32,0,18,0
oshi-demo/oshi-core,oshi.hardware.common,AbstractPowerSource,525,0,19,0,114,0,38,0,26,0
oshi-demo/oshi-core,oshi.hardware.common,AbstractFirmware,64,0,2,0,11,0,6,0,5,0
oshi-demo/oshi-core,oshi.hardware.common,AbstractComputerSystem,55,0,0,0,10,0,4,0,4,0
oshi-demo/oshi-core,oshi.hardware.common,AbstractDisplay,20,0,0,0,5,0,3,0,3,0
oshi-demo/oshi-core,oshi.hardware.common,AbstractGlobalMemory,190,0,21,0,45,0,16,0,3,0
oshi-demo/oshi-core,oshi.hardware.common,AbstractBaseboard,44,0,0,0,7,0,2,0,2,0
oshi-demo/oshi-core,oshi.hardware.common,AbstractCentralProcessor,702,0,55,0,138,0,59,0,17,0
oshi-demo/oshi-core,oshi.hardware.common,AbstractSensors,71,0,0,0,12,0,5,0,5,0
oshi-demo/oshi-core,oshi.hardware.common,AbstractHardwareAbstractionLayer,43,0,0,0,9,0,5,0,5,0
oshi-demo/oshi-core,oshi.software.os.windows,WindowsOperatingSystem,823,0,103,0,186,0,81,0,29,0
oshi-demo/oshi-core,oshi.software.os.windows,WindowsFileSystem,624,0,48,0,114,0,35,0,9,0
oshi-demo/oshi-core,oshi.software.os.windows,WindowsOSSystemInfo,65,0,4,0,21,0,7,0,5,0
oshi-demo/oshi-core,oshi.software.os.windows,WindowsOSThread,162,0,14,0,46,0,22,0,13,0
oshi-demo/oshi-core,oshi.software.os.windows,WindowsNetworkParams,202,0,22,0,47,0,20,0,9,0
oshi-demo/oshi-core,oshi.software.os.windows,WindowsOSProcess,577,0,54,0,139,0,60,0,33,0
oshi-demo/oshi-core,oshi.software.os.windows,WindowsOSFileStore,140,0,10,0,35,0,15,0,10,0
oshi-demo/oshi-core,oshi.software.os.windows,WindowsInternetProtocolStats,142,0,0,0,14,0,6,0,6,0
oshi-demo/oshi-core,oshi.util.platform.unix.solaris,KstatUtil,190,0,26,0,38,0,21,0,4,0
oshi-demo/oshi-core,oshi.util.platform.unix.solaris,KstatUtil.KstatChain,135,0,22,0,24,0,17,0,6,0
oshi-demo/oshi-core,oshi.software.os.mac,MacNetworkParams,143,0,18,0,37,0,15,0,6,0
oshi-demo/oshi-core,oshi.software.os.mac,MacOperatingSystem,559,0,62,0,99,0,54,0,23,0
oshi-demo/oshi-core,oshi.software.os.mac,MacOSFileStore,118,0,6,0,31,0,13,0,10,0
oshi-demo/oshi-core,oshi.software.os.mac,MacOSProcess,634,0,57,0,139,0,61,0,30,0
oshi-demo/oshi-core,oshi.software.os.mac,MacOSThread,46,0,0,0,16,0,8,0,8,0
oshi-demo/oshi-core,oshi.software.os.mac,MacInternetProtocolStats,293,0,2,0,50,0,10,0,9,0
oshi-demo/oshi-core,oshi.software.os.mac,MacFileSystem,473,0,58,0,99,0,37,0,8,0
oshi-demo/oshi-core,oshi.driver.windows.perfmon,MemoryInformation.PageSwapProperty,45,0,0,0,9,0,4,0,4,0
oshi-demo/oshi-core,oshi.driver.windows.perfmon,ProcessInformation,10,0,0,0,2,0,2,0,2,0
oshi-demo/oshi-core,oshi.driver.windows.perfmon,ProcessorInformation.InterruptsProperty,33,0,0,0,8,0,4,0,4,0
oshi-demo/oshi-core,oshi.driver.windows.perfmon,PagingFile.PagingPercentProperty,33,0,0,0,8,0,4,0,4,0
oshi-demo/oshi-core,oshi.driver.windows.perfmon,ProcessorInformation.ProcessorFrequencyProperty,37,0,0,0,7,0,3,0,3,0
oshi-demo/oshi-core,oshi.driver.windows.perfmon,SystemInformation,5,0,0,0,1,0,1,0,1,0
oshi-demo/oshi-core,oshi.driver.windows.perfmon,ThreadInformation,5,0,0,0,1,0,1,0,1,0
oshi-demo/oshi-core,oshi.driver.windows.perfmon,ProcessorInformation,30,0,2,0,6,0,6,0,5,0
oshi-demo/oshi-core,oshi.driver.windows.perfmon,MemoryInformation,5,0,0,0,1,0,1,0,1,0
oshi-demo/oshi-core,oshi.driver.windows.perfmon,PhysicalDisk,5,0,0,0,1,0,1,0,1,0
oshi-demo/oshi-core,oshi.driver.windows.perfmon,ProcessorInformation.SystemTickCountProperty,45,0,0,0,9,0,4,0,4,0
oshi-demo/oshi-core,oshi.driver.windows.perfmon,PagingFile,5,0,0,0,1,0,1,0,1,0
oshi-demo/oshi-core,oshi.driver.windows.perfmon,ThreadInformation.ThreadPerformanceProperty,125,0,0,0,15,0,3,0,3,0
oshi-demo/oshi-core,oshi.driver.windows.perfmon,SystemInformation.ContextSwitchProperty,33,0,0,0,8,0,4,0,4,0
oshi-demo/oshi-core,oshi.driver.windows.perfmon,ProcessInformation.HandleCountProperty,37,0,0,0,7,0,3,0,3,0
oshi-demo/oshi-core,oshi.driver.windows.perfmon,ProcessInformation.ProcessPerformanceProperty,114,0,0,0,14,0,3,0,3,0
oshi-demo/oshi-core,oshi.driver.windows.perfmon,PhysicalDisk.PhysicalDiskProperty,92,0,0,0,12,0,3,0,3,0
oshi-demo/oshi-core,oshi.driver.windows.perfmon,ProcessorInformation.ProcessorTickCountProperty,81,0,0,0,11,0,3,0,3,0
oshi-demo/oshi-core,oshi.jna.platform.unix.aix,Perfstat.perfstat_protocol_t.AnonymousStructTCP,3,0,0,0,1,0,1,0,1,0
oshi-demo/oshi-core,oshi.jna.platform.unix.aix,Perfstat.perfstat_protocol_t.AnonymousStructUDP,3,0,0,0,1,0,1,0,1,0
oshi-demo/oshi-core,oshi.jna.platform.unix.aix,Perfstat.perfstat_protocol_t.AnonymousStructNFSv2client,3,0,0,0,1,0,1,0,1,0
oshi-demo/oshi-core,oshi.jna.platform.unix.aix,AixLibc,6,0,0,0,1,0,1,0,1,0
oshi-demo/oshi-core,oshi.jna.platform.unix.aix,Perfstat.perfstat_cpu_t,7,0,0,0,2,0,1,0,1,0
oshi-demo/oshi-core,oshi.jna.platform.unix.aix,Perfstat.perfstat_protocol_t.AnonymousStructNFSv4,3,0,0,0,1,0,1,0,1,0
oshi-demo/oshi-core,oshi.jna.platform.unix.aix,Perfstat.perfstat_protocol_t.AnonymousStructNFSv3,3,0,0,0,1,0,1,0,1,0
oshi-demo/oshi-core,oshi.jna.platform.unix.aix,Perfstat.perfstat_protocol_t.AnonymousStructNFSv2,3,0,0,0,1,0,1,0,1,0
oshi-demo/oshi-core,oshi.jna.platform.unix.aix,Perfstat.perfstat_partition_config_t,35,0,0,0,9,0,1,0,1,0
oshi-demo/oshi-core,oshi.jna.platform.unix.aix,Perfstat,39,0,0,0,10,0,2,0,2,0
oshi-demo/oshi-core,oshi.jna.platform.unix.aix,Perfstat.perfstat_protocol_t.AnonymousStructRPCclient,3,0,0,0,1,0,1,0,1,0
oshi-demo/oshi-core,oshi.jna.platform.unix.aix,Perfstat.perfstat_netinterface_t,11,0,0,0,3,0,1,0,1,0
oshi-demo/oshi-core,oshi.jna.platform.unix.aix,Perfstat.perfstat_id_t,7,0,0,0,2,0,1,0,1,0
oshi-demo/oshi-core,oshi.jna.platform.unix.aix,Perfstat.perfstat_memory_total_t,3,0,0,0,1,0,1,0,1,0
oshi-demo/oshi-core,oshi.jna.platform.unix.aix,Perfstat.perfstat_protocol_t.AnonymousStructNFSv4client,3,0,0,0,1,0,1,0,1,0
oshi-demo/oshi-core,oshi.jna.platform.unix.aix,Perfstat.perfstat_protocol_t.AnonymousStructRPCserverdgram,3,0,0,0,1,0,1,0,1,0
oshi-demo/oshi-core,oshi.jna.platform.unix.aix,Perfstat.perfstat_protocol_t.AnonymousStructRPCserverstream,3,0,0,0,1,0,1,0,1,0
oshi-demo/oshi-core,oshi.jna.platform.unix.aix,Perfstat.perfstat_protocol_t.AnonymousStructNFSv3client,3,0,0,0,1,0,1,0,1,0
oshi-demo/oshi-core,oshi.jna.platform.unix.aix,Perfstat.perfstat_protocol_t.AnonymousUnionPayload,3,0,0,0,1,0,1,0,1,0
oshi-demo/oshi-core,oshi.jna.platform.unix.aix,Perfstat.perfstat_protocol_t.AnonymousStructRPCserver,3,0,0,0,1,0,1,0,1,0
oshi-demo/oshi-core,oshi.jna.platform.unix.aix,Perfstat.perfstat_protocol_t.AnonymousStructRPCclientdgram,3,0,0,0,1,0,1,0,1,0
oshi-demo/oshi-core,oshi.jna.platform.unix.aix,Perfstat.perfstat_protocol_t.AnonymousStructICMP,3,0,0,0,1,0,1,0,1,0
oshi-demo/oshi-core,oshi.jna.platform.unix.aix,Perfstat.perfstat_protocol_t,24,0,2,0,8,0,3,0,2,0
oshi-demo/oshi-core,oshi.jna.platform.unix.aix,Perfstat.perfstat_protocol_t.AnonymousStructRPCclientstream,3,0,0,0,1,0,1,0,1,0
oshi-demo/oshi-core,oshi.jna.platform.unix.aix,Perfstat.perfstat_protocol_t.AnonymousStructNFSserver,3,0,0,0,1,0,1,0,1,0
oshi-demo/oshi-core,oshi.jna.platform.unix.aix,Perfstat.perfstat_protocol_t.AnonymousStructRPC,3,0,0,0,1,0,1,0,1,0
oshi-demo/oshi-core,oshi.jna.platform.unix.aix,Perfstat.perfstat_protocol_t.AnonymousStructNFS,3,0,0,0,1,0,1,0,1,0
oshi-demo/oshi-core,oshi.jna.platform.unix.aix,Perfstat.perfstat_protocol_t.AnonymousStructICMPv6,3,0,0,0,1,0,1,0,1,0
oshi-demo/oshi-core,oshi.jna.platform.unix.aix,Perfstat.perfstat_cpu_total_t,11,0,0,0,3,0,1,0,1,0
oshi-demo/oshi-core,oshi.jna.platform.unix.aix,Perfstat.perfstat_protocol_t.AnonymousStructIP,3,0,0,0,1,0,1,0,1,0
oshi-demo/oshi-core,oshi.jna.platform.unix.aix,Perfstat.perfstat_protocol_t.AnonymousStructNFSclient,3,0,0,0,1,0,1,0,1,0
oshi-demo/oshi-core,oshi.jna.platform.unix.aix,Perfstat.perfstat_value_t,3,0,0,0,1,0,1,0,1,0
oshi-demo/oshi-core,oshi.jna.platform.unix.aix,Perfstat.perfstat_protocol_t.AnonymousStructIPv6,3,0,0,0,1,0,1,0,1,0
oshi-demo/oshi-core,oshi.jna.platform.unix.aix,Perfstat.perfstat_process_t,7,0,0,0,2,0,1,0,1,0
oshi-demo/oshi-core,oshi.jna.platform.unix.aix,Perfstat.perfstat_protocol_t.AnonymousStructNFSv4server,3,0,0,0,1,0,1,0,1,0
oshi-demo/oshi-core,oshi.jna.platform.unix.aix,Perfstat.perfstat_protocol_t.AnonymousStructNFSv3server,3,0,0,0,1,0,1,0,1,0
oshi-demo/oshi-core,oshi.jna.platform.unix.aix,Perfstat.perfstat_disk_t,23,0,0,0,6,0,1,0,1,0
oshi-demo/oshi-core,oshi.jna.platform.unix.aix,Perfstat.perfstat_protocol_t.AnonymousStructNFSv2server,3,0,0,0,1,0,1,0,1,0
oshi-demo/oshi-core,oshi.driver.unix.freebsd,Who,91,0,14,0,15,0,9,0,2,0
oshi-demo/oshi-core,oshi.jna.platform.unix.freebsd,FreeBsdLibc.FreeBsdUtmpx,23,0,0,0,6,0,1,0,1,0
oshi-demo/oshi-core,oshi.jna.platform.unix.freebsd,FreeBsdLibc.Timeval,3,0,0,0,1,0,1,0,1,0
oshi-demo/oshi-core,oshi.jna.platform.unix.freebsd,FreeBsdLibc,12,0,0,0,3,0,1,0,1,0
oshi-demo/oshi-core,oshi.jna.platform.unix.freebsd,FreeBsdLibc.CpTime,7,0,0,0,2,0,1,0,1,0
oshi-demo/oshi-core,oshi.driver.unix.solaris.disk,Iostat,241,0,34,0,51,0,19,0,2,0
oshi-demo/oshi-core,oshi.driver.unix.solaris.disk,Lshal,54,0,8,0,13,0,5,0,1,0
oshi-demo/oshi-core,oshi.driver.unix.solaris.disk,Prtvtoc,195,0,37,0,60,0,27,0,1,0
oshi-demo/oshi-core,oshi.util.platform.unix.freebsd,BsdSysctlUtil,147,0,10,0,27,0,10,0,5,0
oshi-demo/oshi-core,oshi.driver.unix.aix,Who,41,0,2,0,9,0,3,0,2,0
oshi-demo/oshi-core,oshi.driver.unix.aix,Ls,61,0,10,0,11,0,6,0,1,0
oshi-demo/oshi-core,oshi.driver.unix.aix,Lssrad,95,0,14,0,20,0,8,0,1,0
oshi-demo/oshi-core,oshi.driver.unix.aix,Lscfg,152,0,22,0,35,0,14,0,3,0
oshi-demo/oshi-core,oshi.driver.unix.aix,Lspv,240,0,24,0,37,0,13,0,1,0
oshi-demo/oshi-core,oshi.software.os.unix.freebsd,FreeBsdOSThread,237,0,16,0,58,0,25,0,15,0
oshi-demo/oshi-core,oshi.software.os.unix.freebsd,FreeBsdNetworkParams,83,0,6,0,22,0,9,0,6,0
oshi-demo/oshi-core,oshi.software.os.unix.freebsd,FreeBsdInternetProtocolStats,155,0,0,0,25,0,7,0,7,0
oshi-demo/oshi-core,oshi.software.os.unix.freebsd,FreeBsdFileSystem,324,0,46,0,59,0,28,0,5,0
oshi-demo/oshi-core,oshi.software.os.unix.freebsd,FreeBsdOperatingSystem,399,0,46,0,79,0,44,0,21,0
oshi-demo/oshi-core,oshi.software.os.unix.freebsd,FreeBsdOSFileStore,125,0,8,0,32,0,14,0,10,0
oshi-demo/oshi-core,oshi.software.os.unix.freebsd,FreeBsdOSProcess,486,0,34,0,110,0,49,0,30,0
oshi-demo/oshi-core,oshi.driver.linux.proc,CpuStat,214,0,34,0,48,0,22,0,5,0
oshi-demo/oshi-core,oshi.driver.linux.proc,UpTime,20,0,2,0,7,0,2,0,1,0
oshi-demo/oshi-core,oshi.driver.linux.proc,DiskStats,77,0,10,0,15,0,6,0,1,0
oshi-demo/oshi-core,oshi.driver.linux.proc,UserGroupInfo,111,0,8,0,26,0,9,0,5,0
oshi-demo/oshi-core,oshi.driver.linux.proc,ProcessStat.PidStatM,74,0,0,0,8,0,1,0,1,0
oshi-demo/oshi-core,oshi.driver.linux.proc,DiskStats.IoStat,204,0,0,0,21,0,1,0,1,0
oshi-demo/oshi-core,oshi.driver.linux.proc,CpuInfo,139,0,33,0,46,0,28,0,3,0
oshi-demo/oshi-core,oshi.driver.linux.proc,ProcessStat,264,0,30,0,50,0,26,0,9,0
oshi-demo/oshi-core,oshi.driver.linux.proc,ProcessStat.PidStat,524,0,0,0,53,0,1,0,1,0
oshi-demo/oshi-core,oshi.hardware.platform.mac,MacGlobalMemory,240,0,21,0,54,0,23,0,11,0
oshi-demo/oshi-core,oshi.hardware.platform.mac,MacVirtualMemory,141,0,4,0,28,0,12,0,10,0
oshi-demo/oshi-core,oshi.hardware.platform.mac,MacUsbDevice,559,0,48,0,114,0,32,0,8,0
oshi-demo/oshi-core,oshi.hardware.platform.mac,MacHWDiskStore,823,0,74,0,205,0,51,0,14,0
oshi-demo/oshi-core,oshi.hardware.platform.mac,MacSoundCard,67,0,6,0,20,0,5,0,2,0
oshi-demo/oshi-core,oshi.hardware.platform.mac,MacPowerSource,414,0,44,0,115,0,25,0,3,0
oshi-demo/oshi-core,oshi.hardware.platform.mac,MacFirmware,192,0,30,0,43,0,23,0,7,0
oshi-demo/oshi-core,oshi.hardware.platform.mac,MacDisplay,82,0,8,0,26,0,7,0,3,0
oshi-demo/oshi-core,oshi.hardware.platform.mac,MacCentralProcessor,415,0,26,0,77,0,24,0,11,0
oshi-demo/oshi-core,oshi.hardware.platform.mac,MacComputerSystem,102,0,12,0,23,0,13,0,7,0
oshi-demo/oshi-core,oshi.hardware.platform.mac,MacHardwareAbstractionLayer,34,0,0,0,12,0,12,0,12,0
oshi-demo/oshi-core,oshi.hardware.platform.mac,MacSensors,79,0,6,0,20,0,7,0,4,0
oshi-demo/oshi-core,oshi.hardware.platform.mac,MacHWDiskStore.CFKey,191,0,0,0,12,0,3,0,3,0
oshi-demo/oshi-core,oshi.hardware.platform.mac,MacNetworkIF,132,0,2,0,35,0,17,0,16,0
oshi-demo/oshi-core,oshi.hardware.platform.mac,MacBaseboard,122,0,16,0,26,0,14,0,6,0
oshi-demo/oshi-core,oshi.hardware.platform.mac,MacGraphicsCard,153,0,22,0,32,0,13,0,2,0
oshi-demo/oshi-core,oshi.driver.unix.aix.perfstat,PerfstatConfig,23,0,2,0,6,0,3,0,2,0
oshi-demo/oshi-core,oshi.driver.unix.aix.perfstat,PerfstatDisk,41,0,4,0,10,0,4,0,2,0
oshi-demo/oshi-core,oshi.driver.unix.aix.perfstat,PerfstatNetInterface,41,0,4,0,10,0,4,0,2,0
oshi-demo/oshi-core,oshi.driver.unix.aix.perfstat,PerfstatCpu,80,0,10,0,19,0,9,0,4,0
oshi-demo/oshi-core,oshi.driver.unix.aix.perfstat,PerfstatProtocol,41,0,4,0,10,0,4,0,2,0
oshi-demo/oshi-core,oshi.driver.unix.aix.perfstat,PerfstatProcess,44,0,4,0,10,0,4,0,2,0
oshi-demo/oshi-core,oshi.driver.unix.aix.perfstat,PerfstatMemory,23,0,2,0,6,0,3,0,2,0
oshi-demo/oshi-core,oshi.driver.unix.freebsd.disk,GeomPartList,221,0,32,0,53,0,17,0,1,0
oshi-demo/oshi-core,oshi.driver.unix.freebsd.disk,GeomDiskList,121,0,18,0,29,0,10,0,1,0
oshi-demo/oshi-core,oshi.driver.unix.freebsd.disk,Mount,38,0,4,0,8,0,4,0,2,0
oshi-demo/oshi-core,oshi.driver.unix,Who,163,0,12,0,31,0,8,0,2,0
oshi-demo/oshi-core,oshi.driver.unix,NetStatTcp,47,0,8,0,11,0,5,0,1,0
oshi-demo/oshi-core,oshi.driver.unix,Xrandr,64,0,12,0,19,0,7,0,1,0
oshi-demo/oshi-core,oshi.util,Util,10,50,1,9,3,9,1,8,0,4
oshi-demo/oshi-core,oshi.util,LsofUtil,116,0,15,0,20,0,11,0,3,0
oshi-demo/oshi-core,oshi.util,Memoizer.new Supplier() {...},2,71,1,9,0,14,1,6,0,2
oshi-demo/oshi-core,oshi.util,GlobalConfig,0,70,0,8,0,18,0,13,0,9
oshi-demo/oshi-core,oshi.util,Constants,6,5,0,0,2,1,1,1,1,1
oshi-demo/oshi-core,oshi.util,ParseUtil,22,1560,21,170,6,321,20,121,0,44
oshi-demo/oshi-core,oshi.util,Memoizer,0,29,0,0,0,6,0,5,0,5
oshi-demo/oshi-core,oshi.util,FileUtil,69,232,18,34,19,62,17,19,0,10
oshi-demo/oshi-core,oshi.util,EdidUtil,32,522,7,16,2,63,6,25,0,17
oshi-demo/oshi-core,oshi.util,FormatUtil,0,378,0,36,0,57,0,30,0,12
oshi-demo/oshi-core,oshi.util,GlobalConfig.PropertyException,15,17,0,0,2,2,1,1,1,1
oshi-demo/oshi-core,oshi.util,ExecutingCommand,23,81,1,5,7,22,1,7,0,5
oshi-demo/oshi-core,oshi.driver.windows.registry,ProcessWtsData,205,0,14,0,34,0,11,0,4,0
oshi-demo/oshi-core,oshi.driver.windows.registry,HkeyPerformanceDataUtil,456,0,32,0,90,0,21,0,5,0
oshi-demo/oshi-core,oshi.driver.windows.registry,ProcessWtsData.WtsInfo,45,0,0,0,16,0,8,0,8,0
oshi-demo/oshi-core,oshi.driver.windows.registry,ThreadPerformanceData.PerfCounterBlock,63,0,0,0,22,0,11,0,11,0
oshi-demo/oshi-core,oshi.driver.windows.registry,ProcessPerformanceData.PerfCounterBlock,58,0,0,0,20,0,10,0,10,0
oshi-demo/oshi-core,oshi.driver.windows.registry,ProcessPerformanceData,291,0,26,0,55,0,16,0,3,0
oshi-demo/oshi-core,oshi.driver.windows.registry,SessionWtsData,213,0,16,0,50,0,11,0,3,0
oshi-demo/oshi-core,oshi.driver.windows.registry,HkeyUserData,159,0,20,0,30,0,12,0,2,0
oshi-demo/oshi-core,oshi.driver.windows.registry,ThreadPerformanceData,320,0,20,0,59,0,12,0,2,0
oshi-demo/oshi-core,oshi.driver.windows.registry,NetSessionData,91,0,6,0,15,0,5,0,2,0
oshi-demo/oshi-core,oshi.driver.windows.wmi,Win32PnPEntity,17,0,0,0,2,0,1,0,1,0
oshi-demo/oshi-core,oshi.driver.windows.wmi,Win32ComputerSystem.ComputerSystemProperty,24,0,0,0,2,0,1,0,1,0
oshi-demo/oshi-core,oshi.driver.windows.wmi,Win32PnPEntity.PnPEntityProperty,34,0,0,0,2,0,1,0,1,0
oshi-demo/oshi-core,oshi.driver.windows.wmi,Win32DiskDrive.DeviceIdProperty,24,0,0,0,2,0,1,0,1,0
oshi-demo/oshi-core,oshi.driver.windows.wmi,Win32VideoController,10,0,0,0,2,0,1,0,1,0
oshi-demo/oshi-core,oshi.driver.windows.wmi,Win32Processor.VoltProperty,24,0,0,0,2,0,1,0,1,0
oshi-demo/oshi-core,oshi.driver.windows.wmi,Win32DiskPartition,10,0,0,0,2,0,1,0,1,0
oshi-demo/oshi-core,oshi.driver.windows.wmi,Win32ComputerSystem,10,0,0,0,2,0,1,0,1,0
oshi-demo/oshi-core,oshi.driver.windows.wmi,Win32BaseBoard,10,0,0,0,2,0,1,0,1,0
oshi-demo/oshi-core,oshi.driver.windows.wmi,Win32Fan,10,0,0,0,2,0,1,0,1,0
oshi-demo/oshi-core,oshi.driver.windows.wmi,Win32DiskDriveToDiskPartition,10,0,0,0,2,0,1,0,1,0
oshi-demo/oshi-core,oshi.driver.windows.wmi,Win32USBController,10,0,0,0,2,0,1,0,1,0
oshi-demo/oshi-core,oshi.driver.windows.wmi,Win32Processor.BitnessProperty,14,0,0,0,2,0,1,0,1,0
oshi-demo/oshi-core,oshi.driver.windows.wmi,Win32DiskDrive.DiskDriveProperty,64,0,0,0,2,0,1,0,1,0
oshi-demo/oshi-core,oshi.driver.windows.wmi,Win32OperatingSystem.OSVersionProperty,54,0,0,0,2,0,1,0,1,0
oshi-demo/oshi-core,oshi.driver.windows.wmi,OhmHardware,29,0,0,0,4,0,1,0,1,0
oshi-demo/oshi-core,oshi.driver.windows.wmi,Win32Process.CommandLineProperty,24,0,0,0,2,0,1,0,1,0
oshi-demo/oshi-core,oshi.driver.windows.wmi,Win32DiskPartition.DiskPartitionProperty,74,0,0,0,2,0,1,0,1,0
oshi-demo/oshi-core,oshi.driver.windows.wmi,Win32ProcessCached,110,0,10,0,24,0,10,0,5,0
oshi-demo/oshi-core,oshi.driver.windows.wmi,OhmSensor,31,0,0,0,5,0,1,0,1,0
oshi-demo/oshi-core,oshi.driver.windows.wmi,Win32Process,96,0,12,0,24,0,8,0,2,0
oshi-demo/oshi-core,oshi.driver.windows.wmi,Win32Bios.BiosProperty,54,0,0,0,2,0,1,0,1,0
oshi-demo/oshi-core,oshi.driver.windows.wmi,MSAcpiThermalZoneTemperature,11,0,0,0,2,0,1,0,1,0
oshi-demo/oshi-core,oshi.driver.windows.wmi,Win32BaseBoard.BaseBoardProperty,44,0,0,0,2,0,1,0,1,0
oshi-demo/oshi-core,oshi.driver.windows.wmi,Win32DiskDrive,27,0,0,0,4,0,2,0,2,0
oshi-demo/oshi-core,oshi.driver.windows.wmi,Win32Processor,30,0,0,0,6,0,3,0,3,0
oshi-demo/oshi-core,oshi.driver.windows.wmi,Win32VideoController.VideoControllerProperty,54,0,0,0,2,0,1,0,1,0
oshi-demo/oshi-core,oshi.driver.windows.wmi,OhmHardware.IdentifierProperty,14,0,0,0,2,0,1,0,1,0
oshi-demo/oshi-core,oshi.driver.windows.wmi,Win32LogicalDiskToPartition,10,0,0,0,2,0,1,0,1,0
oshi-demo/oshi-core,oshi.driver.windows.wmi,Win32Process.ProcessXPProperty,84,0,0,0,2,0,1,0,1,0
oshi-demo/oshi-core,oshi.driver.windows.wmi,Win32Fan.SpeedProperty,14,0,0,0,2,0,1,0,1,0
oshi-demo/oshi-core,oshi.driver.windows.wmi,Win32LogicalDisk,42,0,6,0,9,0,4,0,1,0
oshi-demo/oshi-core,oshi.driver.windows.wmi,Win32PhysicalMemory.PhysicalMemoryProperty,54,0,0,0,2,0,1,0,1,0
oshi-demo/oshi-core,oshi.driver.windows.wmi,Win32Processor.ProcessorIdProperty,14,0,0,0,2,0,1,0,1,0
oshi-demo/oshi-core,oshi.driver.windows.wmi,Win32OperatingSystem,10,0,0,0,2,0,1,0,1,0
oshi-demo/oshi-core,oshi.driver.windows.wmi,Win32DiskDriveToDiskPartition.DriveToPartitionProperty,24,0,0,0,2,0,1,0,1,0
oshi-demo/oshi-core,oshi.driver.windows.wmi,Win32LogicalDisk.LogicalDiskProperty,94,0,0,0,2,0,1,0,1,0
oshi-demo/oshi-core,oshi.driver.windows.wmi,Win32Bios.BiosSerialProperty,14,0,0,0,2,0,1,0,1,0
oshi-demo/oshi-core,oshi.driver.windows.wmi,MSAcpiThermalZoneTemperature.TemperatureProperty,14,0,0,0,2,0,1,0,1,0
oshi-demo/oshi-core,oshi.driver.windows.wmi,Win32ComputerSystemProduct.ComputerSystemProductProperty,14,0,0,0,2,0,1,0,1,0
oshi-demo/oshi-core,oshi.driver.windows.wmi,Win32USBController.USBControllerProperty,14,0,0,0,2,0,1,0,1,0
oshi-demo/oshi-core,oshi.driver.windows.wmi,OhmSensor.ValueProperty,14,0,0,0,2,0,1,0,1,0
oshi-demo/oshi-core,oshi.driver.windows.wmi,Win32LogicalDiskToPartition.DiskToPartitionProperty,44,0,0,0,2,0,1,0,1,0
oshi-demo/oshi-core,oshi.driver.windows.wmi,Win32Bios,20,0,0,0,4,0,2,0,2,0
oshi-demo/oshi-core,oshi.driver.windows.wmi,Win32PhysicalMemory.PhysicalMemoryPropertyWin8,54,0,0,0,2,0,1,0,1,0
oshi-demo/oshi-core,oshi.driver.windows.wmi,Win32PhysicalMemory,20,0,0,0,4,0,2,0,2,0
oshi-demo/oshi-core,oshi.driver.windows.wmi,Win32ComputerSystemProduct,10,0,0,0,2,0,1,0,1,0
oshi-demo/oshi-core,oshi.jna.platform.windows,PowrProf.BATTERY_MANUFACTURE_DATE,3,0,0,0,1,0,1,0,1,0
oshi-demo/oshi-core,oshi.jna.platform.windows,PowrProf.BATTERY_STATUS,3,0,0,0,1,0,1,0,1,0
oshi-demo/oshi-core,oshi.jna.platform.windows,PowrProf,6,0,0,0,1,0,1,0,1,0
oshi-demo/oshi-core,oshi.jna.platform.windows,PowrProf.BATTERY_QUERY_INFORMATION_LEVEL,94,0,0,0,3,0,1,0,1,0
oshi-demo/oshi-core,oshi.jna.platform.windows,PowrProf.BATTERY_WAIT_STATUS,3,0,0,0,1,0,1,0,1,0
oshi-demo/oshi-core,oshi.jna.platform.windows,PowrProf.ProcessorPowerInformation,9,0,0,0,5,0,2,0,2,0
oshi-demo/oshi-core,oshi.jna.platform.windows,PowrProf.BATTERY_INFORMATION,11,0,0,0,3,0,1,0,1,0
oshi-demo/oshi-core,oshi.jna.platform.windows,PowrProf.SystemBatteryState,17,0,0,0,6,0,2,0,2,0
oshi-demo/oshi-core,oshi.jna.platform.windows,PowrProf.BATTERY_QUERY_INFORMATION,3,0,0,0,1,0,1,0,1,0
oshi-demo/oshi-core,oshi.software.os.unix.aix,AixInternetProtocolStats,160,0,8,0,12,0,9,0,5,0
oshi-demo/oshi-core,oshi.software.os.unix.aix,AixOSFileStore,118,0,6,0,31,0,13,0,10,0
oshi-demo/oshi-core,oshi.software.os.unix.aix,AixNetworkParams,60,0,8,0,14,0,10,0,6,0
oshi-demo/oshi-core,oshi.software.os.unix.aix,AixOSThread,140,0,8,0,31,0,15,0,11,0
oshi-demo/oshi-core,oshi.software.os.unix.aix,AixOperatingSystem,504,0,58,0,82,0,50,0,21,0
oshi-demo/oshi-core,oshi.software.os.unix.aix,AixOSProcess,577,0,43,0,125,0,54,0,30,0
oshi-demo/oshi-core,oshi.software.os.unix.aix,AixFileSystem,298,0,44,0,56,0,29,0,7,0
oshi-demo/oshi-core,oshi.hardware.platform.windows,WindowsFirmware,116,0,12,0,24,0,13,0,7,0
oshi-demo/oshi-core,oshi.hardware.platform.windows,WindowsCentralProcessor,768,0,66,0,137,0,46,0,13,0
oshi-demo/oshi-core,oshi.hardware.platform.windows,WindowsBaseboard,96,0,10,0,19,0,11,0,6,0
oshi-demo/oshi-core,oshi.hardware.platform.windows,WindowsUsbDevice,472,0,42,0,107,0,30,0,9,0
oshi-demo/oshi-core,oshi.hardware.platform.windows,WindowsGlobalMemory,324,0,61,0,96,0,66,0,11,0
oshi-demo/oshi-core,oshi.hardware.platform.windows,WindowsHWDiskStore.PartitionMaps,18,0,0,0,4,0,1,0,1,0
oshi-demo/oshi-core,oshi.hardware.platform.windows,WindowsHardwareAbstractionLayer,34,0,0,0,12,0,12,0,12,0
oshi-demo/oshi-core,oshi.hardware.platform.windows,WindowsComputerSystem,112,0,16,0,28,0,18,0,10,0
oshi-demo/oshi-core,oshi.hardware.platform.windows,WindowsDisplay,120,0,8,0,26,0,7,0,3,0
oshi-demo/oshi-core,oshi.hardware.platform.windows,WindowsHWDiskStore.DiskStats,33,0,0,0,7,0,1,0,1,0
oshi-demo/oshi-core,oshi.hardware.platform.windows,WindowsVirtualMemory,159,0,2,0,25,0,12,0,11,0
oshi-demo/oshi-core,oshi.hardware.platform.windows,WindowsNetworkIF,222,0,8,0,58,0,21,0,17,0
oshi-demo/oshi-core,oshi.hardware.platform.windows,WindowsGraphicsCard,125,0,16,0,24,0,11,0,3,0
oshi-demo/oshi-core,oshi.hardware.platform.windows,WindowsSoundCard,97,0,6,0,18,0,5,0,2,0
oshi-demo/oshi-core,oshi.hardware.platform.windows,WindowsHWDiskStore,787,0,64,0,138,0,48,0,16,0
oshi-demo/oshi-core,oshi.hardware.platform.windows,WindowsSensors,336,0,58,0,92,0,40,0,11,0
oshi-demo/oshi-core,oshi.hardware.platform.windows,WindowsPowerSource,702,0,84,0,155,0,47,0,5,0
oshi-demo/oshi-core,oshi.driver.linux,Lshw,82,0,12,0,18,0,9,0,3,0
oshi-demo/oshi-core,oshi.driver.linux,Devicetree,13,0,2,0,4,0,2,0,1,0
oshi-demo/oshi-core,oshi.driver.linux,Lshal,23,0,4,0,6,0,3,0,1,0
oshi-demo/oshi-core,oshi.driver.linux,Dmidecode,92,0,12,0,20,0,8,0,2,0
oshi-demo/oshi-core,oshi.driver.linux,Who,89,0,14,0,15,0,9,0,2,0
oshi-demo/oshi-core,oshi.driver.linux,Sysfs,175,0,32,0,50,0,27,0,11,0
oshi-demo/oshi-core,oshi.driver.mac.net,NetStat.IFdata,87,0,0,0,24,0,12,0,12,0
oshi-demo/oshi-core,oshi.driver.mac.net,NetStat,174,0,14,0,28,0,9,0,2,0
oshi-demo/oshi-core,oshi.util.tuples,Quartet,0,27,0,0,0,10,0,5,0,5
oshi-demo/oshi-core,oshi.util.tuples,Pair,0,15,0,0,0,6,0,3,0,3
oshi-demo/oshi-core,oshi.util.tuples,Quintet,0,33,0,0,0,12,0,6,0,6
oshi-demo/oshi-core,oshi.util.tuples,Triplet,0,21,0,0,0,8,0,4,0,4
oshi-demo/oshi-core,oshi.driver.unix.solaris.kstat,SystemPages,34,0,4,0,8,0,3,0,1,0
oshi-demo/oshi-core,oshi,PlatformEnum,0,74,0,0,0,8,0,1,0,1
oshi-demo/oshi-core,oshi,SystemInfo,87,53,21,5,21,15,18,7,0,7
oshi-demo/oshi-core,oshi.jna.platform.linux,LinuxLibc.Ut_Tv,3,0,0,0,1,0,1,0,1,0
oshi-demo/oshi-core,oshi.jna.platform.linux,LinuxLibc.Exit_status,3,0,0,0,1,0,1,0,1,0
oshi-demo/oshi-core,oshi.jna.platform.linux,LinuxLibc.LinuxUtmpx,27,0,0,0,7,0,1,0,1,0
oshi-demo/oshi-core,oshi.jna.platform.linux,LinuxLibc,6,0,0,0,1,0,1,0,1,0
oshi-demo/oshi-core,oshi.software.os.linux,LinuxOSProcess.ProcPidStat,125,0,0,0,7,0,3,0,3,0
oshi-demo/oshi-core,oshi.software.os.linux,LinuxOSProcess,546,0,16,0,101,0,39,0,31,0
oshi-demo/oshi-core,oshi.software.os.linux,LinuxInternetProtocolStats,242,0,24,0,61,0,25,0,7,0
oshi-demo/oshi-core,oshi.software.os.linux,LinuxFileSystem,399,0,48,0,87,0,32,0,8,0
oshi-demo/oshi-core,oshi.software.os.linux,LinuxOSThread,234,0,6,0,45,0,17,0,14,0
oshi-demo/oshi-core,oshi.software.os.linux,LinuxOSThread.ThreadPidStat,136,0,0,0,7,0,3,0,3,0
oshi-demo/oshi-core,oshi.software.os.linux,LinuxOperatingSystem,1192,0,186,0,235,0,124,0,31,0
oshi-demo/oshi-core,oshi.software.os.linux,LinuxNetworkParams,222,0,34,0,53,0,23,0,6,0
oshi-demo/oshi-core,oshi.software.os.linux,LinuxOSFileStore,119,0,6,0,31,0,13,0,10,0
oshi-demo/oshi-core,oshi.util.platform.linux,ProcPath,231,0,2,0,28,0,3,0,2,0
oshi-demo/oshi-core,oshi.util.platform.mac,SmcUtil.SMCKeyDataPLimitData,3,0,0,0,1,0,1,0,1,0
oshi-demo/oshi-core,oshi.util.platform.mac,SmcUtil.SMCKeyDataVers,3,0,0,0,1,0,1,0,1,0
oshi-demo/oshi-core,oshi.util.platform.mac,SmcUtil.SMCKeyDataKeyInfo,3,0,0,0,1,0,1,0,1,0
oshi-demo/oshi-core,oshi.util.platform.mac,SmcUtil.SMCVal,15,0,0,0,4,0,1,0,1,0
oshi-demo/oshi-core,oshi.util.platform.mac,SmcUtil.SMCKeyData,7,0,0,0,2,0,1,0,1,0
oshi-demo/oshi-core,oshi.util.platform.mac,SysctlUtil,147,0,10,0,27,0,10,0,5,0
oshi-demo/oshi-core,oshi.util.platform.mac,SmcUtil,323,0,32,0,66,0,24,0,8,0
oshi-demo/oshi-core,oshi.jna.platform.unix,CLibrary.Addrinfo.ByReference,3,0,0,0,1,0,1,0,1,0
oshi-demo/oshi-core,oshi.jna.platform.unix,CLibrary.Udpstat,3,0,0,0,1,0,1,0,1,0
oshi-demo/oshi-core,oshi.jna.platform.unix,CLibrary.Ipstat,3,0,0,0,1,0,1,0,1,0
oshi-demo/oshi-core,oshi.jna.platform.unix,CLibrary.Tcpstat,3,0,0,0,1,0,1,0,1,0
oshi-demo/oshi-core,oshi.jna.platform.unix,CLibrary.Sockaddr.ByReference,3,0,0,0,1,0,1,0,1,0
oshi-demo/oshi-core,oshi.jna.platform.unix,CLibrary.Addrinfo,9,0,0,0,5,0,2,0,2,0
oshi-demo/oshi-core,oshi.jna.platform.unix,CLibrary.Ip6stat,31,0,0,0,8,0,1,0,1,0
oshi-demo/oshi-core,oshi.jna.platform.unix,CLibrary.Sockaddr,7,0,0,0,2,0,1,0,1,0
oshi-demo/oshi-core,oshi.hardware.platform.unix.aix,AixBaseboard,55,0,6,0,10,0,8,0,5,0
oshi-demo/oshi-core,oshi.hardware.platform.unix.aix,AixVirtualMemory,55,0,0,0,10,0,7,0,7,0
oshi-demo/oshi-core,oshi.hardware.platform.unix.aix,AixGraphicsCard,117,0,24,0,25,0,14,0,2,0
oshi-demo/oshi-core,oshi.hardware.platform.unix.aix,AixComputerSystem,215,0,20,0,45,0,17,0,7,0
oshi-demo/oshi-core,oshi.hardware.platform.unix.aix,AixGlobalMemory,171,0,18,0,39,0,17,0,8,0
oshi-demo/oshi-core,oshi.hardware.platform.unix.aix,AixSensors,34,0,4,0,11,0,6,0,4,0
oshi-demo/oshi-core,oshi.hardware.platform.unix.aix,AixCentralProcessor,572,0,46,0,99,0,35,0,12,0
oshi-demo/oshi-core,oshi.hardware.platform.unix.aix,AixFirmware,21,0,0,0,8,0,4,0,4,0
oshi-demo/oshi-core,oshi.hardware.platform.unix.aix,AixNetworkIF,135,0,4,0,35,0,16,0,14,0
oshi-demo/oshi-core,oshi.hardware.platform.unix.aix,AixSoundCard,53,0,6,0,11,0,5,0,2,0
oshi-demo/oshi-core,oshi.hardware.platform.unix.aix,AixDisplay,13,0,0,0,4,0,2,0,2,0
oshi-demo/oshi-core,oshi.hardware.platform.unix.aix,AixUsbDevice,66,0,6,0,13,0,6,0,3,0
oshi-demo/oshi-core,oshi.hardware.platform.unix.aix,AixComputerSystem.LsattrStrings,51,0,12,0,8,0,7,0,1,0
oshi-demo/oshi-core,oshi.hardware.platform.unix.aix,AixPowerSource,26,0,0,0,3,0,2,0,2,0
oshi-demo/oshi-core,oshi.hardware.platform.unix.aix,AixHWDiskStore,260,0,16,0,50,0,21,0,13,0
oshi-demo/oshi-core,oshi.hardware.platform.unix.aix,AixHardwareAbstractionLayer,58,0,0,0,14,0,12,0,12,0
oshi-demo/oshi-core,oshi.driver.mac,ThreadInfo.ThreadStats,71,0,6,0,25,0,12,0,7,0
oshi-demo/oshi-core,oshi.driver.mac,Who,93,0,14,0,15,0,9,0,2,0
oshi-demo/oshi-core,oshi.driver.mac,ThreadInfo,105,0,6,0,17,0,6,0,3,0
oshi-demo/oshi-core,oshi.hardware.platform.unix.freebsd,FreeBsdUsbDevice,402,0,40,0,76,0,26,0,6,0
oshi-demo/oshi-core,oshi.hardware.platform.unix.freebsd,FreeBsdNetworkIF,128,0,2,0,29,0,14,0,13,0
oshi-demo/oshi-core,oshi.hardware.platform.unix.freebsd,FreeBsdSoundCard,138,0,18,0,26,0,11,0,2,0
oshi-demo/oshi-core,oshi.hardware.platform.unix.freebsd,FreeBsdHWDiskStore,315,0,14,0,60,0,18,0,11,0
oshi-demo/oshi-core,oshi.hardware.platform.unix.freebsd,FreeBsdPowerSource,298,0,32,0,69,0,19,0,3,0
oshi-demo/oshi-core,oshi.hardware.platform.unix.freebsd,FreeBsdGraphicsCard,263,0,48,0,46,0,26,0,2,0
oshi-demo/oshi-core,oshi.hardware.platform.unix.freebsd,FreeBsdCentralProcessor,745,0,72,0,147,0,52,0,15,0
oshi-demo/oshi-core,oshi.hardware.platform.unix.freebsd,FreeBsdHardwareAbstractionLayer,34,0,0,0,12,0,12,0,12,0
oshi-demo/oshi-core,oshi.hardware.platform.unix.freebsd,FreeBsdSensors,67,0,4,0,13,0,7,0,5,0
oshi-demo/oshi-core,oshi.hardware.platform.unix.freebsd,FreeBsdFirmware,112,0,14,0,23,0,12,0,5,0
oshi-demo/oshi-core,oshi.hardware.platform.unix.freebsd,FreeBsdDisplay,13,0,0,0,4,0,2,0,2,0
oshi-demo/oshi-core,oshi.hardware.platform.unix.freebsd,FreeBsdVirtualMemory,102,0,2,0,21,0,12,0,11,0
oshi-demo/oshi-core,oshi.hardware.platform.unix.freebsd,FreeBsdBaseboard,27,0,0,0,10,0,5,0,5,0
oshi-demo/oshi-core,oshi.hardware.platform.unix.freebsd,FreeBsdComputerSystem,191,0,24,0,38,0,20,0,8,0
oshi-demo/oshi-core,oshi.hardware.platform.unix.freebsd,FreeBsdGlobalMemory,79,0,0,0,16,0,9,0,9,0
oshi-demo/oshi-core,oshi.hardware.platform.linux,LinuxSensors,397,0,58,0,82,0,41,0,12,0
oshi-demo/oshi-core,oshi.hardware.platform.linux,LinuxFirmware,235,0,22,0,49,0,24,0,13,0
oshi-demo/oshi-core,oshi.hardware.platform.linux,LinuxComputerSystem,92,0,18,0,23,0,18,0,9,0
oshi-demo/oshi-core,oshi.hardware.platform.linux,LinuxHardwareAbstractionLayer,34,0,0,0,12,0,12,0,12,0
oshi-demo/oshi-core,oshi.hardware.platform.linux,LinuxGlobalMemory,147,0,11,0,34,0,16,0,8,0
oshi-demo/oshi-core,oshi.hardware.platform.linux,LinuxGraphicsCard,381,0,58,0,82,0,34,0,5,0
oshi-demo/oshi-core,oshi.hardware.platform.linux,LinuxFirmware.VcGenCmdStrings,18,0,0,0,7,0,1,0,1,0
oshi-demo/oshi-core,oshi.hardware.platform.linux,LinuxUsbDevice,362,0,26,0,74,0,19,0,6,0
oshi-demo/oshi-core,oshi.hardware.platform.linux,LinuxSoundCard,239,0,32,0,42,0,23,0,7,0
oshi-demo/oshi-core,oshi.hardware.platform.linux,LinuxHWDiskStore.UdevStat,81,0,0,0,6,0,3,0,3,0
oshi-demo/oshi-core,oshi.hardware.platform.linux,LinuxPowerSource,354,0,40,0,66,0,22,0,2,0
oshi-demo/oshi-core,oshi.hardware.platform.linux,LinuxCentralProcessor,895,0,121,0,174,0,77,0,13,0
oshi-demo/oshi-core,oshi.hardware.platform.linux,LinuxHWDiskStore,445,0,54,0,99,0,42,0,15,0
oshi-demo/oshi-core,oshi.hardware.platform.linux,LinuxVirtualMemory,215,0,21,0,47,0,22,0,10,0
oshi-demo/oshi-core,oshi.hardware.platform.linux,LinuxDisplay,83,0,12,0,24,0,9,0,3,0
oshi-demo/oshi-core,oshi.hardware.platform.linux,LinuxBaseboard,123,0,16,0,30,0,17,0,9,0
oshi-demo/oshi-core,oshi.hardware.platform.linux,LinuxNetworkIF,247,0,6,0,48,0,18,0,15,0
oshi-demo/oshi-core,oshi.hardware.platform.unix.solaris,SolarisGraphicsCard,239,0,42,0,45,0,23,0,2,0
oshi-demo/oshi-core,oshi.hardware.platform.unix.solaris,SolarisDisplay,13,0,0,0,4,0,2,0,2,0
oshi-demo/oshi-core,oshi.hardware.platform.unix.solaris,SolarisCentralProcessor,567,0,70,0,113,0,47,0,12,0
oshi-demo/oshi-core,oshi.hardware.platform.unix.solaris,SolarisComputerSystem,319,0,44,0,71,0,32,0,9,0
oshi-demo/oshi-core,oshi.hardware.platform.unix.solaris,SolarisBaseboard,27,0,0,0,10,0,5,0,5,0
oshi-demo/oshi-core,oshi.hardware.platform.unix.solaris,SolarisComputerSystem.SmbiosStrings,83,0,20,0,12,0,11,0,1,0
oshi-demo/oshi-core,oshi.hardware.platform.unix.solaris,SolarisFirmware,21,0,0,0,8,0,4,0,4,0
oshi-demo/oshi-core,oshi.hardware.platform.unix.solaris,SolarisHardwareAbstractionLayer,34,0,0,0,12,0,12,0,12,0
oshi-demo/oshi-core,oshi.hardware.platform.unix.solaris,SolarisPowerSource,296,0,34,0,66,0,21,0,4,0
oshi-demo/oshi-core,oshi.hardware.platform.unix.solaris,SolarisNetworkIF,131,0,8,0,33,0,17,0,13,0
oshi-demo/oshi-core,oshi.hardware.platform.unix.solaris,SolarisSoundCard,143,0,18,0,25,0,11,0,2,0
oshi-demo/oshi-core,oshi.hardware.platform.unix.solaris,SolarisHWDiskStore,231,0,10,0,49,0,17,0,12,0
oshi-demo/oshi-core,oshi.hardware.platform.unix.solaris,SolarisGlobalMemory,60,0,0,0,11,0,7,0,7,0
oshi-demo/oshi-core,oshi.hardware.platform.unix.solaris,SolarisUsbDevice,382,0,38,0,72,0,25,0,6,0
oshi-demo/oshi-core,oshi.hardware.platform.unix.solaris,SolarisSensors,124,0,18,0,27,0,13,0,4,0
oshi-demo/oshi-core,oshi.hardware.platform.unix.solaris,SolarisVirtualMemory,181,0,6,0,34,0,14,0,11,0
oshi-demo/oshi-core,oshi.jna.platform.unix.solaris,SolarisLibc,6,0,0,0,1,0,1,0,1,0
oshi-demo/oshi-core,oshi.jna.platform.unix.solaris,SolarisLibc.Timeval,3,0,0,0,1,0,1,0,1,0
oshi-demo/oshi-core,oshi.jna.platform.unix.solaris,SolarisLibc.Exit_status,3,0,0,0,1,0,1,0,1,0
oshi-demo/oshi-core,oshi.jna.platform.unix.solaris,SolarisLibc.SolarisUtmpx,19,0,0,0,5,0,1,0,1,0
oshi-demo/oshi-core,oshi.software.os.unix.solaris,SolarisInternetProtocolStats,354,0,36,0,78,0,32,0,8,0
oshi-demo/oshi-core,oshi.software.os.unix.solaris,SolarisOSProcess,579,0,54,0,129,0,62,0,33,0
oshi-demo/oshi-core,oshi.software.os.unix.solaris,SolarisNetworkParams,30,0,2,0,8,0,6,0,5,0
oshi-demo/oshi-core,oshi.software.os.unix.solaris,SolarisOSThread,192,0,8,0,38,0,17,0,13,0
oshi-demo/oshi-core,oshi.software.os.unix.solaris,SolarisOSFileStore,118,0,6,0,31,0,13,0,10,0
oshi-demo/oshi-core,oshi.software.os.unix.solaris,SolarisFileSystem,356,0,64,0,69,0,39,0,7,0
oshi-demo/oshi-core,oshi.software.os.unix.solaris,SolarisOperatingSystem,448,0,62,0,89,0,53,0,22,0
oshi-demo/oshi-core,oshi.driver.mac.disk,Fsstat,64,0,2,0,8,0,2,0,1,0
oshi-demo/oshi-core,oshi.driver.mac.disk,Diskutil,73,0,12,0,19,0,7,0,1,0
oshi-demo/oshi-core,oshi.jna.platform.mac,SystemB.MacUtmpx,23,0,0,0,6,0,1,0,1,0
oshi-demo/oshi-core,oshi.jna.platform.mac,IOKit,6,0,0,0,1,0,1,0,1,0
oshi-demo/oshi-core,oshi.jna.platform.mac,SystemB,6,0,0,0,1,0,1,0,1,0
oshi-demo/oshi-core,oshi.software.common,AbstractOperatingSystem.FamilyVersionInfo,9,0,0,0,4,0,1,0,1,0
oshi-demo/oshi-core,oshi.software.common,AbstractOSProcess,110,0,8,0,19,0,12,0,8,0
oshi-demo/oshi-core,oshi.software.common,AbstractOperatingSystem,244,0,24,0,63,0,29,0,14,0
oshi-demo/oshi-core,oshi.software.common,AbstractOSFileStore,119,0,0,0,21,0,9,0,9,0
oshi-demo/oshi-core,oshi.software.common,AbstractNetworkParams,184,0,20,0,38,0,17,0,7,0
oshi-demo/oshi-core,oshi.software.common,AbstractFileSystem,228,0,0,0,4,0,3,0,3,0
oshi-demo/oshi-core,oshi.software.common,AbstractOSThread,168,0,10,0,23,0,17,0,12,0
oshi-demo/oshi-core,oshi.hardware,PhysicalMemory,0,102,0,0,0,19,0,7,0,7
oshi-demo/oshi-core,oshi.hardware,CentralProcessor.TickType,0,103,0,0,0,13,0,3,0,3
oshi-demo/oshi-core,oshi.hardware,HWPartition,0,121,0,2,0,26,0,11,0,10
oshi-demo/oshi-core,oshi.hardware,CentralProcessor.LogicalProcessor,8,41,0,0,2,14,1,7,1,7
oshi-demo/oshi-core,oshi.hardware,CentralProcessor.ProcessorIdentifier,41,213,14,12,9,52,14,13,1,13
oshi-demo/oshi-core,oshi.hardware,PowerSource.CapacityUnits,0,34,0,0,0,4,0,1,0,1
