GROUP,PACKAGE,CLASS,INSTRUCTION_MISSED,INSTRUCTION_COVERED,BRANCH_MISSED,BRANCH_COVERED,LINE_MISSED,LINE_COVERED,COMPLEXITY_MISSED,COMPLEXITY_COVERED,METHOD_MISSED,METHOD_COVERED
oshi-dist/oshi-core,oshi.jna.platform.windows,Cfgmgr32,7,0,0,0,1,0,1,0,1,0
oshi-dist/oshi-core,oshi.jna.platform.windows,PowrProf.SystemBatteryState,55,0,0,0,3,0,2,0,2,0
oshi-dist/oshi-core,oshi.jna.platform.windows,Kernel32,7,0,0,0,1,0,1,0,1,0
oshi-dist/oshi-core,oshi.jna.platform.windows,IPHlpAPI.MIB_IFROW,115,0,0,0,5,0,2,0,2,0
oshi-dist/oshi-core,oshi.jna.platform.windows,PowrProf,6,0,0,0,1,0,1,0,1,0
oshi-dist/oshi-core,oshi.jna.platform.windows,Psapi,6,0,0,0,1,0,1,0,1,0
oshi-dist/oshi-core,oshi.jna.platform.windows,IPHlpAPI.MIB_IFROW2,187,0,0,0,6,0,2,0,2,0
oshi-dist/oshi-core,oshi.jna.platform.windows,IPHlpAPI,6,0,0,0,1,0,1,0,1,0
oshi-dist/oshi-core,oshi.jna.platform.windows,Ole32,7,0,0,0,1,0,1,0,1,0
oshi-dist/oshi-core,oshi.jna.platform.windows,Psapi.PERFORMANCE_INFORMATION,63,0,0,0,2,0,2,0,2,0
oshi-dist/oshi-core,oshi.util.platform.windows,WmiUtil.ValueType,68,0,0,0,2,0,4,0,4,0
oshi-dist/oshi-core,oshi.util.platform.windows,WmiUtil.new Object() {...},40,0,0,0,1,0,1,0,1,0
oshi-dist/oshi-core,oshi.util.platform.windows,WmiUtil,832,0,94,0,147,0,63,0,14,0
oshi-dist/oshi-core,oshi.hardware.platform.windows,WindowsDisplay,118,0,8,0,25,0,7,0,3,0
oshi-dist/oshi-core,oshi.hardware.platform.windows,WindowsSensors,474,0,60,0,99,0,34,0,4,0
oshi-dist/oshi-core,oshi.hardware.platform.windows,WindowsPowerSource,90,0,10,0,17,0,8,0,3,0
oshi-dist/oshi-core,oshi.hardware.platform.windows,WindowsCentralProcessor,503,0,34,0,84,0,26,0,9,0
oshi-dist/oshi-core,oshi.hardware.platform.windows,WindowsHardwareAbstractionLayer,53,0,6,0,15,0,12,0,9,0
oshi-dist/oshi-core,oshi.hardware.platform.windows,WindowsUsbDevice,536,0,38,0,102,0,27,0,8,0
oshi-dist/oshi-core,oshi.hardware.platform.windows,WindowsNetworks,56,0,2,0,14,0,4,0,3,0
oshi-dist/oshi-core,oshi.hardware.platform.windows,WindowsGlobalMemory,118,0,6,0,20,0,7,0,4,0
oshi-dist/oshi-core,oshi.hardware.platform.windows,WindowsDisks,665,0,26,0,87,0,19,0,6,0
oshi-dist/oshi-core,oshi.software.os,OperatingSystem.ProcessSort,88,0,0,0,2,0,4,0,4,0
oshi-dist/oshi-core,oshi.software.os,OSProcess.State,88,0,0,0,8,0,4,0,4,0
oshi-dist/oshi-core,oshi.software.os,OSFileStore,83,0,0,0,34,0,17,0,17,0
oshi-dist/oshi-core,oshi.hardware.common,AbstractUsbDevice,156,0,8,0,26,0,14,0,10,0
oshi-dist/oshi-core,oshi.hardware.common,AbstractPowerSource,21,0,0,0,8,0,4,0,4,0
oshi-dist/oshi-core,oshi.hardware.common,AbstractGlobalMemory,40,0,2,0,14,0,6,0,5,0
oshi-dist/oshi-core,oshi.hardware.common,AbstractCentralProcessor,712,0,68,0,153,0,63,0,29,0
oshi-dist/oshi-core,oshi.hardware.common,AbstractDisks,3,0,0,0,1,0,1,0,1,0
oshi-dist/oshi-core,oshi.hardware.common,AbstractSensors,3,0,0,0,1,0,1,0,1,0
oshi-dist/oshi-core,oshi.hardware.common,AbstractHardwareAbstractionLayer,3,0,0,0,1,0,1,0,1,0
oshi-dist/oshi-core,oshi.hardware.common,AbstractNetworks,64,0,6,0,15,0,6,0,3,0
oshi-dist/oshi-core,oshi.hardware.common,AbstractDisplay,17,0,0,0,5,0,3,0,3,0
oshi-dist/oshi-core,oshi.software.os.windows,WindowsOSSystemInfo,61,0,4,0,19,0,6,0,4,0
oshi-dist/oshi-core,oshi.software.os.windows,WindowsOperatingSystem,303,0,8,0,43,0,13,0,9,0
oshi-dist/oshi-core,oshi.software.os.windows,WindowsProcess,70,0,7,0,28,0,7,0,1,0
oshi-dist/oshi-core,oshi.software.os.windows,WindowsFileSystem,428,0,26,0,74,0,22,0,7,0
oshi-dist/oshi-core,oshi.software.os.windows,WindowsOSVersionInfoEx,581,0,148,0,126,0,86,0,12,0
oshi-dist/oshi-core,oshi.util.platform.unix.solaris,KstatUtil,318,0,48,0,60,0,35,0,7,0
oshi-dist/oshi-core,oshi.util.platform.unix.solaris,KstatUtil.new Thread() {...},8,0,0,0,3,0,2,0,2,0
oshi-dist/oshi-core,oshi.software.os.mac,MacProcess,70,0,7,0,28,0,7,0,1,0
oshi-dist/oshi-core,oshi.software.os.mac,MacOSVersionInfoEx,74,0,18,0,24,0,18,0,3,0
oshi-dist/oshi-core,oshi.software.os.mac,MacOperatingSystem,269,0,20,0,47,0,17,0,7,0
oshi-dist/oshi-core,oshi.software.os.mac,MacFileSystem,243,0,34,0,58,0,22,0,5,0
oshi-dist/oshi-core,oshi,SystemInfo.new Object() {...},40,0,0,0,1,0,1,0,1,0
oshi-dist/oshi-core,oshi,PlatformEnum,78,0,0,0,7,0,4,0,4,0
oshi-dist/oshi-core,oshi,SystemInfo,145,0,26,0,44,0,22,0,5,0
oshi-dist/oshi-core,oshi.jna.platform.linux,Udev.UdevDevice,7,0,0,0,4,0,2,0,2,0
oshi-dist/oshi-core,oshi.jna.platform.linux,Libc.Sysinfo,67,0,0,0,4,0,2,0,2,0
oshi-dist/oshi-core,oshi.jna.platform.linux,Udev,6,0,0,0,1,0,1,0,1,0
oshi-dist/oshi-core,oshi.jna.platform.linux,Udev.UdevHandle,7,0,0,0,4,0,2,0,2,0
oshi-dist/oshi-core,oshi.jna.platform.linux,Udev.UdevListEntry,7,0,0,0,4,0,2,0,2,0
oshi-dist/oshi-core,oshi.jna.platform.linux,Udev.UdevEnumerate,7,0,0,0,4,0,2,0,2,0
oshi-dist/oshi-core,oshi.jna.platform.linux,Libc,6,0,0,0,1,0,1,0,1,0
oshi-dist/oshi-core,oshi.software.os.linux,LinuxOperatingSystem.new FilenameFilter() {...},31,0,12,0,3,0,8,0,2,0
oshi-dist/oshi-core,oshi.software.os.linux,LinuxFileSystem,370,0,38,0,55,0,26,0,7,0
oshi-dist/oshi-core,oshi.software.os.linux,LinuxOSVersionInfoEx,470,0,90,0,101,0,54,0,9,0
oshi-dist/oshi-core,oshi.software.os.linux,LinuxProcess,222,0,20,0,60,0,15,0,3,0
oshi-dist/oshi-core,oshi.software.os.linux,LinuxOperatingSystem,983,0,211,0,170,0,146,0,16,0
oshi-dist/oshi-core,oshi.util.platform.linux,ProcUtil.new FileFilter() {...},13,0,0,0,2,0,2,0,2,0
oshi-dist/oshi-core,oshi.util.platform.linux,ProcUtil,41,0,4,0,11,0,5,0,3,0
oshi-dist/oshi-core,oshi.util.platform.unix.freebsd,BsdSysctlUtil,150,0,10,0,28,0,11,0,6,0
oshi-dist/oshi-core,oshi.util.platform.mac,SysctlUtil,150,0,10,0,28,0,11,0,6,0
oshi-dist/oshi-core,oshi.util.platform.mac,CfUtil.CFNumberType,198,0,0,0,2,0,4,0,4,0
oshi-dist/oshi-core,oshi.util.platform.mac,IOKitUtil,251,0,38,0,76,0,32,0,13,0
oshi-dist/oshi-core,oshi.util.platform.mac,SmcUtil,311,0,28,0,76,0,24,0,10,0
oshi-dist/oshi-core,oshi.util.platform.mac,CfUtil,87,0,4,0,21,0,11,0,9,0
oshi-dist/oshi-core,oshi.jna.platform.unix,LibC,12,0,0,0,3,0,1,0,1,0
oshi-dist/oshi-core,oshi.jna.platform.unix,LibC.Timeval,15,0,0,0,2,0,2,0,2,0
oshi-dist/oshi-core,oshi.jna.platform.unix,LibC.CpTime,15,0,0,0,3,0,2,0,2,0
oshi-dist/oshi-core,oshi.software.os.unix.freebsd,FreeBsdOSVersionInfoEx,34,0,0,0,7,0,1,0,1,0
oshi-dist/oshi-core,oshi.software.os.unix.freebsd,FreeBsdProcess,82,0,8,0,26,0,7,0,1,0
oshi-dist/oshi-core,oshi.software.os.unix.freebsd,FreeBsdOperatingSystem,283,0,18,0,62,0,16,0,7,0
oshi-dist/oshi-core,oshi.software.os.unix.freebsd,FreeBsdFileSystem,311,0,40,0,52,0,25,0,5,0
oshi-dist/oshi-core,oshi.hardware.platform.unix.freebsd,FreeBsdNetworks,53,0,2,0,10,0,3,0,2,0
oshi-dist/oshi-core,oshi.hardware.platform.unix.freebsd,FreeBsdUsbDevice,419,0,40,0,82,0,27,0,7,0
oshi-dist/oshi-core,oshi.hardware.platform.unix.freebsd,FreeBsdDisplay,88,0,12,0,25,0,9,0,3,0
oshi-dist/oshi-core,oshi.hardware.platform.unix.freebsd,FreeBsdDisks,463,0,60,0,105,0,34,0,4,0
oshi-dist/oshi-core,oshi.hardware.platform.unix.freebsd,FreeBsdCentralProcessor,537,0,60,0,105,0,39,0,9,0
oshi-dist/oshi-core,oshi.hardware.platform.unix.freebsd,FreeBsdHardwareAbstractionLayer,53,0,6,0,15,0,12,0,9,0
oshi-dist/oshi-core,oshi.hardware.platform.unix.freebsd,FreeBsdSensors,70,0,4,0,18,0,6,0,4,0
oshi-dist/oshi-core,oshi.hardware.platform.unix.freebsd,FreeBsdGlobalMemory,69,0,4,0,16,0,6,0,4,0
oshi-dist/oshi-core,oshi.hardware.platform.unix.freebsd,FreeBsdPowerSource,57,0,4,0,11,0,5,0,3,0
oshi-dist/oshi-core,oshi.hardware.platform.linux,LinuxGlobalMemory,233,0,50,0,49,0,36,0,4,0
oshi-dist/oshi-core,oshi.hardware.platform.linux,LinuxPowerSource,255,0,50,0,56,0,28,0,3,0
oshi-dist/oshi-core,oshi.hardware.platform.linux,LinuxSensors,286,0,26,0,48,0,18,0,5,0
oshi-dist/oshi-core,oshi.hardware.platform.linux,LinuxDisplay,88,0,12,0,25,0,9,0,3,0
oshi-dist/oshi-core,oshi.hardware.platform.linux,LinuxSensors.new FileFilter() {...},24,0,4,0,2,0,4,0,2,0
oshi-dist/oshi-core,oshi.hardware.platform.linux,LinuxNetworks,74,0,0,0,12,0,2,0,2,0
oshi-dist/oshi-core,oshi.hardware.platform.linux,LinuxUsbDevice,382,0,26,0,78,0,20,0,7,0
oshi-dist/oshi-core,oshi.hardware.platform.linux,LinuxCentralProcessor,652,0,120,0,138,0,74,0,9,0
oshi-dist/oshi-core,oshi.hardware.platform.linux,LinuxHardwareAbstractionLayer,53,0,6,0,15,0,12,0,9,0
oshi-dist/oshi-core,oshi.hardware.platform.linux,LinuxDisks,353,0,30,0,71,0,20,0,5,0
oshi-dist/oshi-core,oshi.hardware.platform.linux,LinuxBlockDevStats,92,0,0,0,16,0,1,0,1,0
oshi-dist/oshi-core,oshi.hardware.platform.unix.solaris,SolarisUsbDevice,387,0,38,0,74,0,26,0,7,0
oshi-dist/oshi-core,oshi.hardware.platform.unix.solaris,SolarisPowerSource,173,0,28,0,34,0,17,0,3,0
oshi-dist/oshi-core,oshi.hardware.platform.unix.solaris,SolarisNetworks,40,0,4,0,9,0,4,0,2,0
oshi-dist/oshi-core,oshi.hardware.platform.unix.solaris,SolarisSensors,130,0,18,0,30,0,13,0,4,0
oshi-dist/oshi-core,oshi.hardware.platform.unix.solaris,SolarisCentralProcessor,376,0,52,0,85,0,35,0,9,0
oshi-dist/oshi-core,oshi.hardware.platform.unix.solaris,SolarisDisks,676,0,95,0,150,0,59,0,3,0
oshi-dist/oshi-core,oshi.hardware.platform.unix.solaris,SolarisDisplay,88,0,12,0,25,0,9,0,3,0
oshi-dist/oshi-core,oshi.hardware.platform.unix.solaris,SolarisGlobalMemory,70,0,6,0,14,0,7,0,4,0
oshi-dist/oshi-core,oshi.hardware.platform.unix.solaris,SolarisHardwareAbstractionLayer,53,0,6,0,15,0,12,0,9,0
oshi-dist/oshi-core,oshi.hardware.platform.mac,MacHardwareAbstractionLayer,53,0,6,0,15,0,12,0,9,0
oshi-dist/oshi-core,oshi.hardware.platform.mac,MacSensors,142,0,16,0,32,0,12,0,4,0
oshi-dist/oshi-core,oshi.hardware.platform.mac,MacDisplay,96,0,6,0,24,0,6,0,3,0
oshi-dist/oshi-core,oshi.hardware.platform.mac,MacNetworks,201,0,12,0,45,0,10,0,4,0
oshi-dist/oshi-core,oshi.hardware.platform.mac,MacDisks,636,0,42,0,168,0,24,0,3,0
oshi-dist/oshi-core,oshi.hardware.platform.mac,MacSensors.new Thread() {...},9,0,0,0,3,0,2,0,2,0
oshi-dist/oshi-core,oshi.hardware.platform.mac,MacCentralProcessor,346,0,30,0,68,0,24,0,9,0
oshi-dist/oshi-core,oshi.hardware.platform.mac,MacPowerSource,126,0,10,0,29,0,8,0,3,0
oshi-dist/oshi-core,oshi.hardware.platform.mac,MacGlobalMemory,146,0,12,0,33,0,10,0,4,0
oshi-dist/oshi-core,oshi.hardware.platform.mac,MacNetworks.IFdata,18,0,0,0,7,0,1,0,1,0
oshi-dist/oshi-core,oshi.hardware.platform.mac,MacUsbDevice,625,0,40,0,115,0,28,0,8,0
oshi-dist/oshi-core,oshi.jna.platform.unix.solaris,LibKstat.KstatNamed.UNION.STR,15,0,0,0,2,0,2,0,2,0
oshi-dist/oshi-core,oshi.jna.platform.unix.solaris,LibKstat.KstatCtl,19,0,0,0,2,0,2,0,2,0
oshi-dist/oshi-core,oshi.jna.platform.unix.solaris,LibKstat.KstatNamed,62,0,5,0,19,0,8,0,4,0
oshi-dist/oshi-core,oshi.jna.platform.unix.solaris,LibKstat,6,0,0,0,1,0,1,0,1,0
oshi-dist/oshi-core,oshi.jna.platform.unix.solaris,LibKstat.KstatTimer,43,0,0,0,3,0,2,0,2,0
oshi-dist/oshi-core,oshi.jna.platform.unix.solaris,LibKstat.Kstat,108,0,2,0,11,0,4,0,3,0
oshi-dist/oshi-core,oshi.jna.platform.unix.solaris,LibKstat.KstatNamed.UNION,7,0,0,0,2,0,1,0,1,0
oshi-dist/oshi-core,oshi.jna.platform.unix.solaris,LibKstat.KstatIntr,15,0,0,0,3,0,2,0,2,0
oshi-dist/oshi-core,oshi.jna.platform.unix.solaris,LibKstat.KstatIO,61,0,0,0,6,0,3,0,3,0
oshi-dist/oshi-core,oshi.software.os.unix.solaris,SolarisOSVersionInfoEx,27,0,2,0,8,0,2,0,1,0
oshi-dist/oshi-core,oshi.software.os.unix.solaris,SolarisOperatingSystem,250,0,16,0,54,0,15,0,7,0
oshi-dist/oshi-core,oshi.software.os.unix.solaris,SolarisFileSystem,267,0,40,0,44,0,25,0,5,0
oshi-dist/oshi-core,oshi.software.os.unix.solaris,SolarisProcess,77,0,8,0,26,0,7,0,1,0
oshi-dist/oshi-core,oshi.jna.platform.windows.COM,WbemLocator,102,0,2,0,14,0,5,0,4,0
oshi-dist/oshi-core,oshi.jna.platform.windows.COM,EnumWbemClassObject,35,0,0,0,5,0,2,0,2,0
oshi-dist/oshi-core,oshi.jna.platform.windows.COM,WbemServices,39,0,0,0,5,0,2,0,2,0
oshi-dist/oshi-core,oshi.jna.platform.windows.COM,WbemClassObject,39,0,0,0,5,0,2,0,2,0
oshi-dist/oshi-core,oshi.jna.platform.mac,CoreFoundation.CFStringRef,19,0,0,0,4,0,2,0,2,0
oshi-dist/oshi-core,oshi.jna.platform.mac,DiskArbitration.DADiskRef,3,0,0,0,1,0,1,0,1,0
oshi-dist/oshi-core,oshi.jna.platform.mac,CoreFoundation.CFDataRef,3,0,0,0,1,0,1,0,1,0
oshi-dist/oshi-core,oshi.jna.platform.mac,IOKit.IOConnect,3,0,0,0,1,0,1,0,1,0
oshi-dist/oshi-core,oshi.jna.platform.mac,IOKit.MachPort,3,0,0,0,1,0,1,0,1,0
oshi-dist/oshi-core,oshi.jna.platform.mac,DiskArbitration.DASessionRef,3,0,0,0,1,0,1,0,1,0
oshi-dist/oshi-core,oshi.jna.platform.mac,IOKit.SMCKeyData,47,0,0,0,3,0,2,0,2,0
oshi-dist/oshi-core,oshi.jna.platform.mac,SystemB.IFdata64,107,0,0,0,2,0,2,0,2,0
oshi-dist/oshi-core,oshi.jna.platform.mac,CoreFoundation.CFDictionaryRef,3,0,0,0,1,0,1,0,1,0
oshi-dist/oshi-core,oshi.jna.platform.mac,IOKit.SMCKeyDataKeyInfo,19,0,0,0,2,0,2,0,2,0
oshi-dist/oshi-core,oshi.jna.platform.mac,SystemB.ProcTaskInfo,79,0,0,0,2,0,2,0,2,0
oshi-dist/oshi-core,oshi.jna.platform.mac,IOKit.SMCKeyDataVers,31,0,0,0,3,0,2,0,2,0
oshi-dist/oshi-core,oshi.jna.platform.mac,IOKit.SMCVal,35,0,0,0,5,0,2,0,2,0
oshi-dist/oshi-core,oshi.jna.platform.mac,SystemB.IFdata,123,0,0,0,2,0,2,0,2,0
oshi-dist/oshi-core,oshi.jna.platform.mac,CoreFoundation.CFNumberRef,3,0,0,0,1,0,1,0,1,0
oshi-dist/oshi-core,oshi.jna.platform.mac,DiskArbitration,6,0,0,0,1,0,1,0,1,0
oshi-dist/oshi-core,oshi.jna.platform.mac,SystemB.ProcBsdInfo,103,0,0,0,4,0,2,0,2,0
oshi-dist/oshi-core,oshi.jna.platform.mac,CoreFoundation,6,0,0,0,1,0,1,0,1,0
oshi-dist/oshi-core,oshi.jna.platform.mac,IOKit,18,0,0,0,5,0,1,0,1,0
oshi-dist/oshi-core,oshi.jna.platform.mac,SystemB.ProcTaskAllInfo,15,0,0,0,2,0,2,0,2,0
oshi-dist/oshi-core,oshi.jna.platform.mac,SystemB,6,0,0,0,1,0,1,0,1,0
oshi-dist/oshi-core,oshi.jna.platform.mac,CoreFoundation.CFAllocatorRef,3,0,0,0,1,0,1,0,1,0
oshi-dist/oshi-core,oshi.jna.platform.mac,CoreFoundation.CFTypeRef,3,0,0,0,1,0,1,0,1,0
oshi-dist/oshi-core,oshi.jna.platform.mac,SystemB.Timeval,15,0,0,0,2,0,2,0,2,0
oshi-dist/oshi-core,oshi.jna.platform.mac,SystemB.IFmsgHdr,39,0,0,0,5,0,3,0,3,0
oshi-dist/oshi-core,oshi.jna.platform.mac,IOKit.SMCKeyDataPLimitData,27,0,0,0,2,0,2,0,2,0
oshi-dist/oshi-core,oshi.jna.platform.mac,CoreFoundation.CFArrayRef,3,0,0,0,1,0,1,0,1,0
oshi-dist/oshi-core,oshi.jna.platform.mac,CoreFoundation.CFBooleanRef,3,0,0,0,1,0,1,0,1,0
oshi-dist/oshi-core,oshi.jna.platform.mac,SystemB.IFmsgHdr2,52,0,0,0,3,0,2,0,2,0
oshi-dist/oshi-core,oshi.jna.platform.mac,SystemB.Statfs,91,0,0,0,7,0,2,0,2,0
oshi-dist/oshi-core,oshi.jna.platform.mac,SystemB.XswUsage,27,0,0,0,3,0,2,0,2,0
oshi-dist/oshi-core,oshi.jna.platform.mac,CoreFoundation.CFMutableDictionaryRef,3,0,0,0,1,0,1,0,1,0
oshi-dist/oshi-core,oshi.util,Util,46,0,2,0,15,0,5,0,4,0
oshi-dist/oshi-core,oshi.util,EdidUtil,566,0,21,0,66,0,33,0,20,0
oshi-dist/oshi-core,oshi.util,ParseUtil,500,0,44,0,104,0,41,0,19,0
oshi-dist/oshi-core,oshi.util,ExecutingCommand,129,0,14,0,25,0,13,0,6,0
oshi-dist/oshi-core,oshi.util,FormatUtil,343,0,32,0,50,0,25,0,9,0
oshi-dist/oshi-core,oshi.util,FileUtil,154,0,14,0,40,0,15,0,8,0
oshi-dist/oshi-core,oshi.software.common,AbstractOperatingSystem.new Comparator() {...},11,0,0,0,2,0,2,0,2,0
oshi-dist/oshi-core,oshi.software.common,AbstractOperatingSystem.new Comparator() {...},9,0,0,0,2,0,2,0,2,0
oshi-dist/oshi-core,oshi.software.common,AbstractOperatingSystem.new Comparator() {...},9,0,0,0,2,0,2,0,2,0
oshi-dist/oshi-core,oshi.software.common,AbstractOperatingSystem.new Comparator() {...},9,0,0,0,2,0,2,0,2,0
oshi-dist/oshi-core,oshi.software.common,AbstractOperatingSystem.new Object() {...},54,0,0,0,1,0,1,0,1,0
oshi-dist/oshi-core,oshi.software.common,AbstractOperatingSystem.new Comparator() {...},9,0,0,0,2,0,2,0,2,0
oshi-dist/oshi-core,oshi.software.common,AbstractOperatingSystem.new Comparator() {...},9,0,0,0,2,0,2,0,2,0
oshi-dist/oshi-core,oshi.software.common,AbstractOperatingSystem.new Comparator() {...},25,0,0,0,3,0,2,0,2,0
oshi-dist/oshi-core,oshi.software.common,AbstractOperatingSystem,141,0,16,0,38,0,18,0,7,0
oshi-dist/oshi-core,oshi.software.common,AbstractProcess,57,0,2,0,16,0,15,0,14,0
oshi-dist/oshi-core,oshi.software.common,AbstractFileSystem,3,0,0,0,1,0,1,0,1,0
oshi-dist/oshi-core,oshi.software.common,AbstractOSVersionInfoEx,69,0,8,0,18,0,12,0,8,0
oshi-dist/oshi-core,oshi.hardware,HWPartition,100,0,0,0,37,0,19,0,19,0
oshi-dist/oshi-core,oshi.hardware,NetworkIF,229,0,18,0,64,0,32,0,21,0
oshi-dist/oshi-core,oshi.hardware,CentralProcessor.TickType,101,0,0,0,12,0,5,0,5,0
oshi-dist/oshi-core,oshi.hardware,NetworkIF.new Object() {...},40,0,0,0,1,0,1,0,1,0
oshi-dist/oshi-core,oshi.hardware,HWDiskStore,123,0,0,0,45,0,23,0,23,0
oshi-dist/oshi-json,oshi.json.software.os,OSFileStore,180,0,16,0,46,0,26,0,18,0
oshi-dist/oshi-json,oshi.json.util,PropertiesUtil,163,0,24,0,27,0,19,0,7,0
oshi-dist/oshi-json,oshi.json.util,JsonUtil,32,0,0,0,9,0,2,0,2,0
oshi-dist/oshi-json,oshi.json,SystemInfo,90,0,10,0,21,0,10,0,5,0
oshi-dist/oshi-json,oshi.json.hardware,NetworkIF.new Object() {...},40,0,0,0,1,0,1,0,1,0
oshi-dist/oshi-json,oshi.json.hardware,NetworkIF,291,0,32,0,72,0,40,0,22,0
oshi-dist/oshi-json,oshi.json.hardware,HWPartition,200,0,16,0,49,0,27,0,19,0
oshi-dist/oshi-json,oshi.json.hardware,HWDiskStore,422,0,28,0,76,0,36,0,22,0
oshi-dist/oshi-json,oshi.json.software.os.impl,OSProcessImpl,201,0,26,0,45,0,28,0,15,0
oshi-dist/oshi-json,oshi.json.software.os.impl,OperatingSystemVersionImpl,79,0,6,0,22,0,12,0,9,0
oshi-dist/oshi-json,oshi.json.software.os.impl,FileSystemImpl,139,0,10,0,24,0,10,0,5,0
oshi-dist/oshi-json,oshi.json.software.os.impl,OperatingSystemImpl,217,0,20,0,42,0,22,0,12,0
oshi-dist/oshi-json,oshi.json.hardware.impl,UsbDeviceImpl,159,0,18,0,33,0,18,0,9,0
oshi-dist/oshi-json,oshi.json.hardware.impl,DisplayImpl,37,0,2,0,10,0,5,0,4,0
oshi-dist/oshi-json,oshi.json.hardware.impl,HardwareAbstractionLayerImpl,576,0,44,0,87,0,32,0,10,0
oshi-dist/oshi-json,oshi.json.hardware.impl,GlobalMemoryImpl,74,0,8,0,18,0,10,0,6,0
oshi-dist/oshi-json,oshi.json.hardware.impl,PowerSourceImpl,60,0,6,0,15,0,8,0,5,0
oshi-dist/oshi-json,oshi.json.hardware.impl,SensorsImpl,85,0,8,0,18,0,9,0,5,0
oshi-dist/oshi-json,oshi.json.hardware.impl,CentralProcessorImpl,445,0,46,0,93,0,53,0,30,0
oshi-dist/oshi-json,oshi.json.json,AbstractOshiJsonObject,44,0,0,0,10,0,7,0,7,0
oshi-dist/oshi-json,oshi.json.json,NullAwareJsonObjectBuilder,157,0,14,0,41,0,21,0,14,0
