GROUP,PACKAGE,CLASS,INSTRUCTION_MISSED,INSTRUCTION_COVERED,BRANCH_MISSED,BRANCH_COVERED,LINE_MISSED,LINE_COVERED,COMPLEXITY_MISSED,COMPLEXITY_COVERED,METHOD_MISSED,METHOD_COVERED
oshi-dist/oshi-core,oshi.driver.windows,EnumWindows,122,0,14,0,26,0,11,0,4,0
oshi-dist/oshi-core,oshi.driver.windows,DeviceTree,259,0,18,0,48,0,13,0,4,0
oshi-dist/oshi-core,oshi.driver.windows,LogicalProcessorInformation,553,0,49,0,90,0,36,0,10,0
oshi-dist/oshi-core,oshi.util.platform.windows,PerfCounterQuery,289,0,27,0,58,0,21,0,6,0
oshi-dist/oshi-core,oshi.util.platform.windows,PerfDataUtil.PerfCounter,76,0,4,0,20,0,8,0,6,0
oshi-dist/oshi-core,oshi.util.platform.windows,PerfCounterQueryHandler,201,0,26,0,55,0,21,0,8,0
oshi-dist/oshi-core,oshi.util.platform.windows,PerfDataUtil,255,0,36,0,53,0,27,0,9,0
oshi-dist/oshi-core,oshi.util.platform.windows,WmiQueryHandler,294,0,37,0,79,0,35,0,15,0
oshi-dist/oshi-core,oshi.util.platform.windows,WmiUtil,556,0,38,0,67,0,32,0,13,0
oshi-dist/oshi-core,oshi.util.platform.windows,PerfCounterWildcardQuery,368,0,37,0,72,0,25,0,5,0
oshi-dist/oshi-core,oshi.driver.unix.solaris,PsInfo,470,0,44,0,78,0,31,0,9,0
oshi-dist/oshi-core,oshi.driver.unix.solaris,Who,84,0,14,0,15,0,9,0,2,0
oshi-dist/oshi-core,oshi.software.os,OSService,21,0,0,0,8,0,4,0,4,0
oshi-dist/oshi-core,oshi.software.os,OSService.State,21,0,0,0,2,0,1,0,1,0
oshi-dist/oshi-core,oshi.software.os,OSThread.ThreadFiltering,12,0,2,0,1,0,3,0,2,0
oshi-dist/oshi-core,oshi.software.os,OSThread,12,0,0,0,6,0,6,0,6,0
oshi-dist/oshi-core,oshi.software.os,OSSession,97,0,8,0,17,0,11,0,7,0
oshi-dist/oshi-core,oshi.software.os,InternetProtocolStats.IPConnection,139,0,0,0,29,0,11,0,11,0
oshi-dist/oshi-core,oshi.software.os,InternetProtocolStats.TcpStats,120,0,0,0,23,0,12,0,12,0
oshi-dist/oshi-core,oshi.software.os,OSDesktopWindow,88,0,0,0,18,0,9,0,9,0
oshi-dist/oshi-core,oshi.software.os,InternetProtocolStats.TcpState,81,0,0,0,3,0,1,0,1,0
oshi-dist/oshi-core,oshi.software.os,OSProcess.State,57,0,0,0,10,0,1,0,1,0
oshi-dist/oshi-core,oshi.software.os,OperatingSystem.OSVersionInfo,63,0,6,0,15,0,8,0,5,0
oshi-dist/oshi-core,oshi.software.os,InternetProtocolStats.UdpStats,54,0,0,0,11,0,6,0,6,0
oshi-dist/oshi-core,oshi.software.os,OperatingSystem.ProcessSorting,29,0,0,0,11,0,2,0,2,0
oshi-dist/oshi-core,oshi.software.os,OSProcess,6,0,0,0,3,0,3,0,3,0
oshi-dist/oshi-core,oshi.software.os,OperatingSystem,38,0,2,0,7,0,7,0,6,0
oshi-dist/oshi-core,oshi.software.os,OperatingSystem.ProcessFiltering,47,0,8,0,5,0,10,0,6,0
oshi-dist/oshi-core,oshi.hardware.common,AbstractVirtualMemory,50,0,0,0,11,0,2,0,2,0
oshi-dist/oshi-core,oshi.hardware.common,AbstractUsbDevice,149,0,8,0,29,0,15,0,11,0
oshi-dist/oshi-core,oshi.hardware.common,AbstractLogicalVolumeGroup,100,0,6,0,21,0,8,0,5,0
oshi-dist/oshi-core,oshi.hardware.common,AbstractGraphicsCard,99,0,0,0,27,0,7,0,7,0
oshi-dist/oshi-core,oshi.hardware.common,AbstractHWDiskStore,152,0,16,0,22,0,14,0,6,0
oshi-dist/oshi-core,oshi.hardware.common,AbstractSoundCard,69,0,0,0,19,0,5,0,5,0
oshi-dist/oshi-core,oshi.hardware.common,AbstractNetworkIF,553,0,32,0,92,0,36,0,20,0
oshi-dist/oshi-core,oshi.hardware.common,AbstractPowerSource,539,0,21,0,117,0,39,0,26,0
oshi-dist/oshi-core,oshi.hardware.common,AbstractFirmware,64,0,2,0,11,0,6,0,5,0
oshi-dist/oshi-core,oshi.hardware.common,AbstractComputerSystem,64,0,0,0,11,0,4,0,4,0
oshi-dist/oshi-core,oshi.hardware.common,AbstractDisplay,20,0,0,0,5,0,3,0,3,0
oshi-dist/oshi-core,oshi.hardware.common,AbstractGlobalMemory,190,0,21,0,45,0,16,0,3,0
oshi-dist/oshi-core,oshi.hardware.common,AbstractBaseboard,44,0,0,0,7,0,2,0,2,0
oshi-dist/oshi-core,oshi.hardware.common,AbstractCentralProcessor,989,0,87,0,195,0,82,0,24,0
oshi-dist/oshi-core,oshi.hardware.common,AbstractSensors,71,0,0,0,12,0,5,0,5,0
oshi-dist/oshi-core,oshi.hardware.common,AbstractHardwareAbstractionLayer,47,0,0,0,10,0,6,0,6,0
oshi-dist/oshi-core,oshi.software.os.windows,WindowsOperatingSystem,922,0,111,0,222,0,95,0,39,0
oshi-dist/oshi-core,oshi.software.os.windows,WindowsFileSystem,610,0,48,0,113,0,36,0,10,0
oshi-dist/oshi-core,oshi.software.os.windows,WindowsOSThread,170,0,16,0,48,0,23,0,13,0
oshi-dist/oshi-core,oshi.software.os.windows,WindowsNetworkParams,213,0,22,0,50,0,20,0,9,0
oshi-dist/oshi-core,oshi.software.os.windows,WindowsOSProcess,938,0,88,0,221,0,86,0,42,0
oshi-dist/oshi-core,oshi.software.os.windows,WindowsOSFileStore,140,0,10,0,35,0,15,0,10,0
oshi-dist/oshi-core,oshi.software.os.windows,WindowsInternetProtocolStats,597,0,46,0,114,0,40,0,12,0
oshi-dist/oshi-core,oshi.util.platform.unix.solaris,KstatUtil,382,0,38,0,77,0,29,0,6,0
oshi-dist/oshi-core,oshi.util.platform.unix.solaris,KstatUtil.KstatChain,128,0,22,0,25,0,17,0,6,0
oshi-dist/oshi-core,oshi.software.os.mac,MacNetworkParams,151,0,18,0,37,0,15,0,6,0
oshi-dist/oshi-core,oshi.software.os.mac,MacOperatingSystem,562,0,62,0,104,0,56,0,25,0
oshi-dist/oshi-core,oshi.software.os.mac,MacOSFileStore,118,0,6,0,31,0,13,0,10,0
oshi-dist/oshi-core,oshi.software.os.mac,MacOSProcess,682,0,57,0,152,0,68,0,37,0
oshi-dist/oshi-core,oshi.software.os.mac,MacOSThread,46,0,0,0,16,0,8,0,8,0
oshi-dist/oshi-core,oshi.software.os.mac,MacInternetProtocolStats,774,0,58,0,146,0,47,0,13,0
oshi-dist/oshi-core,oshi.software.os.mac,MacFileSystem,482,0,56,0,104,0,37,0,9,0
oshi-dist/oshi-core,oshi.driver.windows.perfmon,SystemInformation.ProcessorQueueLengthProperty,28,0,0,0,8,0,4,0,4,0
oshi-dist/oshi-core,oshi.driver.windows.perfmon,MemoryInformation.PageSwapProperty,36,0,0,0,9,0,4,0,4,0
oshi-dist/oshi-core,oshi.driver.windows.perfmon,ProcessInformation,39,0,6,0,9,0,6,0,3,0
oshi-dist/oshi-core,oshi.driver.windows.perfmon,PerfmonConstants,6,0,0,0,2,0,1,0,1,0
oshi-dist/oshi-core,oshi.driver.windows.perfmon,ProcessorInformation.InterruptsProperty,28,0,0,0,8,0,4,0,4,0
oshi-dist/oshi-core,oshi.driver.windows.perfmon,PagingFile.PagingPercentProperty,28,0,0,0,8,0,4,0,4,0
oshi-dist/oshi-core,oshi.driver.windows.perfmon,PerfmonDisabled,105,0,8,0,19,0,7,0,3,0
oshi-dist/oshi-core,oshi.driver.windows.perfmon,ProcessorInformation.ProcessorFrequencyProperty,28,0,0,0,7,0,3,0,3,0
oshi-dist/oshi-core,oshi.driver.windows.perfmon,LoadAverage,144,0,10,0,30,0,10,0,5,0
oshi-dist/oshi-core,oshi.driver.windows.perfmon,ProcessInformation.IdleProcessorTimeProperty,35,0,0,0,8,0,3,0,3,0
oshi-dist/oshi-core,oshi.driver.windows.perfmon,SystemInformation,18,0,4,0,6,0,4,0,2,0
oshi-dist/oshi-core,oshi.driver.windows.perfmon,ThreadInformation,13,0,2,0,3,0,2,0,1,0
oshi-dist/oshi-core,oshi.driver.windows.perfmon,ProcessorInformation,58,0,10,0,14,0,10,0,5,0
oshi-dist/oshi-core,oshi.driver.windows.perfmon,MemoryInformation,9,0,2,0,3,0,2,0,1,0
oshi-dist/oshi-core,oshi.driver.windows.perfmon,PhysicalDisk,13,0,2,0,3,0,2,0,1,0
oshi-dist/oshi-core,oshi.driver.windows.perfmon,PagingFile,9,0,2,0,3,0,2,0,1,0
oshi-dist/oshi-core,oshi.driver.windows.perfmon,ThreadInformation.ThreadPerformanceProperty,91,0,0,0,16,0,3,0,3,0
oshi-dist/oshi-core,oshi.driver.windows.perfmon,SystemInformation.ContextSwitchProperty,28,0,0,0,8,0,4,0,4,0
oshi-dist/oshi-core,oshi.driver.windows.perfmon,ProcessInformation.HandleCountProperty,28,0,0,0,7,0,3,0,3,0
oshi-dist/oshi-core,oshi.driver.windows.perfmon,ProcessInformation.ProcessPerformanceProperty,77,0,0,0,14,0,3,0,3,0
oshi-dist/oshi-core,oshi.driver.windows.perfmon,ProcessorInformation.ProcessorUtilityTickCountProperty,84,0,0,0,15,0,3,0,3,0
oshi-dist/oshi-core,oshi.driver.windows.perfmon,PhysicalDisk.PhysicalDiskProperty,63,0,0,0,12,0,3,0,3,0
oshi-dist/oshi-core,oshi.driver.windows.perfmon,LoadAverage.new Thread() {...},153,0,12,0,35,0,8,0,2,0
oshi-dist/oshi-core,oshi.driver.windows.perfmon,ProcessorInformation.ProcessorTickCountProperty,56,0,0,0,11,0,3,0,3,0
oshi-dist/oshi-core,oshi.driver.unix.freebsd,Who,82,0,14,0,15,0,9,0,2,0
oshi-dist/oshi-core,oshi.jna,Struct.CloseableVMStatistics,7,0,0,0,3,0,2,0,2,0
oshi-dist/oshi-core,oshi.jna,ByRef.CloseableHANDLEByReference,7,0,0,0,3,0,2,0,2,0
oshi-dist/oshi-core,oshi.jna,Struct.CloseableMibUdpStats,7,0,0,0,3,0,2,0,2,0
oshi-dist/oshi-core,oshi.jna,Struct.CloseableVnodePathInfo,7,0,0,0,3,0,2,0,2,0
oshi-dist/oshi-core,oshi.jna,ByRef.CloseableIntByReference,11,0,0,0,6,0,3,0,3,0
oshi-dist/oshi-core,oshi.jna,ByRef.CloseablePointerByReference,7,0,0,0,3,0,2,0,2,0
oshi-dist/oshi-core,oshi.jna,Struct.CloseableSpDevinfoData,7,0,0,0,3,0,2,0,2,0
oshi-dist/oshi-core,oshi.jna,Struct.CloseableMibTcpStats,7,0,0,0,3,0,2,0,2,0
oshi-dist/oshi-core,oshi.jna,ByRef.CloseableLONGLONGByReference,7,0,0,0,3,0,2,0,2,0
oshi-dist/oshi-core,oshi.jna,Struct.CloseableXswUsage,7,0,0,0,3,0,2,0,2,0
oshi-dist/oshi-core,oshi.jna,Struct.CloseableMibIfRow2,7,0,0,0,3,0,2,0,2,0
oshi-dist/oshi-core,oshi.jna,Struct.CloseableSysinfo,7,0,0,0,3,0,2,0,2,0
oshi-dist/oshi-core,oshi.jna,Struct.CloseableProcTaskInfo,7,0,0,0,3,0,2,0,2,0
oshi-dist/oshi-core,oshi.jna,ByRef.CloseableULONGptrByReference,7,0,0,0,3,0,2,0,2,0
oshi-dist/oshi-core,oshi.jna,Struct.CloseableHostCpuLoadInfo,7,0,0,0,3,0,2,0,2,0
oshi-dist/oshi-core,oshi.jna,Struct.CloseablePerformanceInformation,7,0,0,0,3,0,2,0,2,0
oshi-dist/oshi-core,oshi.jna,Struct.CloseableRUsageInfoV2,7,0,0,0,3,0,2,0,2,0
oshi-dist/oshi-core,oshi.jna,ByRef.CloseablePROCESSENTRY32ByReference,7,0,0,0,3,0,2,0,2,0
oshi-dist/oshi-core,oshi.jna,Struct.CloseableMibIfRow,7,0,0,0,3,0,2,0,2,0
oshi-dist/oshi-core,oshi.jna,ByRef.CloseableNativeLongByReference,11,0,0,0,6,0,3,0,3,0
oshi-dist/oshi-core,oshi.jna,Struct.CloseableSystemInfo,7,0,0,0,3,0,2,0,2,0
oshi-dist/oshi-core,oshi.jna,Struct.CloseablePdhRawCounter,7,0,0,0,3,0,2,0,2,0
oshi-dist/oshi-core,oshi.jna,ByRef.CloseableLongByReference,11,0,0,0,6,0,3,0,3,0
oshi-dist/oshi-core,oshi.jna,Struct.CloseableSpDeviceInterfaceData,7,0,0,0,3,0,2,0,2,0
oshi-dist/oshi-core,oshi.jna,ByRef.CloseableSizeTByReference,11,0,0,0,6,0,3,0,3,0
oshi-dist/oshi-core,oshi.jna,Struct.CloseableProcTaskAllInfo,7,0,0,0,3,0,2,0,2,0
oshi-dist/oshi-core,oshi.jna,Struct.CloseableTimeval,7,0,0,0,3,0,2,0,2,0
oshi-dist/oshi-core,oshi.driver.unix.solaris.disk,Iostat,241,0,34,0,51,0,19,0,2,0
oshi-dist/oshi-core,oshi.driver.unix.solaris.disk,Lshal,54,0,8,0,13,0,5,0,1,0
oshi-dist/oshi-core,oshi.driver.unix.solaris.disk,Prtvtoc,195,0,37,0,60,0,27,0,1,0
oshi-dist/oshi-core,oshi.driver.unix.aix,PsInfo,469,0,50,0,81,0,32,0,7,0
oshi-dist/oshi-core,oshi.driver.unix.aix,Who,47,0,4,0,11,0,4,0,2,0
oshi-dist/oshi-core,oshi.driver.unix.aix,Ls,61,0,10,0,11,0,6,0,1,0
oshi-dist/oshi-core,oshi.driver.unix.aix,Uptime,68,0,10,0,16,0,7,0,2,0
oshi-dist/oshi-core,oshi.driver.unix.aix,Lssrad,95,0,14,0,20,0,8,0,1,0
oshi-dist/oshi-core,oshi.driver.unix.aix,Lscfg,176,0,28,0,40,0,17,0,3,0
oshi-dist/oshi-core,oshi.driver.unix.aix,Lspv,240,0,24,0,37,0,13,0,1,0
oshi-dist/oshi-core,oshi.util.platform.unix.freebsd,BsdSysctlUtil,243,0,14,0,45,0,13,0,6,0
oshi-dist/oshi-core,oshi.util.platform.unix.freebsd,ProcstatUtil,148,0,20,0,23,0,13,0,3,0
oshi-dist/oshi-core,oshi.software.os.unix.freebsd,FreeBsdOperatingSystem.PsKeywords,123,0,0,0,3,0,1,0,1,0
oshi-dist/oshi-core,oshi.software.os.unix.freebsd,FreeBsdOSThread,245,0,14,0,55,0,24,0,15,0
oshi-dist/oshi-core,oshi.software.os.unix.freebsd,FreeBsdNetworkParams,91,0,6,0,24,0,9,0,6,0
oshi-dist/oshi-core,oshi.software.os.unix.freebsd,FreeBsdInternetProtocolStats,239,0,8,0,44,0,10,0,6,0
oshi-dist/oshi-core,oshi.software.os.unix.freebsd,FreeBsdFileSystem,319,0,42,0,66,0,27,0,6,0
oshi-dist/oshi-core,oshi.software.os.unix.freebsd,FreeBsdOperatingSystem,400,0,32,0,72,0,42,0,26,0
oshi-dist/oshi-core,oshi.software.os.unix.freebsd,FreeBsdOSFileStore,125,0,8,0,32,0,14,0,10,0
oshi-dist/oshi-core,oshi.software.os.unix.freebsd,FreeBsdOSProcess.PsThreadColumns,75,0,0,0,2,0,1,0,1,0
oshi-dist/oshi-core,oshi.software.os.unix.freebsd,FreeBsdOSProcess,836,0,44,0,169,0,68,0,44,0
oshi-dist/oshi-core,oshi.driver.linux.proc,CpuStat,214,0,34,0,48,0,22,0,5,0
oshi-dist/oshi-core,oshi.driver.linux.proc,UpTime,20,0,2,0,7,0,2,0,1,0
oshi-dist/oshi-core,oshi.driver.linux.proc,DiskStats,77,0,10,0,15,0,6,0,1,0
oshi-dist/oshi-core,oshi.driver.linux.proc,ProcessStat.PidStatM,45,0,0,0,8,0,1,0,1,0
oshi-dist/oshi-core,oshi.driver.linux.proc,Auxv,26,0,4,0,7,0,3,0,1,0
oshi-dist/oshi-core,oshi.driver.linux.proc,DiskStats.IoStat,123,0,0,0,21,0,1,0,1,0
oshi-dist/oshi-core,oshi.driver.linux.proc,CpuInfo,139,0,33,0,46,0,28,0,3,0
oshi-dist/oshi-core,oshi.driver.linux.proc,ProcessStat,328,0,32,0,60,0,30,0,12,0
oshi-dist/oshi-core,oshi.driver.linux.proc,ProcessStat.PidStat,315,0,0,0,53,0,1,0,1,0
oshi-dist/oshi-core,oshi.hardware.platform.mac,MacGlobalMemory,254,0,21,0,56,0,23,0,11,0
oshi-dist/oshi-core,oshi.hardware.platform.mac,MacVirtualMemory,143,0,4,0,28,0,12,0,10,0
oshi-dist/oshi-core,oshi.hardware.platform.mac,MacUsbDevice,572,0,44,0,116,0,31,0,9,0
oshi-dist/oshi-core,oshi.hardware.platform.mac,MacHWDiskStore,787,0,74,0,196,0,51,0,14,0
oshi-dist/oshi-core,oshi.hardware.platform.mac,MacSoundCard,66,0,6,0,20,0,5,0,2,0
oshi-dist/oshi-core,oshi.hardware.platform.mac,MacPowerSource,404,0,42,0,112,0,24,0,3,0
oshi-dist/oshi-core,oshi.hardware.platform.mac,MacFirmware,223,0,44,0,57,0,30,0,7,0
oshi-dist/oshi-core,oshi.hardware.platform.mac,MacDisplay,81,0,8,0,26,0,7,0,3,0
oshi-dist/oshi-core,oshi.hardware.platform.mac,MacLogicalVolumeGroup,140,0,16,0,30,0,13,0,5,0
oshi-dist/oshi-core,oshi.hardware.platform.mac,MacCentralProcessor,910,0,80,0,170,0,62,0,22,0
oshi-dist/oshi-core,oshi.hardware.platform.mac,MacComputerSystem,115,0,14,0,27,0,15,0,8,0
oshi-dist/oshi-core,oshi.hardware.platform.mac,MacHardwareAbstractionLayer,37,0,0,0,13,0,13,0,13,0
oshi-dist/oshi-core,oshi.hardware.platform.mac,MacSensors,79,0,6,0,20,0,7,0,4,0
oshi-dist/oshi-core,oshi.hardware.platform.mac,MacHWDiskStore.CFKey,126,0,0,0,12,0,3,0,3,0
oshi-dist/oshi-core,oshi.hardware.platform.mac,MacNetworkIF,206,0,12,0,56,0,23,0,17,0
oshi-dist/oshi-core,oshi.hardware.platform.mac,MacBaseboard,139,0,24,0,34,0,18,0,6,0
oshi-dist/oshi-core,oshi.hardware.platform.mac,MacGraphicsCard,152,0,22,0,32,0,13,0,2,0
oshi-dist/oshi-core,oshi.hardware.platform.unix.openbsd,OpenBsdComputerSystem,78,0,0,0,16,0,11,0,11,0
oshi-dist/oshi-core,oshi.hardware.platform.unix.openbsd,OpenBsdHardwareAbstractionLayer,35,0,0,0,12,0,12,0,12,0
oshi-dist/oshi-core,oshi.hardware.platform.unix.openbsd,OpenBsdUsbDevice,374,0,32,0,69,0,22,0,6,0
oshi-dist/oshi-core,oshi.hardware.platform.unix.openbsd,OpenBsdVirtualMemory,156,0,12,0,29,0,15,0,9,0
oshi-dist/oshi-core,oshi.hardware.platform.unix.openbsd,OpenBsdSensors,202,0,24,0,36,0,18,0,6,0
oshi-dist/oshi-core,oshi.hardware.platform.unix.openbsd,OpenBsdGlobalMemory,125,0,6,0,27,0,12,0,9,0
oshi-dist/oshi-core,oshi.hardware.platform.unix.openbsd,OpenBsdSoundCard,163,0,16,0,35,0,11,0,3,0
oshi-dist/oshi-core,oshi.hardware.platform.unix.openbsd,OpenBsdFirmware,89,0,10,0,18,0,10,0,5,0
oshi-dist/oshi-core,oshi.hardware.platform.unix.openbsd,OpenBsdGraphicsCard,211,0,42,0,43,0,24,0,3,0
oshi-dist/oshi-core,oshi.hardware.platform.unix.openbsd,OpenBsdPowerSource,388,0,66,0,73,0,36,0,3,0
oshi-dist/oshi-core,oshi.hardware.platform.unix.openbsd,OpenBsdCentralProcessor,784,0,65,0,136,0,48,0,15,0
oshi-dist/oshi-core,oshi.hardware.platform.unix.openbsd,OpenBsdHWDiskStore,310,0,22,0,67,0,23,0,12,0
oshi-dist/oshi-core,oshi.driver.unix.aix.perfstat,PerfstatConfig,23,0,2,0,6,0,3,0,2,0
oshi-dist/oshi-core,oshi.driver.unix.aix.perfstat,PerfstatDisk,41,0,4,0,10,0,4,0,2,0
oshi-dist/oshi-core,oshi.driver.unix.aix.perfstat,PerfstatNetInterface,41,0,4,0,10,0,4,0,2,0
oshi-dist/oshi-core,oshi.driver.unix.aix.perfstat,PerfstatCpu,80,0,10,0,19,0,9,0,4,0
oshi-dist/oshi-core,oshi.driver.unix.aix.perfstat,PerfstatProtocol,41,0,4,0,10,0,4,0,2,0
oshi-dist/oshi-core,oshi.driver.unix.aix.perfstat,PerfstatProcess,44,0,4,0,10,0,4,0,2,0
oshi-dist/oshi-core,oshi.driver.unix.aix.perfstat,PerfstatMemory,23,0,2,0,6,0,3,0,2,0
oshi-dist/oshi-core,oshi.driver.unix.freebsd.disk,GeomPartList,220,0,32,0,53,0,17,0,1,0
oshi-dist/oshi-core,oshi.driver.unix.freebsd.disk,GeomDiskList,121,0,18,0,29,0,10,0,1,0
oshi-dist/oshi-core,oshi.driver.unix.freebsd.disk,Mount,38,0,4,0,8,0,4,0,2,0
oshi-dist/oshi-core,oshi.driver.unix,Who,182,0,16,0,37,0,12,0,4,0
oshi-dist/oshi-core,oshi.driver.unix,NetStat,499,0,62,0,102,0,42,0,5,0
oshi-dist/oshi-core,oshi.driver.unix,Xwininfo,255,0,22,0,48,0,14,0,3,0
oshi-dist/oshi-core,oshi.driver.unix,Xrandr,77,0,12,0,20,0,8,0,2,0
oshi-dist/oshi-core,oshi.software.os.unix.openbsd,OpenBsdOSFileStore,124,0,8,0,32,0,14,0,10,0
oshi-dist/oshi-core,oshi.software.os.unix.openbsd,OpenBsdNetworkParams,11,0,0,0,3,0,3,0,3,0
oshi-dist/oshi-core,oshi.software.os.unix.openbsd,OpenBsdOSThread,234,0,14,0,55,0,24,0,15,0
oshi-dist/oshi-core,oshi.software.os.unix.openbsd,OpenBsdOperatingSystem,398,0,34,0,78,0,39,0,22,0
oshi-dist/oshi-core,oshi.software.os.unix.openbsd,OpenBsdOSProcess,829,0,46,0,176,0,67,0,42,0
oshi-dist/oshi-core,oshi.software.os.unix.openbsd,OpenBsdOperatingSystem.PsKeywords,111,0,0,0,3,0,1,0,1,0
oshi-dist/oshi-core,oshi.software.os.unix.openbsd,OpenBsdOSProcess.PsThreadColumns,63,0,0,0,2,0,1,0,1,0
oshi-dist/oshi-core,oshi.software.os.unix.openbsd,OpenBsdFileSystem,292,0,38,0,59,0,27,0,8,0
oshi-dist/oshi-core,oshi.software.os.unix.openbsd,OpenBsdInternetProtocolStats,9,0,0,0,3,0,3,0,3,0
oshi-dist/oshi-core,oshi.util,Util,78,0,16,0,16,0,14,0,6,0
oshi-dist/oshi-core,oshi.util,FileSystemUtil,110,0,20,0,20,0,14,0,4,0
oshi-dist/oshi-core,oshi.util,Memoizer.new Supplier() {...},73,0,10,0,14,0,7,0,2,0
oshi-dist/oshi-core,oshi.util,UserGroupInfo,123,0,12,0,30,0,11,0,5,0
oshi-dist/oshi-core,oshi.util,GlobalConfig,74,0,8,0,19,0,14,0,10,0
oshi-dist/oshi-core,oshi.util,Constants,14,0,0,0,4,0,2,0,2,0
oshi-dist/oshi-core,oshi.util,ParseUtil,2059,0,272,0,423,0,194,0,55,0
oshi-dist/oshi-core,oshi.util,Memoizer,29,0,0,0,6,0,5,0,5,0
oshi-dist/oshi-core,oshi.util,FileUtil,533,0,78,0,125,0,61,0,22,0
oshi-dist/oshi-core,oshi.util,EdidUtil,554,0,23,0,65,0,31,0,17,0
oshi-dist/oshi-core,oshi.util,FormatUtil,370,0,36,0,56,0,30,0,12,0
oshi-dist/oshi-core,oshi.util,GlobalConfig.PropertyException,32,0,0,0,4,0,2,0,2,0
oshi-dist/oshi-core,oshi.util,ExecutingCommand,148,0,14,0,44,0,15,0,8,0
oshi-dist/oshi-core,oshi.driver.windows.registry,ProcessWtsData,207,0,14,0,36,0,11,0,4,0
oshi-dist/oshi-core,oshi.driver.windows.registry,HkeyPerformanceDataUtil,487,0,38,0,94,0,24,0,5,0
oshi-dist/oshi-core,oshi.driver.windows.registry,ProcessWtsData.WtsInfo,45,0,0,0,16,0,8,0,8,0
oshi-dist/oshi-core,oshi.driver.windows.registry,ThreadPerformanceData.PerfCounterBlock,69,0,0,0,24,0,12,0,12,0
oshi-dist/oshi-core,oshi.driver.windows.registry,ProcessPerformanceData.PerfCounterBlock,58,0,0,0,20,0,10,0,10,0
oshi-dist/oshi-core,oshi.driver.windows.registry,ProcessPerformanceData,291,0,26,0,55,0,16,0,3,0
oshi-dist/oshi-core,oshi.driver.windows.registry,SessionWtsData,213,0,16,0,50,0,11,0,3,0
oshi-dist/oshi-core,oshi.driver.windows.registry,HkeyUserData,159,0,20,0,30,0,12,0,2,0
oshi-dist/oshi-core,oshi.driver.windows.registry,ThreadPerformanceData,351,0,22,0,65,0,13,0,2,0
oshi-dist/oshi-core,oshi.driver.windows.registry,NetSessionData,91,0,6,0,15,0,5,0,2,0
oshi-dist/oshi-core,oshi.driver.windows.wmi,Win32ComputerSystem.ComputerSystemProperty,15,0,0,0,2,0,1,0,1,0
oshi-dist/oshi-core,oshi.driver.windows.wmi,MSFTStorage.StoragePoolProperty,15,0,0,0,2,0,1,0,1,0
oshi-dist/oshi-core,oshi.driver.windows.wmi,Win32VideoController,12,0,0,0,2,0,1,0,1,0
oshi-dist/oshi-core,oshi.driver.windows.wmi,Win32Processor.VoltProperty,15,0,0,0,2,0,1,0,1,0
oshi-dist/oshi-core,oshi.driver.windows.wmi,Win32DiskPartition,11,0,0,0,2,0,1,0,1,0
oshi-dist/oshi-core,oshi.driver.windows.wmi,Win32ComputerSystem,12,0,0,0,2,0,1,0,1,0
oshi-dist/oshi-core,oshi.driver.windows.wmi,Win32BaseBoard,12,0,0,0,2,0,1,0,1,0
oshi-dist/oshi-core,oshi.driver.windows.wmi,Win32Fan,12,0,0,0,2,0,1,0,1,0
oshi-dist/oshi-core,oshi.driver.windows.wmi,Win32DiskDriveToDiskPartition,11,0,0,0,2,0,1,0,1,0
oshi-dist/oshi-core,oshi.driver.windows.wmi,Win32Processor.BitnessProperty,9,0,0,0,2,0,1,0,1,0
oshi-dist/oshi-core,oshi.driver.windows.wmi,Win32DiskDrive.DiskDriveProperty,39,0,0,0,2,0,1,0,1,0
oshi-dist/oshi-core,oshi.driver.windows.wmi,Win32OperatingSystem.OSVersionProperty,33,0,0,0,2,0,1,0,1,0
oshi-dist/oshi-core,oshi.driver.windows.wmi,OhmHardware,30,0,0,0,4,0,1,0,1,0
oshi-dist/oshi-core,oshi.driver.windows.wmi,MSFTStorage.PhysicalDiskProperty,21,0,0,0,2,0,1,0,1,0
oshi-dist/oshi-core,oshi.driver.windows.wmi,Win32Process.CommandLineProperty,15,0,0,0,2,0,1,0,1,0
oshi-dist/oshi-core,oshi.driver.windows.wmi,Win32DiskPartition.DiskPartitionProperty,45,0,0,0,2,0,1,0,1,0
oshi-dist/oshi-core,oshi.driver.windows.wmi,Win32ProcessCached,110,0,10,0,24,0,10,0,5,0
oshi-dist/oshi-core,oshi.driver.windows.wmi,OhmSensor,32,0,0,0,5,0,1,0,1,0
oshi-dist/oshi-core,oshi.driver.windows.wmi,Win32Process,68,0,4,0,12,0,4,0,2,0
oshi-dist/oshi-core,oshi.driver.windows.wmi,MSFTStorage,48,0,0,0,8,0,4,0,4,0
oshi-dist/oshi-core,oshi.driver.windows.wmi,Win32Bios.BiosProperty,33,0,0,0,2,0,1,0,1,0
oshi-dist/oshi-core,oshi.driver.windows.wmi,MSAcpiThermalZoneTemperature,13,0,0,0,2,0,1,0,1,0
oshi-dist/oshi-core,oshi.driver.windows.wmi,Win32BaseBoard.BaseBoardProperty,27,0,0,0,2,0,1,0,1,0
oshi-dist/oshi-core,oshi.driver.windows.wmi,Win32DiskDrive,11,0,0,0,2,0,1,0,1,0
oshi-dist/oshi-core,oshi.driver.windows.wmi,Win32Processor,36,0,0,0,6,0,3,0,3,0
oshi-dist/oshi-core,oshi.driver.windows.wmi,Win32VideoController.VideoControllerProperty,33,0,0,0,2,0,1,0,1,0
oshi-dist/oshi-core,oshi.driver.windows.wmi,OhmHardware.IdentifierProperty,9,0,0,0,2,0,1,0,1,0
oshi-dist/oshi-core,oshi.driver.windows.wmi,Win32LogicalDiskToPartition,11,0,0,0,2,0,1,0,1,0
oshi-dist/oshi-core,oshi.driver.windows.wmi,Win32Fan.SpeedProperty,9,0,0,0,2,0,1,0,1,0
oshi-dist/oshi-core,oshi.driver.windows.wmi,Win32Process.ProcessXPProperty,51,0,0,0,2,0,1,0,1,0
oshi-dist/oshi-core,oshi.driver.windows.wmi,Win32LogicalDisk,44,0,6,0,9,0,4,0,1,0
oshi-dist/oshi-core,oshi.driver.windows.wmi,Win32PhysicalMemory.PhysicalMemoryProperty,33,0,0,0,2,0,1,0,1,0
oshi-dist/oshi-core,oshi.driver.windows.wmi,Win32Processor.ProcessorIdProperty,9,0,0,0,2,0,1,0,1,0
oshi-dist/oshi-core,oshi.driver.windows.wmi,Win32OperatingSystem,12,0,0,0,2,0,1,0,1,0
oshi-dist/oshi-core,oshi.driver.windows.wmi,MSFTStorage.StoragePoolToPhysicalDiskProperty,15,0,0,0,2,0,1,0,1,0
oshi-dist/oshi-core,oshi.driver.windows.wmi,MSFTStorage.VirtualDiskProperty,15,0,0,0,2,0,1,0,1,0
oshi-dist/oshi-core,oshi.driver.windows.wmi,Win32DiskDriveToDiskPartition.DriveToPartitionProperty,15,0,0,0,2,0,1,0,1,0
oshi-dist/oshi-core,oshi.driver.windows.wmi,Win32LogicalDisk.LogicalDiskProperty,57,0,0,0,2,0,1,0,1,0
oshi-dist/oshi-core,oshi.driver.windows.wmi,Win32Bios.BiosSerialProperty,9,0,0,0,2,0,1,0,1,0
oshi-dist/oshi-core,oshi.driver.windows.wmi,MSAcpiThermalZoneTemperature.TemperatureProperty,9,0,0,0,2,0,1,0,1,0
oshi-dist/oshi-core,oshi.driver.windows.wmi,Win32ComputerSystemProduct.ComputerSystemProductProperty,15,0,0,0,2,0,1,0,1,0
oshi-dist/oshi-core,oshi.driver.windows.wmi,OhmSensor.ValueProperty,9,0,0,0,2,0,1,0,1,0
oshi-dist/oshi-core,oshi.driver.windows.wmi,Win32LogicalDiskToPartition.DiskToPartitionProperty,27,0,0,0,2,0,1,0,1,0
oshi-dist/oshi-core,oshi.driver.windows.wmi,Win32Bios,24,0,0,0,4,0,2,0,2,0
oshi-dist/oshi-core,oshi.driver.windows.wmi,Win32PhysicalMemory.PhysicalMemoryPropertyWin8,33,0,0,0,2,0,1,0,1,0
oshi-dist/oshi-core,oshi.driver.windows.wmi,Win32PhysicalMemory,24,0,0,0,4,0,2,0,2,0
oshi-dist/oshi-core,oshi.driver.windows.wmi,Win32ComputerSystemProduct,12,0,0,0,2,0,1,0,1,0
oshi-dist/oshi-core,oshi.jna.platform.windows,PowrProf.BATTERY_MANUFACTURE_DATE,7,0,0,0,3,0,2,0,2,0
oshi-dist/oshi-core,oshi.jna.platform.windows,PowrProf.BATTERY_STATUS,7,0,0,0,3,0,2,0,2,0
oshi-dist/oshi-core,oshi.jna.platform.windows,PowrProf,6,0,0,0,1,0,1,0,1,0
oshi-dist/oshi-core,oshi.jna.platform.windows,PowrProf.BATTERY_QUERY_INFORMATION_LEVEL,57,0,0,0,3,0,1,0,1,0
oshi-dist/oshi-core,oshi.jna.platform.windows,PowrProf.BATTERY_WAIT_STATUS,7,0,0,0,3,0,2,0,2,0
oshi-dist/oshi-core,oshi.jna.platform.windows,NtDll.PEB,11,0,0,0,3,0,1,0,1,0
oshi-dist/oshi-core,oshi.jna.platform.windows,PowrProf.ProcessorPowerInformation,9,0,0,0,5,0,2,0,2,0
oshi-dist/oshi-core,oshi.jna.platform.windows,NtDll.STRING,3,0,0,0,1,0,1,0,1,0
oshi-dist/oshi-core,oshi.jna.platform.windows,NtDll.CURDIR,3,0,0,0,1,0,1,0,1,0
oshi-dist/oshi-core,oshi.jna.platform.windows,PowrProf.BATTERY_INFORMATION,15,0,0,0,5,0,2,0,2,0
oshi-dist/oshi-core,oshi.jna.platform.windows,NtDll.PROCESS_BASIC_INFORMATION,7,0,0,0,2,0,1,0,1,0
oshi-dist/oshi-core,oshi.jna.platform.windows,NtDll.RTL_DRIVE_LETTER_CURDIR,3,0,0,0,1,0,1,0,1,0
oshi-dist/oshi-core,oshi.jna.platform.windows,PowrProf.SystemBatteryState,21,0,0,0,8,0,3,0,3,0
oshi-dist/oshi-core,oshi.jna.platform.windows,PowrProf.BATTERY_QUERY_INFORMATION,7,0,0,0,3,0,2,0,2,0
oshi-dist/oshi-core,oshi.jna.platform.windows,WinNT.TOKEN_ELEVATION,7,0,0,0,3,0,2,0,2,0
oshi-dist/oshi-core,oshi.jna.platform.windows,NtDll.RTL_USER_PROCESS_PARAMETERS,7,0,0,0,2,0,1,0,1,0
oshi-dist/oshi-core,oshi.jna.platform.windows,NtDll,7,0,0,0,1,0,1,0,1,0
oshi-dist/oshi-core,oshi.jna.platform.windows,NtDll.UNICODE_STRING,3,0,0,0,1,0,1,0,1,0
oshi-dist/oshi-core,oshi.software.os.unix.aix,AixInternetProtocolStats,138,0,8,0,10,0,7,0,3,0
oshi-dist/oshi-core,oshi.software.os.unix.aix,AixOSFileStore,118,0,6,0,31,0,13,0,10,0
oshi-dist/oshi-core,oshi.software.os.unix.aix,AixNetworkParams,60,0,8,0,14,0,10,0,6,0
oshi-dist/oshi-core,oshi.software.os.unix.aix,AixOSThread,74,0,2,0,23,0,12,0,11,0
oshi-dist/oshi-core,oshi.software.os.unix.aix,AixOperatingSystem,480,0,50,0,83,0,47,0,22,0
oshi-dist/oshi-core,oshi.software.os.unix.aix,AixOSProcess,633,0,41,0,137,0,63,0,40,0
oshi-dist/oshi-core,oshi.software.os.unix.aix,AixFileSystem,332,0,48,0,70,0,32,0,8,0
oshi-dist/oshi-core,oshi.hardware.platform.unix,UnixDisplay,12,0,0,0,3,0,2,0,2,0
oshi-dist/oshi-core,oshi.hardware.platform.unix,UnixBaseboard,27,0,0,0,10,0,5,0,5,0
oshi-dist/oshi-core,oshi.hardware.platform.unix,BsdNetworkIF,155,0,4,0,36,0,16,0,14,0
oshi-dist/oshi-core,oshi.hardware.platform.windows,WindowsFirmware,116,0,12,0,24,0,13,0,7,0
oshi-dist/oshi-core,oshi.hardware.platform.windows,WindowsCentralProcessor,1067,0,116,0,206,0,73,0,15,0
oshi-dist/oshi-core,oshi.hardware.platform.windows,WindowsBaseboard,96,0,10,0,19,0,11,0,6,0
oshi-dist/oshi-core,oshi.hardware.platform.windows,WindowsUsbDevice,268,0,26,0,59,0,20,0,7,0
oshi-dist/oshi-core,oshi.hardware.platform.windows,WindowsGlobalMemory,330,0,61,0,97,0,66,0,11,0
oshi-dist/oshi-core,oshi.hardware.platform.windows,WindowsHWDiskStore.PartitionMaps,18,0,0,0,4,0,1,0,1,0
oshi-dist/oshi-core,oshi.hardware.platform.windows,WindowsHardwareAbstractionLayer,37,0,0,0,13,0,13,0,13,0
oshi-dist/oshi-core,oshi.hardware.platform.windows,WindowsComputerSystem,134,0,16,0,34,0,18,0,10,0
oshi-dist/oshi-core,oshi.hardware.platform.windows,WindowsDisplay,119,0,8,0,26,0,7,0,3,0
oshi-dist/oshi-core,oshi.hardware.platform.windows,WindowsHWDiskStore.DiskStats,33,0,0,0,7,0,1,0,1,0
oshi-dist/oshi-core,oshi.hardware.platform.windows,WindowsVirtualMemory,165,0,2,0,26,0,12,0,11,0
oshi-dist/oshi-core,oshi.hardware.platform.windows,WindowsNetworkIF,275,0,10,0,71,0,24,0,19,0
oshi-dist/oshi-core,oshi.hardware.platform.windows,WindowsGraphicsCard,124,0,16,0,24,0,11,0,3,0
oshi-dist/oshi-core,oshi.hardware.platform.windows,WindowsSoundCard,96,0,6,0,18,0,5,0,2,0
oshi-dist/oshi-core,oshi.hardware.platform.windows,WindowsHWDiskStore,827,0,66,0,148,0,49,0,16,0
oshi-dist/oshi-core,oshi.hardware.platform.windows,WindowsLogicalVolumeGroup,367,0,34,0,77,0,20,0,3,0
oshi-dist/oshi-core,oshi.hardware.platform.windows,WindowsSensors,405,0,64,0,113,0,43,0,11,0
oshi-dist/oshi-core,oshi.hardware.platform.windows,WindowsPowerSource,721,0,86,0,165,0,48,0,5,0
oshi-dist/oshi-core,oshi.driver.linux,Lshw,109,0,16,0,24,0,12,0,4,0
oshi-dist/oshi-core,oshi.driver.linux,Devicetree,13,0,2,0,4,0,2,0,1,0
oshi-dist/oshi-core,oshi.driver.linux,Lshal,46,0,8,0,12,0,6,0,2,0
oshi-dist/oshi-core,oshi.driver.linux,Dmidecode,119,0,16,0,26,0,11,0,3,0
oshi-dist/oshi-core,oshi.driver.linux,Who,83,0,14,0,15,0,9,0,2,0
oshi-dist/oshi-core,oshi.driver.linux,Sysfs,189,0,36,0,54,0,30,0,12,0
oshi-dist/oshi-core,oshi.driver.mac.net,NetStat.IFdata,87,0,0,0,24,0,12,0,12,0
oshi-dist/oshi-core,oshi.driver.mac.net,NetStat,191,0,14,0,30,0,9,0,2,0
oshi-dist/oshi-core,oshi.util.platform.unix.openbsd,OpenBsdSysctlUtil,301,0,18,0,51,0,18,0,9,0
oshi-dist/oshi-core,oshi.util.platform.unix.openbsd,FstatUtil,74,0,10,0,12,0,7,0,2,0
oshi-dist/oshi-core,oshi.util.tuples,Quartet,27,0,0,0,10,0,5,0,5,0
oshi-dist/oshi-core,oshi.util.tuples,Pair,15,0,0,0,6,0,3,0,3,0
oshi-dist/oshi-core,oshi.util.tuples,Quintet,33,0,0,0,12,0,6,0,6,0
oshi-dist/oshi-core,oshi.util.tuples,Triplet,21,0,0,0,8,0,4,0,4,0
oshi-dist/oshi-core,oshi.driver.unix.solaris.kstat,SystemPages,83,0,10,0,14,0,7,0,2,0
oshi-dist/oshi-core,oshi,PlatformEnum,121,0,4,0,22,0,7,0,5,0
oshi-dist/oshi-core,oshi,SystemInfo,119,0,16,0,26,0,21,0,7,0
oshi-dist/oshi-core,oshi.jna.platform.linux,LinuxLibc.Ut_Tv,3,0,0,0,1,0,1,0,1,0
oshi-dist/oshi-core,oshi.jna.platform.linux,LinuxLibc.Exit_status,3,0,0,0,1,0,1,0,1,0
oshi-dist/oshi-core,oshi.jna.platform.linux,LinuxLibc.LinuxUtmpx,27,0,0,0,7,0,1,0,1,0
oshi-dist/oshi-core,oshi.jna.platform.linux,LinuxLibc,6,0,0,0,1,0,1,0,1,0
oshi-dist/oshi-core,oshi.software.os.linux,LinuxOSProcess.ProcPidStat,84,0,0,0,7,0,3,0,3,0
oshi-dist/oshi-core,oshi.software.os.linux,LinuxOSProcess,785,0,40,0,148,0,62,0,42,0
oshi-dist/oshi-core,oshi.software.os.linux,LinuxInternetProtocolStats,324,0,30,0,57,0,29,0,9,0
oshi-dist/oshi-core,oshi.software.os.linux,LinuxFileSystem,500,0,58,0,115,0,40,0,11,0
oshi-dist/oshi-core,oshi.software.os.linux,LinuxOSThread,256,0,6,0,48,0,18,0,15,0
oshi-dist/oshi-core,oshi.software.os.linux,LinuxOSThread.ThreadPidStat,91,0,0,0,7,0,3,0,3,0
oshi-dist/oshi-core,oshi.software.os.linux,LinuxOperatingSystem,1270,0,192,0,254,0,130,0,34,0
oshi-dist/oshi-core,oshi.software.os.linux,LinuxNetworkParams,233,0,36,0,53,0,24,0,6,0
oshi-dist/oshi-core,oshi.software.os.linux,LinuxOSFileStore,119,0,6,0,31,0,13,0,10,0
oshi-dist/oshi-core,oshi.util.platform.linux,ProcPath,285,0,2,0,34,0,3,0,2,0
oshi-dist/oshi-core,oshi.util.platform.mac,CFUtil,25,0,6,0,8,0,5,0,2,0
oshi-dist/oshi-core,oshi.util.platform.mac,SysctlUtil,250,0,16,0,47,0,15,0,7,0
oshi-dist/oshi-core,oshi.util.platform.mac,SmcUtil,355,0,32,0,70,0,24,0,8,0
oshi-dist/oshi-core,oshi.jna.platform.unix,CLibrary.Addrinfo.ByReference,3,0,0,0,1,0,1,0,1,0
oshi-dist/oshi-core,oshi.jna.platform.unix,SolarisLibc.SolarisUtmpx,23,0,0,0,6,0,1,0,1,0
oshi-dist/oshi-core,oshi.jna.platform.unix,FreeBsdLibc.CpTime,17,0,2,0,6,0,3,0,2,0
oshi-dist/oshi-core,oshi.jna.platform.unix,SolarisLibc.Timeval,3,0,0,0,1,0,1,0,1,0
oshi-dist/oshi-core,oshi.jna.platform.unix,AixLibc,6,0,0,0,1,0,1,0,1,0
oshi-dist/oshi-core,oshi.jna.platform.unix,OpenBsdLibc,12,0,0,0,3,0,1,0,1,0
oshi-dist/oshi-core,oshi.jna.platform.unix,AixLibc.AixLwpsInfo,59,0,0,0,16,0,1,0,1,0
oshi-dist/oshi-core,oshi.jna.platform.unix,CLibrary.BsdTcpstat,3,0,0,0,1,0,1,0,1,0
oshi-dist/oshi-core,oshi.jna.platform.unix,SolarisLibc.SolarisPrUsage,183,0,4,0,36,0,3,0,1,0
oshi-dist/oshi-core,oshi.jna.platform.unix,CLibrary.Sockaddr.ByReference,3,0,0,0,1,0,1,0,1,0
oshi-dist/oshi-core,oshi.jna.platform.unix,SolarisLibc.SolarisLwpsInfo,115,0,0,0,29,0,1,0,1,0
oshi-dist/oshi-core,oshi.jna.platform.unix,CLibrary.Addrinfo,13,0,0,0,7,0,3,0,3,0
oshi-dist/oshi-core,oshi.jna.platform.unix,FreeBsdLibc.FreeBsdUtmpx,23,0,0,0,6,0,1,0,1,0
oshi-dist/oshi-core,oshi.jna.platform.unix,SolarisLibc.SolarisPsInfo,173,0,2,0,43,0,2,0,1,0
oshi-dist/oshi-core,oshi.jna.platform.unix,AixLibc.AixPsInfo,140,0,2,0,33,0,2,0,1,0
oshi-dist/oshi-core,oshi.jna.platform.unix,SolarisLibc,6,0,0,0,1,0,1,0,1,0
oshi-dist/oshi-core,oshi.jna.platform.unix,SolarisLibc.Exit_status,3,0,0,0,1,0,1,0,1,0
oshi-dist/oshi-core,oshi.jna.platform.unix,CLibrary.BsdIpstat,3,0,0,0,1,0,1,0,1,0
oshi-dist/oshi-core,oshi.jna.platform.unix,AixLibc.Timestruc,15,0,0,0,5,0,1,0,1,0
oshi-dist/oshi-core,oshi.jna.platform.unix,CLibrary.BsdUdpstat,3,0,0,0,1,0,1,0,1,0
oshi-dist/oshi-core,oshi.jna.platform.unix,CLibrary.BsdIp6stat,3,0,0,0,1,0,1,0,1,0
oshi-dist/oshi-core,oshi.jna.platform.unix,FreeBsdLibc,12,0,0,0,3,0,1,0,1,0
oshi-dist/oshi-core,oshi.jna.platform.unix,OpenBsdLibc.Bcachestats,6,0,0,0,3,0,1,0,1,0
oshi-dist/oshi-core,oshi.jna.platform.unix,SolarisLibc.Timestruc,11,0,0,0,4,0,1,0,1,0
oshi-dist/oshi-core,oshi.jna.platform.unix,CLibrary.Sockaddr,7,0,0,0,2,0,1,0,1,0
oshi-dist/oshi-core,oshi.jna.platform.unix,OpenBsdLibc.Timeval,3,0,0,0,1,0,1,0,1,0
oshi-dist/oshi-core,oshi.jna.platform.unix,FreeBsdLibc.Timeval,3,0,0,0,1,0,1,0,1,0
oshi-dist/oshi-core,oshi.hardware.platform.unix.aix,AixBaseboard,55,0,6,0,10,0,8,0,5,0
oshi-dist/oshi-core,oshi.hardware.platform.unix.aix,AixVirtualMemory,55,0,0,0,10,0,7,0,7,0
oshi-dist/oshi-core,oshi.hardware.platform.unix.aix,AixGraphicsCard,116,0,24,0,25,0,14,0,2,0
oshi-dist/oshi-core,oshi.hardware.platform.unix.aix,AixComputerSystem,244,0,22,0,51,0,19,0,8,0
oshi-dist/oshi-core,oshi.hardware.platform.unix.aix,AixGlobalMemory,171,0,18,0,39,0,17,0,8,0
oshi-dist/oshi-core,oshi.hardware.platform.unix.aix,AixSensors,34,0,4,0,11,0,6,0,4,0
oshi-dist/oshi-core,oshi.hardware.platform.unix.aix,AixCentralProcessor,755,0,52,0,123,0,40,0,13,0
oshi-dist/oshi-core,oshi.hardware.platform.unix.aix,AixFirmware,21,0,0,0,8,0,4,0,4,0
oshi-dist/oshi-core,oshi.hardware.platform.unix.aix,AixNetworkIF,156,0,6,0,42,0,17,0,14,0
oshi-dist/oshi-core,oshi.hardware.platform.unix.aix,AixSoundCard,52,0,6,0,11,0,5,0,2,0
oshi-dist/oshi-core,oshi.hardware.platform.unix.aix,AixUsbDevice,81,0,8,0,14,0,6,0,2,0
oshi-dist/oshi-core,oshi.hardware.platform.unix.aix,AixComputerSystem.LsattrStrings,59,0,14,0,9,0,8,0,1,0
oshi-dist/oshi-core,oshi.hardware.platform.unix.aix,AixPowerSource,26,0,0,0,3,0,2,0,2,0
oshi-dist/oshi-core,oshi.hardware.platform.unix.aix,AixHWDiskStore,284,0,20,0,57,0,23,0,13,0
oshi-dist/oshi-core,oshi.hardware.platform.unix.aix,AixHardwareAbstractionLayer,59,0,0,0,14,0,12,0,12,0
oshi-dist/oshi-core,oshi.driver.mac,ThreadInfo.ThreadStats,71,0,6,0,25,0,12,0,7,0
oshi-dist/oshi-core,oshi.driver.mac,Who,84,0,14,0,15,0,9,0,2,0
oshi-dist/oshi-core,oshi.driver.mac,ThreadInfo,105,0,6,0,17,0,6,0,3,0
oshi-dist/oshi-core,oshi.driver.mac,WindowInfo,205,0,14,0,47,0,8,0,1,0
oshi-dist/oshi-core,oshi.hardware.platform.unix.freebsd,FreeBsdUsbDevice,400,0,40,0,76,0,26,0,6,0
oshi-dist/oshi-core,oshi.hardware.platform.unix.freebsd,FreeBsdSoundCard,137,0,18,0,26,0,11,0,2,0
oshi-dist/oshi-core,oshi.hardware.platform.unix.freebsd,FreeBsdHWDiskStore,314,0,14,0,60,0,18,0,11,0
oshi-dist/oshi-core,oshi.hardware.platform.unix.freebsd,FreeBsdPowerSource,297,0,32,0,69,0,19,0,3,0
oshi-dist/oshi-core,oshi.hardware.platform.unix.freebsd,FreeBsdGraphicsCard,262,0,48,0,46,0,26,0,2,0
oshi-dist/oshi-core,oshi.hardware.platform.unix.freebsd,FreeBsdCentralProcessor,975,0,90,0,186,0,62,0,16,0
oshi-dist/oshi-core,oshi.hardware.platform.unix.freebsd,FreeBsdHardwareAbstractionLayer,35,0,0,0,12,0,12,0,12,0
oshi-dist/oshi-core,oshi.hardware.platform.unix.freebsd,FreeBsdSensors,69,0,4,0,13,0,7,0,5,0
oshi-dist/oshi-core,oshi.hardware.platform.unix.freebsd,FreeBsdFirmware,112,0,14,0,23,0,12,0,5,0
oshi-dist/oshi-core,oshi.hardware.platform.unix.freebsd,FreeBsdVirtualMemory,102,0,2,0,21,0,12,0,11,0
oshi-dist/oshi-core,oshi.hardware.platform.unix.freebsd,FreeBsdComputerSystem,227,0,30,0,45,0,24,0,9,0
oshi-dist/oshi-core,oshi.hardware.platform.unix.freebsd,FreeBsdGlobalMemory,75,0,0,0,15,0,9,0,9,0
oshi-dist/oshi-core,oshi.hardware.platform.linux,LinuxSensors,389,0,54,0,82,0,39,0,12,0
oshi-dist/oshi-core,oshi.hardware.platform.linux,LinuxFirmware,235,0,22,0,49,0,24,0,13,0
oshi-dist/oshi-core,oshi.hardware.platform.linux,LinuxComputerSystem,123,0,26,0,30,0,24,0,11,0
oshi-dist/oshi-core,oshi.hardware.platform.linux,LinuxHardwareAbstractionLayer,37,0,0,0,13,0,13,0,13,0
oshi-dist/oshi-core,oshi.hardware.platform.linux,LinuxGlobalMemory,144,0,11,0,33,0,16,0,8,0
oshi-dist/oshi-core,oshi.hardware.platform.linux,LinuxGraphicsCard,380,0,58,0,82,0,34,0,5,0
oshi-dist/oshi-core,oshi.hardware.platform.linux,LinuxFirmware.VcGenCmdStrings,18,0,0,0,7,0,1,0,1,0
oshi-dist/oshi-core,oshi.hardware.platform.linux,LinuxUsbDevice,351,0,30,0,76,0,22,0,7,0
oshi-dist/oshi-core,oshi.hardware.platform.linux,LinuxSoundCard,238,0,32,0,42,0,23,0,7,0
oshi-dist/oshi-core,oshi.hardware.platform.linux,LinuxHWDiskStore.UdevStat,56,0,0,0,6,0,3,0,3,0
oshi-dist/oshi-core,oshi.hardware.platform.linux,LinuxPowerSource,322,0,28,0,82,0,18,0,4,0
oshi-dist/oshi-core,oshi.hardware.platform.linux,LinuxCentralProcessor,1342,0,132,0,267,0,95,0,25,0
oshi-dist/oshi-core,oshi.hardware.platform.linux,LinuxHWDiskStore,592,0,66,0,129,0,51,0,18,0
oshi-dist/oshi-core,oshi.hardware.platform.linux,LinuxVirtualMemory,215,0,21,0,47,0,22,0,10,0
oshi-dist/oshi-core,oshi.hardware.platform.linux,LinuxLogicalVolumeGroup,257,0,28,0,46,0,22,0,8,0
oshi-dist/oshi-core,oshi.hardware.platform.linux,LinuxBaseboard,123,0,16,0,30,0,17,0,9,0
oshi-dist/oshi-core,oshi.hardware.platform.linux,LinuxNetworkIF,446,0,29,0,95,0,38,0,21,0
oshi-dist/oshi-core,oshi.hardware.platform.unix.solaris,SolarisGraphicsCard,238,0,42,0,45,0,23,0,2,0
oshi-dist/oshi-core,oshi.hardware.platform.unix.solaris,SolarisCentralProcessor,1167,0,142,0,203,0,90,0,19,0
oshi-dist/oshi-core,oshi.hardware.platform.unix.solaris,SolarisComputerSystem,342,0,46,0,76,0,34,0,10,0
oshi-dist/oshi-core,oshi.hardware.platform.unix.solaris,SolarisComputerSystem.SmbiosStrings,91,0,22,0,13,0,12,0,1,0
oshi-dist/oshi-core,oshi.hardware.platform.unix.solaris,SolarisFirmware,21,0,0,0,8,0,4,0,4,0
oshi-dist/oshi-core,oshi.hardware.platform.unix.solaris,SolarisHardwareAbstractionLayer,35,0,0,0,12,0,12,0,12,0
oshi-dist/oshi-core,oshi.hardware.platform.unix.solaris,SolarisPowerSource,303,0,38,0,66,0,23,0,4,0
oshi-dist/oshi-core,oshi.hardware.platform.unix.solaris,SolarisNetworkIF,345,0,30,0,56,0,30,0,15,0
oshi-dist/oshi-core,oshi.hardware.platform.unix.solaris,SolarisSoundCard,142,0,18,0,25,0,11,0,2,0
oshi-dist/oshi-core,oshi.hardware.platform.unix.solaris,SolarisHWDiskStore,497,0,36,0,74,0,31,0,13,0
oshi-dist/oshi-core,oshi.hardware.platform.unix.solaris,SolarisGlobalMemory,60,0,0,0,11,0,7,0,7,0
oshi-dist/oshi-core,oshi.hardware.platform.unix.solaris,SolarisUsbDevice,380,0,38,0,72,0,25,0,6,0
oshi-dist/oshi-core,oshi.hardware.platform.unix.solaris,SolarisSensors,124,0,18,0,27,0,13,0,4,0
oshi-dist/oshi-core,oshi.hardware.platform.unix.solaris,SolarisVirtualMemory,181,0,6,0,34,0,14,0,11,0
oshi-dist/oshi-core,oshi.software.os.unix.solaris,SolarisInternetProtocolStats,332,0,36,0,76,0,30,0,6,0
oshi-dist/oshi-core,oshi.software.os.unix.solaris,SolarisOSProcess,728,0,48,0,155,0,70,0,44,0
oshi-dist/oshi-core,oshi.software.os.unix.solaris,SolarisNetworkParams,30,0,2,0,8,0,6,0,5,0
oshi-dist/oshi-core,oshi.software.os.unix.solaris,SolarisOSThread,210,0,10,0,42,0,19,0,14,0
oshi-dist/oshi-core,oshi.software.os.unix.solaris,SolarisOSFileStore,118,0,6,0,31,0,13,0,10,0
oshi-dist/oshi-core,oshi.software.os.unix.solaris,SolarisFileSystem,439,0,72,0,91,0,45,0,9,0
oshi-dist/oshi-core,oshi.software.os.unix.solaris,SolarisOperatingSystem,540,0,68,0,106,0,61,0,27,0
oshi-dist/oshi-core,oshi.driver.mac.disk,Fsstat,68,0,2,0,10,0,3,0,2,0
oshi-dist/oshi-core,oshi.jna.platform.mac,CoreGraphics,6,0,0,0,1,0,1,0,1,0
oshi-dist/oshi-core,oshi.jna.platform.mac,SystemB.InSockInfo,15,0,0,0,4,0,1,0,1,0
oshi-dist/oshi-core,oshi.jna.platform.mac,IOKit.SMCKeyDataKeyInfo,3,0,0,0,1,0,1,0,1,0
oshi-dist/oshi-core,oshi.jna.platform.mac,IOKit.SMCKeyDataVers,3,0,0,0,1,0,1,0,1,0
oshi-dist/oshi-core,oshi.jna.platform.mac,SystemB.SocketFdInfo,7,0,0,0,3,0,2,0,2,0
oshi-dist/oshi-core,oshi.jna.platform.mac,SystemB.ProcFdInfo,3,0,0,0,1,0,1,0,1,0
oshi-dist/oshi-core,oshi.jna.platform.mac,IOKit.SMCVal,19,0,0,0,6,0,2,0,2,0
oshi-dist/oshi-core,oshi.jna.platform.mac,CoreGraphics.CGRect,7,0,0,0,3,0,2,0,2,0
oshi-dist/oshi-core,oshi.jna.platform.mac,SystemB.MacUtmpx,23,0,0,0,6,0,1,0,1,0
oshi-dist/oshi-core,oshi.jna.platform.mac,SystemB.ProcFileInfo,3,0,0,0,1,0,1,0,1,0
oshi-dist/oshi-core,oshi.jna.platform.mac,IOKit.SMCKeyData,11,0,0,0,4,0,2,0,2,0
oshi-dist/oshi-core,oshi.jna.platform.mac,SystemB.SocketInfo,15,0,0,0,4,0,1,0,1,0
oshi-dist/oshi-core,oshi.jna.platform.mac,CoreGraphics.CGPoint,3,0,0,0,1,0,1,0,1,0
oshi-dist/oshi-core,oshi.jna.platform.mac,IOKit,6,0,0,0,1,0,1,0,1,0
oshi-dist/oshi-core,oshi.jna.platform.mac,SystemB,6,0,0,0,1,0,1,0,1,0
oshi-dist/oshi-core,oshi.jna.platform.mac,SystemB.TcpSockInfo,7,0,0,0,2,0,1,0,1,0
oshi-dist/oshi-core,oshi.jna.platform.mac,SystemConfiguration.SCNetworkInterfaceRef,7,0,0,0,4,0,2,0,2,0
oshi-dist/oshi-core,oshi.jna.platform.mac,SystemB.Pri,7,0,0,0,2,0,1,0,1,0
oshi-dist/oshi-core,oshi.jna.platform.mac,SystemConfiguration,6,0,0,0,1,0,1,0,1,0
oshi-dist/oshi-core,oshi.jna.platform.mac,CoreGraphics.CGSize,3,0,0,0,1,0,1,0,1,0
oshi-dist/oshi-core,oshi.jna.platform.mac,IOKit.SMCKeyDataPLimitData,3,0,0,0,1,0,1,0,1,0
oshi-dist/oshi-core,oshi.driver.unix.openbsd.disk,Disklabel,322,0,28,0,50,0,17,0,3,0
oshi-dist/oshi-core,oshi.software.common,AbstractOSProcess,106,0,8,0,17,0,10,0,6,0
oshi-dist/oshi-core,oshi.software.common,AbstractOperatingSystem,359,0,50,0,50,0,44,0,19,0
oshi-dist/oshi-core,oshi.software.common,AbstractInternetProtocolStats,27,0,0,0,4,0,4,0,4,0
oshi-dist/oshi-core,oshi.software.common,AbstractOSFileStore,119,0,0,0,21,0,9,0,9,0
oshi-dist/oshi-core,oshi.software.common,AbstractNetworkParams,176,0,20,0,39,0,16,0,6,0
oshi-dist/oshi-core,oshi.software.common,AbstractFileSystem,22,0,0,0,6,0,3,0,3,0
oshi-dist/oshi-core,oshi.software.common,AbstractOSThread,156,0,10,0,17,0,11,0,6,0
oshi-dist/oshi-core,oshi.hardware,NetworkIF,10,0,0,0,5,0,5,0,5,0
oshi-dist/oshi-core,oshi.hardware,PhysicalMemory,102,0,0,0,19,0,7,0,7,0
oshi-dist/oshi-core,oshi.hardware,CentralProcessor.ProcessorCache.Type,44,0,0,0,3,0,2,0,2,0
oshi-dist/oshi-core,oshi.hardware,CentralProcessor.TickType,70,0,0,0,13,0,3,0,3,0
oshi-dist/oshi-core,oshi.hardware,HardwareAbstractionLayer,2,0,0,0,1,0,1,0,1,0
oshi-dist/oshi-core,oshi.hardware,CentralProcessor,46,0,4,0,12,0,4,0,2,0
oshi-dist/oshi-core,oshi.hardware,CentralProcessor.PhysicalProcessor,61,0,0,0,13,0,7,0,7,0
oshi-dist/oshi-core,oshi.hardware,HWPartition,121,0,2,0,26,0,11,0,10,0
oshi-dist/oshi-core,oshi.hardware,CentralProcessor.LogicalProcessor,81,0,0,0,17,0,9,0,9,0
oshi-dist/oshi-core,oshi.hardware,CentralProcessor.ProcessorCache,166,0,18,0,23,0,19,0,10,0
oshi-dist/oshi-core,oshi.hardware,NetworkIF.IfOperStatus,81,0,2,0,14,0,6,0,5,0
oshi-dist/oshi-core,oshi.hardware,CentralProcessor.ProcessorIdentifier,261,0,28,0,64,0,28,0,14,0
oshi-dist/oshi-core,oshi.hardware,PowerSource.CapacityUnits,21,0,0,0,4,0,1,0,1,0
oshi-dist/oshi-core-java11,oshi.driver.windows,EnumWindows,122,0,14,0,26,0,11,0,4,0
oshi-dist/oshi-core-java11,oshi.driver.windows,DeviceTree,250,0,18,0,48,0,13,0,4,0
oshi-dist/oshi-core-java11,oshi.driver.windows,LogicalProcessorInformation,553,0,49,0,90,0,36,0,10,0
oshi-dist/oshi-core-java11,oshi.util.platform.windows,PerfCounterQuery,289,0,27,0,58,0,21,0,6,0
oshi-dist/oshi-core-java11,oshi.util.platform.windows,PerfDataUtil.PerfCounter,76,0,4,0,20,0,8,0,6,0
oshi-dist/oshi-core-java11,oshi.util.platform.windows,PerfCounterQueryHandler,201,0,26,0,55,0,21,0,8,0
oshi-dist/oshi-core-java11,oshi.util.platform.windows,PerfDataUtil,255,0,36,0,53,0,27,0,9,0
oshi-dist/oshi-core-java11,oshi.util.platform.windows,WmiQueryHandler,294,0,37,0,79,0,35,0,15,0
oshi-dist/oshi-core-java11,oshi.util.platform.windows,WmiUtil,556,0,38,0,67,0,32,0,13,0
oshi-dist/oshi-core-java11,oshi.util.platform.windows,PerfCounterWildcardQuery,360,0,37,0,72,0,25,0,5,0
oshi-dist/oshi-core-java11,oshi.driver.unix.solaris,PsInfo,462,0,44,0,78,0,31,0,9,0
oshi-dist/oshi-core-java11,oshi.driver.unix.solaris,Who,84,0,14,0,15,0,9,0,2,0
oshi-dist/oshi-core-java11,oshi.software.os,OSService,21,0,0,0,8,0,4,0,4,0
oshi-dist/oshi-core-java11,oshi.software.os,OSService.State,21,0,0,0,2,0,1,0,1,0
oshi-dist/oshi-core-java11,oshi.software.os,OSThread.ThreadFiltering,12,0,2,0,1,0,3,0,2,0
oshi-dist/oshi-core-java11,oshi.software.os,OSThread,12,0,0,0,6,0,6,0,6,0
oshi-dist/oshi-core-java11,oshi.software.os,OSSession,89,0,8,0,17,0,11,0,7,0
oshi-dist/oshi-core-java11,oshi.software.os,InternetProtocolStats.IPConnection,107,0,0,0,29,0,11,0,11,0
oshi-dist/oshi-core-java11,oshi.software.os,InternetProtocolStats.TcpStats,85,0,0,0,23,0,12,0,12,0
oshi-dist/oshi-core-java11,oshi.software.os,OSDesktopWindow,62,0,0,0,18,0,9,0,9,0
oshi-dist/oshi-core-java11,oshi.software.os,InternetProtocolStats.TcpState,81,0,0,0,3,0,1,0,1,0
oshi-dist/oshi-core-java11,oshi.software.os,OSProcess.State,57,0,0,0,10,0,1,0,1,0
oshi-dist/oshi-core-java11,oshi.software.os,OperatingSystem.OSVersionInfo,63,0,6,0,15,0,8,0,5,0
oshi-dist/oshi-core-java11,oshi.software.os,InternetProtocolStats.UdpStats,37,0,0,0,11,0,6,0,6,0
oshi-dist/oshi-core-java11,oshi.software.os,OperatingSystem.ProcessSorting,29,0,0,0,11,0,2,0,2,0
oshi-dist/oshi-core-java11,oshi.software.os,OSProcess,6,0,0,0,3,0,3,0,3,0
oshi-dist/oshi-core-java11,oshi.software.os,OperatingSystem,38,0,2,0,7,0,7,0,6,0
oshi-dist/oshi-core-java11,oshi.software.os,OperatingSystem.ProcessFiltering,47,0,8,0,5,0,10,0,6,0
oshi-dist/oshi-core-java11,oshi.hardware.common,AbstractVirtualMemory,50,0,0,0,11,0,2,0,2,0
oshi-dist/oshi-core-java11,oshi.hardware.common,AbstractUsbDevice,149,0,8,0,29,0,15,0,11,0
oshi-dist/oshi-core-java11,oshi.hardware.common,AbstractLogicalVolumeGroup,100,0,6,0,21,0,8,0,5,0
oshi-dist/oshi-core-java11,oshi.hardware.common,AbstractGraphicsCard,99,0,0,0,27,0,7,0,7,0
oshi-dist/oshi-core-java11,oshi.hardware.common,AbstractHWDiskStore,152,0,16,0,22,0,14,0,6,0
oshi-dist/oshi-core-java11,oshi.hardware.common,AbstractSoundCard,69,0,0,0,19,0,5,0,5,0
oshi-dist/oshi-core-java11,oshi.hardware.common,AbstractNetworkIF,511,0,32,0,92,0,36,0,20,0
oshi-dist/oshi-core-java11,oshi.hardware.common,AbstractPowerSource,533,0,21,0,117,0,39,0,26,0
oshi-dist/oshi-core-java11,oshi.hardware.common,AbstractFirmware,64,0,2,0,11,0,6,0,5,0
oshi-dist/oshi-core-java11,oshi.hardware.common,AbstractComputerSystem,64,0,0,0,11,0,4,0,4,0
oshi-dist/oshi-core-java11,oshi.hardware.common,AbstractDisplay,20,0,0,0,5,0,3,0,3,0
oshi-dist/oshi-core-java11,oshi.hardware.common,AbstractGlobalMemory,174,0,21,0,45,0,16,0,3,0
oshi-dist/oshi-core-java11,oshi.hardware.common,AbstractBaseboard,44,0,0,0,7,0,2,0,2,0
oshi-dist/oshi-core-java11,oshi.hardware.common,AbstractCentralProcessor,964,0,87,0,195,0,82,0,24,0
oshi-dist/oshi-core-java11,oshi.hardware.common,AbstractSensors,71,0,0,0,12,0,5,0,5,0
oshi-dist/oshi-core-java11,oshi.hardware.common,AbstractHardwareAbstractionLayer,47,0,0,0,10,0,6,0,6,0
oshi-dist/oshi-core-java11,oshi.software.os.windows,WindowsOperatingSystem,915,0,111,0,222,0,95,0,39,0
oshi-dist/oshi-core-java11,oshi.software.os.windows,WindowsFileSystem,598,0,48,0,113,0,36,0,10,0
oshi-dist/oshi-core-java11,oshi.software.os.windows,WindowsOSThread,163,0,16,0,48,0,23,0,13,0
oshi-dist/oshi-core-java11,oshi.software.os.windows,WindowsNetworkParams,213,0,22,0,50,0,20,0,9,0
oshi-dist/oshi-core-java11,oshi.software.os.windows,WindowsOSProcess,938,0,88,0,221,0,86,0,42,0
oshi-dist/oshi-core-java11,oshi.software.os.windows,WindowsOSFileStore,140,0,10,0,35,0,15,0,10,0
oshi-dist/oshi-core-java11,oshi.software.os.windows,WindowsInternetProtocolStats,597,0,46,0,114,0,40,0,12,0
oshi-dist/oshi-core-java11,oshi.util.platform.unix.solaris,KstatUtil,368,0,38,0,77,0,29,0,6,0
oshi-dist/oshi-core-java11,oshi.util.platform.unix.solaris,KstatUtil.KstatChain,128,0,22,0,25,0,17,0,6,0
oshi-dist/oshi-core-java11,oshi.software.os.mac,MacNetworkParams,151,0,18,0,37,0,15,0,6,0
oshi-dist/oshi-core-java11,oshi.software.os.mac,MacOperatingSystem,555,0,62,0,104,0,56,0,25,0
oshi-dist/oshi-core-java11,oshi.software.os.mac,MacOSFileStore,118,0,6,0,31,0,13,0,10,0
oshi-dist/oshi-core-java11,oshi.software.os.mac,MacOSProcess,682,0,57,0,152,0,68,0,37,0
oshi-dist/oshi-core-java11,oshi.software.os.mac,MacOSThread,46,0,0,0,16,0,8,0,8,0
oshi-dist/oshi-core-java11,oshi.software.os.mac,MacInternetProtocolStats,762,0,58,0,146,0,47,0,13,0
oshi-dist/oshi-core-java11,oshi.software.os.mac,MacFileSystem,482,0,56,0,104,0,37,0,9,0
oshi-dist/oshi-core-java11,oshi.driver.windows.perfmon,SystemInformation.ProcessorQueueLengthProperty,28,0,0,0,8,0,4,0,4,0
oshi-dist/oshi-core-java11,oshi.driver.windows.perfmon,MemoryInformation.PageSwapProperty,36,0,0,0,9,0,4,0,4,0
oshi-dist/oshi-core-java11,oshi.driver.windows.perfmon,ProcessInformation,39,0,6,0,9,0,6,0,3,0
oshi-dist/oshi-core-java11,oshi.driver.windows.perfmon,PerfmonConstants,6,0,0,0,2,0,1,0,1,0
oshi-dist/oshi-core-java11,oshi.driver.windows.perfmon,ProcessorInformation.InterruptsProperty,28,0,0,0,8,0,4,0,4,0
oshi-dist/oshi-core-java11,oshi.driver.windows.perfmon,PagingFile.PagingPercentProperty,28,0,0,0,8,0,4,0,4,0
oshi-dist/oshi-core-java11,oshi.driver.windows.perfmon,PerfmonDisabled,105,0,8,0,19,0,7,0,3,0
oshi-dist/oshi-core-java11,oshi.driver.windows.perfmon,ProcessorInformation.ProcessorFrequencyProperty,28,0,0,0,7,0,3,0,3,0
oshi-dist/oshi-core-java11,oshi.driver.windows.perfmon,LoadAverage,144,0,10,0,30,0,10,0,5,0
oshi-dist/oshi-core-java11,oshi.driver.windows.perfmon,ProcessInformation.IdleProcessorTimeProperty,35,0,0,0,8,0,3,0,3,0
oshi-dist/oshi-core-java11,oshi.driver.windows.perfmon,SystemInformation,18,0,4,0,6,0,4,0,2,0
oshi-dist/oshi-core-java11,oshi.driver.windows.perfmon,ThreadInformation,13,0,2,0,3,0,2,0,1,0
oshi-dist/oshi-core-java11,oshi.driver.windows.perfmon,ProcessorInformation,58,0,10,0,14,0,10,0,5,0
oshi-dist/oshi-core-java11,oshi.driver.windows.perfmon,MemoryInformation,9,0,2,0,3,0,2,0,1,0
oshi-dist/oshi-core-java11,oshi.driver.windows.perfmon,PhysicalDisk,13,0,2,0,3,0,2,0,1,0
oshi-dist/oshi-core-java11,oshi.driver.windows.perfmon,PagingFile,9,0,2,0,3,0,2,0,1,0
oshi-dist/oshi-core-java11,oshi.driver.windows.perfmon,ThreadInformation.ThreadPerformanceProperty,91,0,0,0,16,0,3,0,3,0
oshi-dist/oshi-core-java11,oshi.driver.windows.perfmon,SystemInformation.ContextSwitchProperty,28,0,0,0,8,0,4,0,4,0
oshi-dist/oshi-core-java11,oshi.driver.windows.perfmon,ProcessInformation.HandleCountProperty,28,0,0,0,7,0,3,0,3,0
oshi-dist/oshi-core-java11,oshi.driver.windows.perfmon,ProcessInformation.ProcessPerformanceProperty,77,0,0,0,14,0,3,0,3,0
oshi-dist/oshi-core-java11,oshi.driver.windows.perfmon,ProcessorInformation.ProcessorUtilityTickCountProperty,84,0,0,0,15,0,3,0,3,0
oshi-dist/oshi-core-java11,oshi.driver.windows.perfmon,PhysicalDisk.PhysicalDiskProperty,63,0,0,0,12,0,3,0,3,0
oshi-dist/oshi-core-java11,oshi.driver.windows.perfmon,LoadAverage.new Thread() {...},153,0,12,0,35,0,8,0,2,0
oshi-dist/oshi-core-java11,oshi.driver.windows.perfmon,ProcessorInformation.ProcessorTickCountProperty,56,0,0,0,11,0,3,0,3,0
oshi-dist/oshi-core-java11,oshi.driver.unix.freebsd,Who,82,0,14,0,15,0,9,0,2,0
oshi-dist/oshi-core-java11,oshi.jna,Struct.CloseableVMStatistics,7,0,0,0,3,0,2,0,2,0
oshi-dist/oshi-core-java11,oshi.jna,ByRef.CloseableHANDLEByReference,7,0,0,0,3,0,2,0,2,0
oshi-dist/oshi-core-java11,oshi.jna,Struct.CloseableMibUdpStats,7,0,0,0,3,0,2,0,2,0
oshi-dist/oshi-core-java11,oshi.jna,Struct.CloseableVnodePathInfo,7,0,0,0,3,0,2,0,2,0
oshi-dist/oshi-core-java11,oshi.jna,ByRef.CloseableIntByReference,11,0,0,0,6,0,3,0,3,0
oshi-dist/oshi-core-java11,oshi.jna,ByRef.CloseablePointerByReference,7,0,0,0,3,0,2,0,2,0
oshi-dist/oshi-core-java11,oshi.jna,Struct.CloseableSpDevinfoData,7,0,0,0,3,0,2,0,2,0
oshi-dist/oshi-core-java11,oshi.jna,Struct.CloseableMibTcpStats,7,0,0,0,3,0,2,0,2,0
oshi-dist/oshi-core-java11,oshi.jna,ByRef.CloseableLONGLONGByReference,7,0,0,0,3,0,2,0,2,0
oshi-dist/oshi-core-java11,oshi.jna,Struct.CloseableXswUsage,7,0,0,0,3,0,2,0,2,0
oshi-dist/oshi-core-java11,oshi.jna,Struct.CloseableMibIfRow2,7,0,0,0,3,0,2,0,2,0
oshi-dist/oshi-core-java11,oshi.jna,Struct.CloseableSysinfo,7,0,0,0,3,0,2,0,2,0
oshi-dist/oshi-core-java11,oshi.jna,Struct.CloseableProcTaskInfo,7,0,0,0,3,0,2,0,2,0
oshi-dist/oshi-core-java11,oshi.jna,ByRef.CloseableULONGptrByReference,7,0,0,0,3,0,2,0,2,0
oshi-dist/oshi-core-java11,oshi.jna,Struct.CloseableHostCpuLoadInfo,7,0,0,0,3,0,2,0,2,0
oshi-dist/oshi-core-java11,oshi.jna,Struct.CloseablePerformanceInformation,7,0,0,0,3,0,2,0,2,0
oshi-dist/oshi-core-java11,oshi.jna,Struct.CloseableRUsageInfoV2,7,0,0,0,3,0,2,0,2,0
oshi-dist/oshi-core-java11,oshi.jna,ByRef.CloseablePROCESSENTRY32ByReference,7,0,0,0,3,0,2,0,2,0
oshi-dist/oshi-core-java11,oshi.jna,Struct.CloseableMibIfRow,7,0,0,0,3,0,2,0,2,0
oshi-dist/oshi-core-java11,oshi.jna,ByRef.CloseableNativeLongByReference,11,0,0,0,6,0,3,0,3,0
oshi-dist/oshi-core-java11,oshi.jna,Struct.CloseableSystemInfo,7,0,0,0,3,0,2,0,2,0
oshi-dist/oshi-core-java11,oshi.jna,Struct.CloseablePdhRawCounter,7,0,0,0,3,0,2,0,2,0
oshi-dist/oshi-core-java11,oshi.jna,ByRef.CloseableLongByReference,11,0,0,0,6,0,3,0,3,0
oshi-dist/oshi-core-java11,oshi.jna,Struct.CloseableSpDeviceInterfaceData,7,0,0,0,3,0,2,0,2,0
oshi-dist/oshi-core-java11,oshi.jna,ByRef.CloseableSizeTByReference,11,0,0,0,6,0,3,0,3,0
oshi-dist/oshi-core-java11,oshi.jna,Struct.CloseableProcTaskAllInfo,7,0,0,0,3,0,2,0,2,0
oshi-dist/oshi-core-java11,oshi.jna,Struct.CloseableTimeval,7,0,0,0,3,0,2,0,2,0
oshi-dist/oshi-core-java11,oshi.driver.unix.solaris.disk,Iostat,241,0,34,0,51,0,19,0,2,0
oshi-dist/oshi-core-java11,oshi.driver.unix.solaris.disk,Lshal,54,0,8,0,13,0,5,0,1,0
oshi-dist/oshi-core-java11,oshi.driver.unix.solaris.disk,Prtvtoc,182,0,37,0,60,0,27,0,1,0
oshi-dist/oshi-core-java11,oshi.driver.unix.aix,PsInfo,453,0,50,0,81,0,32,0,7,0
oshi-dist/oshi-core-java11,oshi.driver.unix.aix,Who,40,0,4,0,11,0,4,0,2,0
oshi-dist/oshi-core-java11,oshi.driver.unix.aix,Ls,61,0,10,0,11,0,6,0,1,0
oshi-dist/oshi-core-java11,oshi.driver.unix.aix,Uptime,68,0,10,0,16,0,7,0,2,0
oshi-dist/oshi-core-java11,oshi.driver.unix.aix,Lssrad,95,0,14,0,20,0,8,0,1,0
oshi-dist/oshi-core-java11,oshi.driver.unix.aix,Lscfg,170,0,28,0,40,0,17,0,3,0
oshi-dist/oshi-core-java11,oshi.driver.unix.aix,Lspv,228,0,24,0,37,0,13,0,1,0
oshi-dist/oshi-core-java11,oshi.util.platform.unix.freebsd,BsdSysctlUtil,243,0,14,0,45,0,13,0,6,0
oshi-dist/oshi-core-java11,oshi.util.platform.unix.freebsd,ProcstatUtil,130,0,20,0,23,0,13,0,3,0
oshi-dist/oshi-core-java11,oshi.software.os.unix.freebsd,FreeBsdOperatingSystem.PsKeywords,123,0,0,0,3,0,1,0,1,0
oshi-dist/oshi-core-java11,oshi.software.os.unix.freebsd,FreeBsdOSThread,236,0,14,0,55,0,24,0,15,0
oshi-dist/oshi-core-java11,oshi.software.os.unix.freebsd,FreeBsdNetworkParams,91,0,6,0,24,0,9,0,6,0
oshi-dist/oshi-core-java11,oshi.software.os.unix.freebsd,FreeBsdInternetProtocolStats,239,0,8,0,44,0,10,0,6,0
oshi-dist/oshi-core-java11,oshi.software.os.unix.freebsd,FreeBsdFileSystem,319,0,42,0,66,0,27,0,6,0
oshi-dist/oshi-core-java11,oshi.software.os.unix.freebsd,FreeBsdOperatingSystem,387,0,32,0,72,0,42,0,26,0
oshi-dist/oshi-core-java11,oshi.software.os.unix.freebsd,FreeBsdOSFileStore,125,0,8,0,32,0,14,0,10,0
oshi-dist/oshi-core-java11,oshi.software.os.unix.freebsd,FreeBsdOSProcess.PsThreadColumns,75,0,0,0,2,0,1,0,1,0
oshi-dist/oshi-core-java11,oshi.software.os.unix.freebsd,FreeBsdOSProcess,806,0,44,0,169,0,68,0,44,0
oshi-dist/oshi-core-java11,oshi.driver.linux.proc,CpuStat,214,0,34,0,48,0,22,0,5,0
oshi-dist/oshi-core-java11,oshi.driver.linux.proc,UpTime,20,0,2,0,7,0,2,0,1,0
oshi-dist/oshi-core-java11,oshi.driver.linux.proc,DiskStats,77,0,10,0,15,0,6,0,1,0
oshi-dist/oshi-core-java11,oshi.driver.linux.proc,ProcessStat.PidStatM,45,0,0,0,8,0,1,0,1,0
oshi-dist/oshi-core-java11,oshi.driver.linux.proc,Auxv,26,0,4,0,7,0,3,0,1,0
oshi-dist/oshi-core-java11,oshi.driver.linux.proc,DiskStats.IoStat,123,0,0,0,21,0,1,0,1,0
oshi-dist/oshi-core-java11,oshi.driver.linux.proc,CpuInfo,139,0,33,0,46,0,28,0,3,0
oshi-dist/oshi-core-java11,oshi.driver.linux.proc,ProcessStat,328,0,32,0,60,0,30,0,12,0
oshi-dist/oshi-core-java11,oshi.driver.linux.proc,ProcessStat.PidStat,315,0,0,0,53,0,1,0,1,0
oshi-dist/oshi-core-java11,oshi.hardware.platform.mac,MacGlobalMemory,254,0,21,0,56,0,23,0,11,0
oshi-dist/oshi-core-java11,oshi.hardware.platform.mac,MacVirtualMemory,143,0,4,0,28,0,12,0,10,0
oshi-dist/oshi-core-java11,oshi.hardware.platform.mac,MacUsbDevice,559,0,44,0,116,0,31,0,9,0
oshi-dist/oshi-core-java11,oshi.hardware.platform.mac,MacHWDiskStore,781,0,74,0,196,0,51,0,14,0
oshi-dist/oshi-core-java11,oshi.hardware.platform.mac,MacSoundCard,60,0,6,0,20,0,5,0,2,0
oshi-dist/oshi-core-java11,oshi.hardware.platform.mac,MacPowerSource,404,0,42,0,112,0,24,0,3,0
oshi-dist/oshi-core-java11,oshi.hardware.platform.mac,MacFirmware,223,0,44,0,57,0,30,0,7,0
oshi-dist/oshi-core-java11,oshi.hardware.platform.mac,MacDisplay,81,0,8,0,26,0,7,0,3,0
oshi-dist/oshi-core-java11,oshi.hardware.platform.mac,MacLogicalVolumeGroup,140,0,16,0,30,0,13,0,5,0
oshi-dist/oshi-core-java11,oshi.hardware.platform.mac,MacCentralProcessor,878,0,80,0,170,0,62,0,22,0
oshi-dist/oshi-core-java11,oshi.hardware.platform.mac,MacComputerSystem,115,0,14,0,27,0,15,0,8,0
oshi-dist/oshi-core-java11,oshi.hardware.platform.mac,MacHardwareAbstractionLayer,37,0,0,0,13,0,13,0,13,0
oshi-dist/oshi-core-java11,oshi.hardware.platform.mac,MacSensors,79,0,6,0,20,0,7,0,4,0
oshi-dist/oshi-core-java11,oshi.hardware.platform.mac,MacHWDiskStore.CFKey,126,0,0,0,12,0,3,0,3,0
oshi-dist/oshi-core-java11,oshi.hardware.platform.mac,MacNetworkIF,206,0,12,0,56,0,23,0,17,0
oshi-dist/oshi-core-java11,oshi.hardware.platform.mac,MacBaseboard,139,0,24,0,34,0,18,0,6,0
oshi-dist/oshi-core-java11,oshi.hardware.platform.mac,MacGraphicsCard,152,0,22,0,32,0,13,0,2,0
oshi-dist/oshi-core-java11,oshi.hardware.platform.unix.openbsd,OpenBsdComputerSystem,78,0,0,0,16,0,11,0,11,0
oshi-dist/oshi-core-java11,oshi.hardware.platform.unix.openbsd,OpenBsdHardwareAbstractionLayer,35,0,0,0,12,0,12,0,12,0
oshi-dist/oshi-core-java11,oshi.hardware.platform.unix.openbsd,OpenBsdUsbDevice,362,0,32,0,69,0,22,0,6,0
oshi-dist/oshi-core-java11,oshi.hardware.platform.unix.openbsd,OpenBsdVirtualMemory,156,0,12,0,29,0,15,0,9,0
oshi-dist/oshi-core-java11,oshi.hardware.platform.unix.openbsd,OpenBsdSensors,202,0,24,0,36,0,18,0,6,0
oshi-dist/oshi-core-java11,oshi.hardware.platform.unix.openbsd,OpenBsdGlobalMemory,125,0,6,0,27,0,12,0,9,0
oshi-dist/oshi-core-java11,oshi.hardware.platform.unix.openbsd,OpenBsdSoundCard,163,0,16,0,35,0,11,0,3,0
oshi-dist/oshi-core-java11,oshi.hardware.platform.unix.openbsd,OpenBsdFirmware,89,0,10,0,18,0,10,0,5,0
oshi-dist/oshi-core-java11,oshi.hardware.platform.unix.openbsd,OpenBsdGraphicsCard,199,0,42,0,43,0,24,0,3,0
oshi-dist/oshi-core-java11,oshi.hardware.platform.unix.openbsd,OpenBsdPowerSource,388,0,66,0,73,0,36,0,3,0
oshi-dist/oshi-core-java11,oshi.hardware.platform.unix.openbsd,OpenBsdCentralProcessor,784,0,65,0,136,0,48,0,15,0
oshi-dist/oshi-core-java11,oshi.hardware.platform.unix.openbsd,OpenBsdHWDiskStore,298,0,22,0,67,0,23,0,12,0
oshi-dist/oshi-core-java11,oshi.driver.unix.aix.perfstat,PerfstatConfig,23,0,2,0,6,0,3,0,2,0
oshi-dist/oshi-core-java11,oshi.driver.unix.aix.perfstat,PerfstatDisk,41,0,4,0,10,0,4,0,2,0
oshi-dist/oshi-core-java11,oshi.driver.unix.aix.perfstat,PerfstatNetInterface,41,0,4,0,10,0,4,0,2,0
oshi-dist/oshi-core-java11,oshi.driver.unix.aix.perfstat,PerfstatCpu,80,0,10,0,19,0,9,0,4,0
oshi-dist/oshi-core-java11,oshi.driver.unix.aix.perfstat,PerfstatProtocol,41,0,4,0,10,0,4,0,2,0
oshi-dist/oshi-core-java11,oshi.driver.unix.aix.perfstat,PerfstatProcess,44,0,4,0,10,0,4,0,2,0
oshi-dist/oshi-core-java11,oshi.driver.unix.aix.perfstat,PerfstatMemory,23,0,2,0,6,0,3,0,2,0
oshi-dist/oshi-core-java11,oshi.driver.unix.freebsd.disk,GeomPartList,208,0,32,0,53,0,17,0,1,0
oshi-dist/oshi-core-java11,oshi.driver.unix.freebsd.disk,GeomDiskList,121,0,18,0,29,0,10,0,1,0
oshi-dist/oshi-core-java11,oshi.driver.unix.freebsd.disk,Mount,38,0,4,0,8,0,4,0,2,0
oshi-dist/oshi-core-java11,oshi.driver.unix,Who,165,0,16,0,37,0,12,0,4,0
oshi-dist/oshi-core-java11,oshi.driver.unix,NetStat,481,0,62,0,102,0,42,0,5,0
oshi-dist/oshi-core-java11,oshi.driver.unix,Xwininfo,255,0,22,0,48,0,14,0,3,0
oshi-dist/oshi-core-java11,oshi.driver.unix,Xrandr,77,0,12,0,20,0,8,0,2,0
oshi-dist/oshi-core-java11,oshi.software.os.unix.openbsd,OpenBsdOSFileStore,124,0,8,0,32,0,14,0,10,0
oshi-dist/oshi-core-java11,oshi.software.os.unix.openbsd,OpenBsdNetworkParams,11,0,0,0,3,0,3,0,3,0
oshi-dist/oshi-core-java11,oshi.software.os.unix.openbsd,OpenBsdOSThread,225,0,14,0,55,0,24,0,15,0
oshi-dist/oshi-core-java11,oshi.software.os.unix.openbsd,OpenBsdOperatingSystem,385,0,34,0,78,0,39,0,22,0
oshi-dist/oshi-core-java11,oshi.software.os.unix.openbsd,OpenBsdOSProcess,795,0,46,0,176,0,67,0,42,0
oshi-dist/oshi-core-java11,oshi.software.os.unix.openbsd,OpenBsdOperatingSystem.PsKeywords,111,0,0,0,3,0,1,0,1,0
oshi-dist/oshi-core-java11,oshi.software.os.unix.openbsd,OpenBsdOSProcess.PsThreadColumns,63,0,0,0,2,0,1,0,1,0
oshi-dist/oshi-core-java11,oshi.software.os.unix.openbsd,OpenBsdFileSystem,286,0,38,0,59,0,27,0,8,0
oshi-dist/oshi-core-java11,oshi.software.os.unix.openbsd,OpenBsdInternetProtocolStats,9,0,0,0,3,0,3,0,3,0
oshi-dist/oshi-core-java11,oshi.util,Util,78,0,16,0,16,0,14,0,6,0
oshi-dist/oshi-core-java11,oshi.util,FileSystemUtil,104,0,20,0,20,0,14,0,4,0
oshi-dist/oshi-core-java11,oshi.util,Memoizer.new Supplier() {...},73,0,10,0,14,0,7,0,2,0
oshi-dist/oshi-core-java11,oshi.util,UserGroupInfo,123,0,12,0,30,0,11,0,5,0
oshi-dist/oshi-core-java11,oshi.util,GlobalConfig,74,0,8,0,19,0,14,0,10,0
oshi-dist/oshi-core-java11,oshi.util,Constants,14,0,0,0,4,0,2,0,2,0
oshi-dist/oshi-core-java11,oshi.util,ParseUtil,2021,0,272,0,423,0,194,0,55,0
oshi-dist/oshi-core-java11,oshi.util,Memoizer,29,0,0,0,6,0,5,0,5,0
oshi-dist/oshi-core-java11,oshi.util,FileUtil,533,0,78,0,125,0,61,0,22,0
oshi-dist/oshi-core-java11,oshi.util,EdidUtil,547,0,23,0,65,0,31,0,17,0
oshi-dist/oshi-core-java11,oshi.util,FormatUtil,334,0,36,0,56,0,30,0,12,0
oshi-dist/oshi-core-java11,oshi.util,GlobalConfig.PropertyException,14,0,0,0,4,0,2,0,2,0
oshi-dist/oshi-core-java11,oshi.util,ExecutingCommand,148,0,14,0,44,0,15,0,8,0
oshi-dist/oshi-core-java11,oshi.driver.windows.registry,ProcessWtsData,207,0,14,0,36,0,11,0,4,0
oshi-dist/oshi-core-java11,oshi.driver.windows.registry,HkeyPerformanceDataUtil,487,0,38,0,94,0,24,0,5,0
oshi-dist/oshi-core-java11,oshi.driver.windows.registry,ProcessWtsData.WtsInfo,45,0,0,0,16,0,8,0,8,0
oshi-dist/oshi-core-java11,oshi.driver.windows.registry,ThreadPerformanceData.PerfCounterBlock,69,0,0,0,24,0,12,0,12,0
oshi-dist/oshi-core-java11,oshi.driver.windows.registry,ProcessPerformanceData.PerfCounterBlock,58,0,0,0,20,0,10,0,10,0
oshi-dist/oshi-core-java11,oshi.driver.windows.registry,ProcessPerformanceData,291,0,26,0,55,0,16,0,3,0
oshi-dist/oshi-core-java11,oshi.driver.windows.registry,SessionWtsData,213,0,16,0,50,0,11,0,3,0
oshi-dist/oshi-core-java11,oshi.driver.windows.registry,HkeyUserData,144,0,20,0,30,0,12,0,2,0
oshi-dist/oshi-core-java11,oshi.driver.windows.registry,ThreadPerformanceData,351,0,22,0,65,0,13,0,2,0
oshi-dist/oshi-core-java11,oshi.driver.windows.registry,NetSessionData,91,0,6,0,15,0,5,0,2,0
oshi-dist/oshi-core-java11,oshi.driver.windows.wmi,Win32ComputerSystem.ComputerSystemProperty,15,0,0,0,2,0,1,0,1,0
oshi-dist/oshi-core-java11,oshi.driver.windows.wmi,MSFTStorage.StoragePoolProperty,15,0,0,0,2,0,1,0,1,0
oshi-dist/oshi-core-java11,oshi.driver.windows.wmi,Win32VideoController,12,0,0,0,2,0,1,0,1,0
oshi-dist/oshi-core-java11,oshi.driver.windows.wmi,Win32Processor.VoltProperty,15,0,0,0,2,0,1,0,1,0
oshi-dist/oshi-core-java11,oshi.driver.windows.wmi,Win32DiskPartition,11,0,0,0,2,0,1,0,1,0
oshi-dist/oshi-core-java11,oshi.driver.windows.wmi,Win32ComputerSystem,12,0,0,0,2,0,1,0,1,0
oshi-dist/oshi-core-java11,oshi.driver.windows.wmi,Win32BaseBoard,12,0,0,0,2,0,1,0,1,0
oshi-dist/oshi-core-java11,oshi.driver.windows.wmi,Win32Fan,12,0,0,0,2,0,1,0,1,0
oshi-dist/oshi-core-java11,oshi.driver.windows.wmi,Win32DiskDriveToDiskPartition,11,0,0,0,2,0,1,0,1,0
oshi-dist/oshi-core-java11,oshi.driver.windows.wmi,Win32Processor.BitnessProperty,9,0,0,0,2,0,1,0,1,0
oshi-dist/oshi-core-java11,oshi.driver.windows.wmi,Win32DiskDrive.DiskDriveProperty,39,0,0,0,2,0,1,0,1,0
oshi-dist/oshi-core-java11,oshi.driver.windows.wmi,Win32OperatingSystem.OSVersionProperty,33,0,0,0,2,0,1,0,1,0
oshi-dist/oshi-core-java11,oshi.driver.windows.wmi,OhmHardware,30,0,0,0,4,0,1,0,1,0
oshi-dist/oshi-core-java11,oshi.driver.windows.wmi,MSFTStorage.PhysicalDiskProperty,21,0,0,0,2,0,1,0,1,0
oshi-dist/oshi-core-java11,oshi.driver.windows.wmi,Win32Process.CommandLineProperty,15,0,0,0,2,0,1,0,1,0
oshi-dist/oshi-core-java11,oshi.driver.windows.wmi,Win32DiskPartition.DiskPartitionProperty,45,0,0,0,2,0,1,0,1,0
oshi-dist/oshi-core-java11,oshi.driver.windows.wmi,Win32ProcessCached,110,0,10,0,24,0,10,0,5,0
oshi-dist/oshi-core-java11,oshi.driver.windows.wmi,OhmSensor,32,0,0,0,5,0,1,0,1,0
oshi-dist/oshi-core-java11,oshi.driver.windows.wmi,Win32Process,54,0,4,0,12,0,4,0,2,0
oshi-dist/oshi-core-java11,oshi.driver.windows.wmi,MSFTStorage,48,0,0,0,8,0,4,0,4,0
oshi-dist/oshi-core-java11,oshi.driver.windows.wmi,Win32Bios.BiosProperty,33,0,0,0,2,0,1,0,1,0
oshi-dist/oshi-core-java11,oshi.driver.windows.wmi,MSAcpiThermalZoneTemperature,13,0,0,0,2,0,1,0,1,0
oshi-dist/oshi-core-java11,oshi.driver.windows.wmi,Win32BaseBoard.BaseBoardProperty,27,0,0,0,2,0,1,0,1,0
oshi-dist/oshi-core-java11,oshi.driver.windows.wmi,Win32DiskDrive,11,0,0,0,2,0,1,0,1,0
oshi-dist/oshi-core-java11,oshi.driver.windows.wmi,Win32Processor,36,0,0,0,6,0,3,0,3,0
oshi-dist/oshi-core-java11,oshi.driver.windows.wmi,Win32VideoController.VideoControllerProperty,33,0,0,0,2,0,1,0,1,0
oshi-dist/oshi-core-java11,oshi.driver.windows.wmi,OhmHardware.IdentifierProperty,9,0,0,0,2,0,1,0,1,0
oshi-dist/oshi-core-java11,oshi.driver.windows.wmi,Win32LogicalDiskToPartition,11,0,0,0,2,0,1,0,1,0
oshi-dist/oshi-core-java11,oshi.driver.windows.wmi,Win32Fan.SpeedProperty,9,0,0,0,2,0,1,0,1,0
oshi-dist/oshi-core-java11,oshi.driver.windows.wmi,Win32Process.ProcessXPProperty,51,0,0,0,2,0,1,0,1,0
oshi-dist/oshi-core-java11,oshi.driver.windows.wmi,Win32LogicalDisk,44,0,6,0,9,0,4,0,1,0
oshi-dist/oshi-core-java11,oshi.driver.windows.wmi,Win32PhysicalMemory.PhysicalMemoryProperty,33,0,0,0,2,0,1,0,1,0
oshi-dist/oshi-core-java11,oshi.driver.windows.wmi,Win32Processor.ProcessorIdProperty,9,0,0,0,2,0,1,0,1,0
oshi-dist/oshi-core-java11,oshi.driver.windows.wmi,Win32OperatingSystem,12,0,0,0,2,0,1,0,1,0
oshi-dist/oshi-core-java11,oshi.driver.windows.wmi,MSFTStorage.StoragePoolToPhysicalDiskProperty,15,0,0,0,2,0,1,0,1,0
oshi-dist/oshi-core-java11,oshi.driver.windows.wmi,MSFTStorage.VirtualDiskProperty,15,0,0,0,2,0,1,0,1,0
oshi-dist/oshi-core-java11,oshi.driver.windows.wmi,Win32DiskDriveToDiskPartition.DriveToPartitionProperty,15,0,0,0,2,0,1,0,1,0
oshi-dist/oshi-core-java11,oshi.driver.windows.wmi,Win32LogicalDisk.LogicalDiskProperty,57,0,0,0,2,0,1,0,1,0
oshi-dist/oshi-core-java11,oshi.driver.windows.wmi,Win32Bios.BiosSerialProperty,9,0,0,0,2,0,1,0,1,0
oshi-dist/oshi-core-java11,oshi.driver.windows.wmi,MSAcpiThermalZoneTemperature.TemperatureProperty,9,0,0,0,2,0,1,0,1,0
oshi-dist/oshi-core-java11,oshi.driver.windows.wmi,Win32ComputerSystemProduct.ComputerSystemProductProperty,15,0,0,0,2,0,1,0,1,0
oshi-dist/oshi-core-java11,oshi.driver.windows.wmi,OhmSensor.ValueProperty,9,0,0,0,2,0,1,0,1,0
oshi-dist/oshi-core-java11,oshi.driver.windows.wmi,Win32LogicalDiskToPartition.DiskToPartitionProperty,27,0,0,0,2,0,1,0,1,0
oshi-dist/oshi-core-java11,oshi.driver.windows.wmi,Win32Bios,24,0,0,0,4,0,2,0,2,0
oshi-dist/oshi-core-java11,oshi.driver.windows.wmi,Win32PhysicalMemory.PhysicalMemoryPropertyWin8,33,0,0,0,2,0,1,0,1,0
oshi-dist/oshi-core-java11,oshi.driver.windows.wmi,Win32PhysicalMemory,24,0,0,0,4,0,2,0,2,0
oshi-dist/oshi-core-java11,oshi.driver.windows.wmi,Win32ComputerSystemProduct,12,0,0,0,2,0,1,0,1,0
oshi-dist/oshi-core-java11,oshi.jna.platform.windows,PowrProf.BATTERY_MANUFACTURE_DATE,7,0,0,0,3,0,2,0,2,0
oshi-dist/oshi-core-java11,oshi.jna.platform.windows,PowrProf.BATTERY_STATUS,7,0,0,0,3,0,2,0,2,0
oshi-dist/oshi-core-java11,oshi.jna.platform.windows,PowrProf,6,0,0,0,1,0,1,0,1,0
oshi-dist/oshi-core-java11,oshi.jna.platform.windows,PowrProf.BATTERY_QUERY_INFORMATION_LEVEL,57,0,0,0,3,0,1,0,1,0
oshi-dist/oshi-core-java11,oshi.jna.platform.windows,PowrProf.BATTERY_WAIT_STATUS,7,0,0,0,3,0,2,0,2,0
oshi-dist/oshi-core-java11,oshi.jna.platform.windows,NtDll.PEB,11,0,0,0,3,0,1,0,1,0
oshi-dist/oshi-core-java11,oshi.jna.platform.windows,PowrProf.ProcessorPowerInformation,9,0,0,0,5,0,2,0,2,0
oshi-dist/oshi-core-java11,oshi.jna.platform.windows,NtDll.STRING,3,0,0,0,1,0,1,0,1,0
oshi-dist/oshi-core-java11,oshi.jna.platform.windows,NtDll.CURDIR,3,0,0,0,1,0,1,0,1,0
oshi-dist/oshi-core-java11,oshi.jna.platform.windows,PowrProf.BATTERY_INFORMATION,15,0,0,0,5,0,2,0,2,0
oshi-dist/oshi-core-java11,oshi.jna.platform.windows,NtDll.PROCESS_BASIC_INFORMATION,7,0,0,0,2,0,1,0,1,0
oshi-dist/oshi-core-java11,oshi.jna.platform.windows,NtDll.RTL_DRIVE_LETTER_CURDIR,3,0,0,0,1,0,1,0,1,0
oshi-dist/oshi-core-java11,oshi.jna.platform.windows,PowrProf.SystemBatteryState,21,0,0,0,8,0,3,0,3,0
oshi-dist/oshi-core-java11,oshi.jna.platform.windows,PowrProf.BATTERY_QUERY_INFORMATION,7,0,0,0,3,0,2,0,2,0
oshi-dist/oshi-core-java11,oshi.jna.platform.windows,WinNT.TOKEN_ELEVATION,7,0,0,0,3,0,2,0,2,0
oshi-dist/oshi-core-java11,oshi.jna.platform.windows,NtDll.RTL_USER_PROCESS_PARAMETERS,7,0,0,0,2,0,1,0,1,0
oshi-dist/oshi-core-java11,oshi.jna.platform.windows,NtDll,7,0,0,0,1,0,1,0,1,0
oshi-dist/oshi-core-java11,oshi.jna.platform.windows,NtDll.UNICODE_STRING,3,0,0,0,1,0,1,0,1,0
oshi-dist/oshi-core-java11,oshi.software.os.unix.aix,AixInternetProtocolStats,138,0,8,0,10,0,7,0,3,0
oshi-dist/oshi-core-java11,oshi.software.os.unix.aix,AixOSFileStore,118,0,6,0,31,0,13,0,10,0
oshi-dist/oshi-core-java11,oshi.software.os.unix.aix,AixNetworkParams,60,0,8,0,14,0,10,0,6,0
oshi-dist/oshi-core-java11,oshi.software.os.unix.aix,AixOSThread,74,0,2,0,23,0,12,0,11,0
oshi-dist/oshi-core-java11,oshi.software.os.unix.aix,AixOperatingSystem,474,0,50,0,83,0,47,0,22,0
oshi-dist/oshi-core-java11,oshi.software.os.unix.aix,AixOSProcess,611,0,41,0,137,0,63,0,40,0
oshi-dist/oshi-core-java11,oshi.software.os.unix.aix,AixFileSystem,320,0,48,0,70,0,32,0,8,0
oshi-dist/oshi-core-java11,oshi.hardware.platform.unix,UnixDisplay,12,0,0,0,3,0,2,0,2,0
oshi-dist/oshi-core-java11,oshi.hardware.platform.unix,UnixBaseboard,27,0,0,0,10,0,5,0,5,0
oshi-dist/oshi-core-java11,oshi.hardware.platform.unix,BsdNetworkIF,149,0,4,0,36,0,16,0,14,0
oshi-dist/oshi-core-java11,oshi.hardware.platform.windows,WindowsFirmware,116,0,12,0,24,0,13,0,7,0
oshi-dist/oshi-core-java11,oshi.hardware.platform.windows,WindowsCentralProcessor,1061,0,116,0,206,0,73,0,15,0
oshi-dist/oshi-core-java11,oshi.hardware.platform.windows,WindowsBaseboard,96,0,10,0,19,0,11,0,6,0
oshi-dist/oshi-core-java11,oshi.hardware.platform.windows,WindowsUsbDevice,261,0,26,0,59,0,20,0,7,0
oshi-dist/oshi-core-java11,oshi.hardware.platform.windows,WindowsGlobalMemory,330,0,61,0,97,0,66,0,11,0
oshi-dist/oshi-core-java11,oshi.hardware.platform.windows,WindowsHWDiskStore.PartitionMaps,18,0,0,0,4,0,1,0,1,0
oshi-dist/oshi-core-java11,oshi.hardware.platform.windows,WindowsHardwareAbstractionLayer,37,0,0,0,13,0,13,0,13,0
oshi-dist/oshi-core-java11,oshi.hardware.platform.windows,WindowsComputerSystem,134,0,16,0,34,0,18,0,10,0
oshi-dist/oshi-core-java11,oshi.hardware.platform.windows,WindowsDisplay,119,0,8,0,26,0,7,0,3,0
oshi-dist/oshi-core-java11,oshi.hardware.platform.windows,WindowsHWDiskStore.DiskStats,33,0,0,0,7,0,1,0,1,0
oshi-dist/oshi-core-java11,oshi.hardware.platform.windows,WindowsVirtualMemory,165,0,2,0,26,0,12,0,11,0
oshi-dist/oshi-core-java11,oshi.hardware.platform.windows,WindowsNetworkIF,275,0,10,0,71,0,24,0,19,0
oshi-dist/oshi-core-java11,oshi.hardware.platform.windows,WindowsGraphicsCard,109,0,16,0,24,0,11,0,3,0
oshi-dist/oshi-core-java11,oshi.hardware.platform.windows,WindowsSoundCard,76,0,6,0,18,0,5,0,2,0
oshi-dist/oshi-core-java11,oshi.hardware.platform.windows,WindowsHWDiskStore,812,0,66,0,148,0,49,0,16,0
oshi-dist/oshi-core-java11,oshi.hardware.platform.windows,WindowsLogicalVolumeGroup,339,0,34,0,77,0,20,0,3,0
oshi-dist/oshi-core-java11,oshi.hardware.platform.windows,WindowsSensors,405,0,64,0,113,0,43,0,11,0
oshi-dist/oshi-core-java11,oshi.hardware.platform.windows,WindowsPowerSource,721,0,86,0,165,0,48,0,5,0
oshi-dist/oshi-core-java11,oshi.driver.linux,Lshw,109,0,16,0,24,0,12,0,4,0
oshi-dist/oshi-core-java11,oshi.driver.linux,Devicetree,13,0,2,0,4,0,2,0,1,0
oshi-dist/oshi-core-java11,oshi.driver.linux,Lshal,46,0,8,0,12,0,6,0,2,0
oshi-dist/oshi-core-java11,oshi.driver.linux,Dmidecode,112,0,16,0,26,0,11,0,3,0
oshi-dist/oshi-core-java11,oshi.driver.linux,Who,83,0,14,0,15,0,9,0,2,0
oshi-dist/oshi-core-java11,oshi.driver.linux,Sysfs,167,0,36,0,54,0,30,0,12,0
oshi-dist/oshi-core-java11,oshi.driver.mac.net,NetStat.IFdata,87,0,0,0,24,0,12,0,12,0
oshi-dist/oshi-core-java11,oshi.driver.mac.net,NetStat,191,0,14,0,30,0,9,0,2,0
oshi-dist/oshi-core-java11,oshi.util.platform.unix.openbsd,OpenBsdSysctlUtil,283,0,18,0,51,0,18,0,9,0
oshi-dist/oshi-core-java11,oshi.util.platform.unix.openbsd,FstatUtil,62,0,10,0,12,0,7,0,2,0
oshi-dist/oshi-core-java11,oshi.util.tuples,Quartet,27,0,0,0,10,0,5,0,5,0
oshi-dist/oshi-core-java11,oshi.util.tuples,Pair,15,0,0,0,6,0,3,0,3,0
oshi-dist/oshi-core-java11,oshi.util.tuples,Quintet,33,0,0,0,12,0,6,0,6,0
oshi-dist/oshi-core-java11,oshi.util.tuples,Triplet,21,0,0,0,8,0,4,0,4,0
oshi-dist/oshi-core-java11,oshi.driver.unix.solaris.kstat,SystemPages,83,0,10,0,14,0,7,0,2,0
oshi-dist/oshi-core-java11,oshi,PlatformEnum,121,0,4,0,22,0,7,0,5,0
oshi-dist/oshi-core-java11,oshi,SystemInfo,107,0,16,0,26,0,21,0,7,0
oshi-dist/oshi-core-java11,oshi.jna.platform.linux,LinuxLibc.Ut_Tv,3,0,0,0,1,0,1,0,1,0
oshi-dist/oshi-core-java11,oshi.jna.platform.linux,LinuxLibc.Exit_status,3,0,0,0,1,0,1,0,1,0
oshi-dist/oshi-core-java11,oshi.jna.platform.linux,LinuxLibc.LinuxUtmpx,27,0,0,0,7,0,1,0,1,0
oshi-dist/oshi-core-java11,oshi.jna.platform.linux,LinuxLibc,6,0,0,0,1,0,1,0,1,0
oshi-dist/oshi-core-java11,oshi.software.os.linux,LinuxOSProcess.ProcPidStat,84,0,0,0,7,0,3,0,3,0
oshi-dist/oshi-core-java11,oshi.software.os.linux,LinuxOSProcess,779,0,40,0,148,0,62,0,42,0
oshi-dist/oshi-core-java11,oshi.software.os.linux,LinuxInternetProtocolStats,311,0,30,0,57,0,29,0,9,0
oshi-dist/oshi-core-java11,oshi.software.os.linux,LinuxFileSystem,495,0,58,0,115,0,40,0,11,0
oshi-dist/oshi-core-java11,oshi.software.os.linux,LinuxOSThread,256,0,6,0,48,0,18,0,15,0
oshi-dist/oshi-core-java11,oshi.software.os.linux,LinuxOSThread.ThreadPidStat,91,0,0,0,7,0,3,0,3,0
oshi-dist/oshi-core-java11,oshi.software.os.linux,LinuxOperatingSystem,1265,0,192,0,254,0,130,0,34,0
oshi-dist/oshi-core-java11,oshi.software.os.linux,LinuxNetworkParams,233,0,36,0,53,0,24,0,6,0
oshi-dist/oshi-core-java11,oshi.software.os.linux,LinuxOSFileStore,119,0,6,0,31,0,13,0,10,0
oshi-dist/oshi-core-java11,oshi.util.platform.linux,ProcPath,111,0,2,0,34,0,3,0,2,0
oshi-dist/oshi-core-java11,oshi.util.platform.mac,CFUtil,25,0,6,0,8,0,5,0,2,0
oshi-dist/oshi-core-java11,oshi.util.platform.mac,SysctlUtil,250,0,16,0,47,0,15,0,7,0
oshi-dist/oshi-core-java11,oshi.util.platform.mac,SmcUtil,355,0,32,0,70,0,24,0,8,0
oshi-dist/oshi-core-java11,oshi.jna.platform.unix,CLibrary.Addrinfo.ByReference,3,0,0,0,1,0,1,0,1,0
oshi-dist/oshi-core-java11,oshi.jna.platform.unix,SolarisLibc.SolarisUtmpx,23,0,0,0,6,0,1,0,1,0
oshi-dist/oshi-core-java11,oshi.jna.platform.unix,FreeBsdLibc.CpTime,17,0,2,0,6,0,3,0,2,0
oshi-dist/oshi-core-java11,oshi.jna.platform.unix,SolarisLibc.Timeval,3,0,0,0,1,0,1,0,1,0
oshi-dist/oshi-core-java11,oshi.jna.platform.unix,AixLibc,6,0,0,0,1,0,1,0,1,0
oshi-dist/oshi-core-java11,oshi.jna.platform.unix,OpenBsdLibc,12,0,0,0,3,0,1,0,1,0
oshi-dist/oshi-core-java11,oshi.jna.platform.unix,AixLibc.AixLwpsInfo,59,0,0,0,16,0,1,0,1,0
oshi-dist/oshi-core-java11,oshi.jna.platform.unix,CLibrary.BsdTcpstat,3,0,0,0,1,0,1,0,1,0
oshi-dist/oshi-core-java11,oshi.jna.platform.unix,SolarisLibc.SolarisPrUsage,183,0,4,0,36,0,3,0,1,0
oshi-dist/oshi-core-java11,oshi.jna.platform.unix,CLibrary.Sockaddr.ByReference,3,0,0,0,1,0,1,0,1,0
oshi-dist/oshi-core-java11,oshi.jna.platform.unix,SolarisLibc.SolarisLwpsInfo,115,0,0,0,29,0,1,0,1,0
oshi-dist/oshi-core-java11,oshi.jna.platform.unix,CLibrary.Addrinfo,13,0,0,0,7,0,3,0,3,0
oshi-dist/oshi-core-java11,oshi.jna.platform.unix,FreeBsdLibc.FreeBsdUtmpx,23,0,0,0,6,0,1,0,1,0
oshi-dist/oshi-core-java11,oshi.jna.platform.unix,SolarisLibc.SolarisPsInfo,173,0,2,0,43,0,2,0,1,0
oshi-dist/oshi-core-java11,oshi.jna.platform.unix,AixLibc.AixPsInfo,140,0,2,0,33,0,2,0,1,0
oshi-dist/oshi-core-java11,oshi.jna.platform.unix,SolarisLibc,6,0,0,0,1,0,1,0,1,0
oshi-dist/oshi-core-java11,oshi.jna.platform.unix,SolarisLibc.Exit_status,3,0,0,0,1,0,1,0,1,0
oshi-dist/oshi-core-java11,oshi.jna.platform.unix,CLibrary.BsdIpstat,3,0,0,0,1,0,1,0,1,0
oshi-dist/oshi-core-java11,oshi.jna.platform.unix,AixLibc.Timestruc,15,0,0,0,5,0,1,0,1,0
oshi-dist/oshi-core-java11,oshi.jna.platform.unix,CLibrary.BsdUdpstat,3,0,0,0,1,0,1,0,1,0
oshi-dist/oshi-core-java11,oshi.jna.platform.unix,CLibrary.BsdIp6stat,3,0,0,0,1,0,1,0,1,0
oshi-dist/oshi-core-java11,oshi.jna.platform.unix,FreeBsdLibc,12,0,0,0,3,0,1,0,1,0
oshi-dist/oshi-core-java11,oshi.jna.platform.unix,OpenBsdLibc.Bcachestats,6,0,0,0,3,0,1,0,1,0
oshi-dist/oshi-core-java11,oshi.jna.platform.unix,SolarisLibc.Timestruc,11,0,0,0,4,0,1,0,1,0
oshi-dist/oshi-core-java11,oshi.jna.platform.unix,CLibrary.Sockaddr,7,0,0,0,2,0,1,0,1,0
oshi-dist/oshi-core-java11,oshi.jna.platform.unix,OpenBsdLibc.Timeval,3,0,0,0,1,0,1,0,1,0
oshi-dist/oshi-core-java11,oshi.jna.platform.unix,FreeBsdLibc.Timeval,3,0,0,0,1,0,1,0,1,0
oshi-dist/oshi-core-java11,oshi.hardware.platform.unix.aix,AixBaseboard,55,0,6,0,10,0,8,0,5,0
oshi-dist/oshi-core-java11,oshi.hardware.platform.unix.aix,AixVirtualMemory,55,0,0,0,10,0,7,0,7,0
oshi-dist/oshi-core-java11,oshi.hardware.platform.unix.aix,AixGraphicsCard,116,0,24,0,25,0,14,0,2,0
oshi-dist/oshi-core-java11,oshi.hardware.platform.unix.aix,AixComputerSystem,243,0,22,0,51,0,19,0,8,0
oshi-dist/oshi-core-java11,oshi.hardware.platform.unix.aix,AixGlobalMemory,160,0,18,0,39,0,17,0,8,0
oshi-dist/oshi-core-java11,oshi.hardware.platform.unix.aix,AixSensors,34,0,4,0,11,0,6,0,4,0
oshi-dist/oshi-core-java11,oshi.hardware.platform.unix.aix,AixCentralProcessor,755,0,52,0,123,0,40,0,13,0
oshi-dist/oshi-core-java11,oshi.hardware.platform.unix.aix,AixFirmware,21,0,0,0,8,0,4,0,4,0
oshi-dist/oshi-core-java11,oshi.hardware.platform.unix.aix,AixNetworkIF,156,0,6,0,42,0,17,0,14,0
oshi-dist/oshi-core-java11,oshi.hardware.platform.unix.aix,AixSoundCard,52,0,6,0,11,0,5,0,2,0
oshi-dist/oshi-core-java11,oshi.hardware.platform.unix.aix,AixUsbDevice,81,0,8,0,14,0,6,0,2,0
oshi-dist/oshi-core-java11,oshi.hardware.platform.unix.aix,AixComputerSystem.LsattrStrings,59,0,14,0,9,0,8,0,1,0
oshi-dist/oshi-core-java11,oshi.hardware.platform.unix.aix,AixPowerSource,26,0,0,0,3,0,2,0,2,0
oshi-dist/oshi-core-java11,oshi.hardware.platform.unix.aix,AixHWDiskStore,284,0,20,0,57,0,23,0,13,0
oshi-dist/oshi-core-java11,oshi.hardware.platform.unix.aix,AixHardwareAbstractionLayer,59,0,0,0,14,0,12,0,12,0
oshi-dist/oshi-core-java11,oshi.driver.mac,ThreadInfo.ThreadStats,71,0,6,0,25,0,12,0,7,0
oshi-dist/oshi-core-java11,oshi.driver.mac,Who,84,0,14,0,15,0,9,0,2,0
oshi-dist/oshi-core-java11,oshi.driver.mac,ThreadInfo,97,0,6,0,17,0,6,0,3,0
oshi-dist/oshi-core-java11,oshi.driver.mac,WindowInfo,196,0,14,0,47,0,8,0,1,0
oshi-dist/oshi-core-java11,oshi.hardware.platform.unix.freebsd,FreeBsdUsbDevice,393,0,40,0,76,0,26,0,6,0
oshi-dist/oshi-core-java11,oshi.hardware.platform.unix.freebsd,FreeBsdSoundCard,130,0,18,0,26,0,11,0,2,0
oshi-dist/oshi-core-java11,oshi.hardware.platform.unix.freebsd,FreeBsdHWDiskStore,308,0,14,0,60,0,18,0,11,0
oshi-dist/oshi-core-java11,oshi.hardware.platform.unix.freebsd,FreeBsdPowerSource,297,0,32,0,69,0,19,0,3,0
oshi-dist/oshi-core-java11,oshi.hardware.platform.unix.freebsd,FreeBsdGraphicsCard,243,0,48,0,46,0,26,0,2,0
[...]
oshi-dist/oshi-demo,oshi.jna.platform.windows,PowrProf.BATTERY_WAIT_STATUS,7,0,0,0,3,0,2,0,2,0
oshi-dist/oshi-demo,oshi.jna.platform.windows,NtDll.PEB,11,0,0,0,3,0,1,0,1,0
oshi-dist/oshi-demo,oshi.jna.platform.windows,PowrProf.ProcessorPowerInformation,9,0,0,0,5,0,2,0,2,0
oshi-dist/oshi-demo,oshi.jna.platform.windows,NtDll.STRING,3,0,0,0,1,0,1,0,1,0
oshi-dist/oshi-demo,oshi.jna.platform.windows,NtDll.CURDIR,3,0,0,0,1,0,1,0,1,0
oshi-dist/oshi-demo,oshi.jna.platform.windows,PowrProf.BATTERY_INFORMATION,15,0,0,0,5,0,2,0,2,0
oshi-dist/oshi-demo,oshi.jna.platform.windows,NtDll.PROCESS_BASIC_INFORMATION,7,0,0,0,2,0,1,0,1,0
oshi-dist/oshi-demo,oshi.jna.platform.windows,NtDll.RTL_DRIVE_LETTER_CURDIR,3,0,0,0,1,0,1,0,1,0
oshi-dist/oshi-demo,oshi.jna.platform.windows,PowrProf.SystemBatteryState,21,0,0,0,8,0,3,0,3,0
oshi-dist/oshi-demo,oshi.jna.platform.windows,PowrProf.BATTERY_QUERY_INFORMATION,7,0,0,0,3,0,2,0,2,0
oshi-dist/oshi-demo,oshi.jna.platform.windows,WinNT.TOKEN_ELEVATION,7,0,0,0,3,0,2,0,2,0
oshi-dist/oshi-demo,oshi.jna.platform.windows,NtDll.RTL_USER_PROCESS_PARAMETERS,7,0,0,0,2,0,1,0,1,0
oshi-dist/oshi-demo,oshi.jna.platform.windows,NtDll,7,0,0,0,1,0,1,0,1,0
oshi-dist/oshi-demo,oshi.jna.platform.windows,NtDll.UNICODE_STRING,3,0,0,0,1,0,1,0,1,0
oshi-dist/oshi-demo,oshi.software.os.unix.aix,AixInternetProtocolStats,138,0,8,0,10,0,7,0,3,0
oshi-dist/oshi-demo,oshi.software.os.unix.aix,AixOSFileStore,118,0,6,0,31,0,13,0,10,0
oshi-dist/oshi-demo,oshi.software.os.unix.aix,AixNetworkParams,60,0,8,0,14,0,10,0,6,0
oshi-dist/oshi-demo,oshi.software.os.unix.aix,AixOSThread,74,0,2,0,23,0,12,0,11,0
oshi-dist/oshi-demo,oshi.software.os.unix.aix,AixOperatingSystem,480,0,50,0,83,0,47,0,22,0
oshi-dist/oshi-demo,oshi.software.os.unix.aix,AixOSProcess,633,0,41,0,137,0,63,0,40,0
oshi-dist/oshi-demo,oshi.software.os.unix.aix,AixFileSystem,332,0,48,0,70,0,32,0,8,0
oshi-dist/oshi-demo,oshi.hardware.platform.unix,UnixDisplay,12,0,0,0,3,0,2,0,2,0
oshi-dist/oshi-demo,oshi.hardware.platform.unix,UnixBaseboard,27,0,0,0,10,0,5,0,5,0
oshi-dist/oshi-demo,oshi.hardware.platform.unix,BsdNetworkIF,155,0,4,0,36,0,16,0,14,0
oshi-dist/oshi-demo,oshi.hardware.platform.windows,WindowsFirmware,116,0,12,0,24,0,13,0,7,0
oshi-dist/oshi-demo,oshi.hardware.platform.windows,WindowsCentralProcessor,1067,0,116,0,206,0,73,0,15,0
oshi-dist/oshi-demo,oshi.hardware.platform.windows,WindowsBaseboard,96,0,10,0,19,0,11,0,6,0
oshi-dist/oshi-demo,oshi.hardware.platform.windows,WindowsUsbDevice,268,0,26,0,59,0,20,0,7,0
oshi-dist/oshi-demo,oshi.hardware.platform.windows,WindowsGlobalMemory,330,0,61,0,97,0,66,0,11,0
oshi-dist/oshi-demo,oshi.hardware.platform.windows,WindowsHWDiskStore.PartitionMaps,18,0,0,0,4,0,1,0,1,0
oshi-dist/oshi-demo,oshi.hardware.platform.windows,WindowsHardwareAbstractionLayer,37,0,0,0,13,0,13,0,13,0
oshi-dist/oshi-demo,oshi.hardware.platform.windows,WindowsComputerSystem,134,0,16,0,34,0,18,0,10,0
oshi-dist/oshi-demo,oshi.hardware.platform.windows,WindowsDisplay,119,0,8,0,26,0,7,0,3,0
oshi-dist/oshi-demo,oshi.hardware.platform.windows,WindowsHWDiskStore.DiskStats,33,0,0,0,7,0,1,0,1,0
oshi-dist/oshi-demo,oshi.hardware.platform.windows,WindowsVirtualMemory,165,0,2,0,26,0,12,0,11,0
oshi-dist/oshi-demo,oshi.hardware.platform.windows,WindowsNetworkIF,275,0,10,0,71,0,24,0,19,0
oshi-dist/oshi-demo,oshi.hardware.platform.windows,WindowsGraphicsCard,124,0,16,0,24,0,11,0,3,0
oshi-dist/oshi-demo,oshi.hardware.platform.windows,WindowsSoundCard,96,0,6,0,18,0,5,0,2,0
oshi-dist/oshi-demo,oshi.hardware.platform.windows,WindowsHWDiskStore,827,0,66,0,148,0,49,0,16,0
oshi-dist/oshi-demo,oshi.hardware.platform.windows,WindowsLogicalVolumeGroup,367,0,34,0,77,0,20,0,3,0
oshi-dist/oshi-demo,oshi.hardware.platform.windows,WindowsSensors,405,0,64,0,113,0,43,0,11,0
oshi-dist/oshi-demo,oshi.hardware.platform.windows,WindowsPowerSource,721,0,86,0,165,0,48,0,5,0
oshi-dist/oshi-demo,oshi.driver.linux,Lshw,109,0,16,0,24,0,12,0,4,0
oshi-dist/oshi-demo,oshi.driver.linux,Devicetree,13,0,2,0,4,0,2,0,1,0
oshi-dist/oshi-demo,oshi.driver.linux,Lshal,46,0,8,0,12,0,6,0,2,0
oshi-dist/oshi-demo,oshi.driver.linux,Dmidecode,119,0,16,0,26,0,11,0,3,0
oshi-dist/oshi-demo,oshi.driver.linux,Who,83,0,14,0,15,0,9,0,2,0
oshi-dist/oshi-demo,oshi.driver.linux,Sysfs,189,0,36,0,54,0,30,0,12,0
oshi-dist/oshi-demo,oshi.demo.gui,InterfacePanel,377,0,16,0,67,0,15,0,7,0
oshi-dist/oshi-demo,oshi.demo.gui,ProcessPanel,667,0,28,0,103,0,20,0,6,0
oshi-dist/oshi-demo,oshi.demo.gui,UsbPanel,97,0,4,0,24,0,6,0,4,0
oshi-dist/oshi-demo,oshi.demo.gui,OshiJPanel,55,0,2,0,13,0,2,0,1,0
oshi-dist/oshi-demo,oshi.demo.gui,FileStorePanel,277,0,10,0,60,0,10,0,5,0
oshi-dist/oshi-demo,oshi.demo.gui,MemoryPanel,275,0,2,0,60,0,9,0,8,0
oshi-dist/oshi-demo,oshi.demo.gui,ProcessorPanel,246,0,4,0,48,0,8,0,6,0
oshi-dist/oshi-demo,oshi.demo.gui,OsHwTextPanel,416,0,10,0,85,0,13,0,8,0
oshi-dist/oshi-demo,oshi.driver.mac.net,NetStat.IFdata,87,0,0,0,24,0,12,0,12,0
oshi-dist/oshi-demo,oshi.driver.mac.net,NetStat,191,0,14,0,30,0,9,0,2,0
oshi-dist/oshi-demo,oshi.util.platform.unix.openbsd,OpenBsdSysctlUtil,301,0,18,0,51,0,18,0,9,0
oshi-dist/oshi-demo,oshi.util.platform.unix.openbsd,FstatUtil,74,0,10,0,12,0,7,0,2,0
oshi-dist/oshi-demo,oshi.util.tuples,Quartet,27,0,0,0,10,0,5,0,5,0
oshi-dist/oshi-demo,oshi.util.tuples,Pair,15,0,0,0,6,0,3,0,3,0
oshi-dist/oshi-demo,oshi.util.tuples,Quintet,33,0,0,0,12,0,6,0,6,0
oshi-dist/oshi-demo,oshi.util.tuples,Triplet,21,0,0,0,8,0,4,0,4,0
oshi-dist/oshi-demo,oshi.driver.unix.solaris.kstat,SystemPages,83,0,10,0,14,0,7,0,2,0
oshi-dist/oshi-demo,oshi,PlatformEnum,121,0,4,0,22,0,7,0,5,0
oshi-dist/oshi-demo,oshi,SystemInfo,119,0,16,0,26,0,21,0,7,0
oshi-dist/oshi-demo,oshi.demo.jmx.mbeans,Baseboard,162,0,4,0,35,0,11,0,9,0
oshi-dist/oshi-demo,oshi.jna.platform.linux,LinuxLibc.Ut_Tv,3,0,0,0,1,0,1,0,1,0
oshi-dist/oshi-demo,oshi.jna.platform.linux,LinuxLibc.Exit_status,3,0,0,0,1,0,1,0,1,0
oshi-dist/oshi-demo,oshi.jna.platform.linux,LinuxLibc.LinuxUtmpx,27,0,0,0,7,0,1,0,1,0
oshi-dist/oshi-demo,oshi.jna.platform.linux,LinuxLibc,6,0,0,0,1,0,1,0,1,0
oshi-dist/oshi-demo,oshi.software.os.linux,LinuxOSProcess.ProcPidStat,84,0,0,0,7,0,3,0,3,0
oshi-dist/oshi-demo,oshi.software.os.linux,LinuxOSProcess,785,0,40,0,148,0,62,0,42,0
oshi-dist/oshi-demo,oshi.software.os.linux,LinuxInternetProtocolStats,324,0,30,0,57,0,29,0,9,0
oshi-dist/oshi-demo,oshi.software.os.linux,LinuxFileSystem,500,0,58,0,115,0,40,0,11,0
oshi-dist/oshi-demo,oshi.software.os.linux,LinuxOSThread,256,0,6,0,48,0,18,0,15,0
oshi-dist/oshi-demo,oshi.software.os.linux,LinuxOSThread.ThreadPidStat,91,0,0,0,7,0,3,0,3,0
oshi-dist/oshi-demo,oshi.software.os.linux,LinuxOperatingSystem,1270,0,192,0,254,0,130,0,34,0
oshi-dist/oshi-demo,oshi.software.os.linux,LinuxNetworkParams,233,0,36,0,53,0,24,0,6,0
oshi-dist/oshi-demo,oshi.software.os.linux,LinuxOSFileStore,119,0,6,0,31,0,13,0,10,0
oshi-dist/oshi-demo,oshi.util.platform.linux,ProcPath,285,0,2,0,34,0,3,0,2,0
oshi-dist/oshi-demo,oshi.util.platform.mac,CFUtil,25,0,6,0,8,0,5,0,2,0
oshi-dist/oshi-demo,oshi.util.platform.mac,SysctlUtil,250,0,16,0,47,0,15,0,7,0
oshi-dist/oshi-demo,oshi.util.platform.mac,SmcUtil,355,0,32,0,70,0,24,0,8,0
oshi-dist/oshi-demo,oshi.jna.platform.unix,CLibrary.Addrinfo.ByReference,3,0,0,0,1,0,1,0,1,0
oshi-dist/oshi-demo,oshi.jna.platform.unix,SolarisLibc.SolarisUtmpx,23,0,0,0,6,0,1,0,1,0
oshi-dist/oshi-demo,oshi.jna.platform.unix,FreeBsdLibc.CpTime,17,0,2,0,6,0,3,0,2,0
oshi-dist/oshi-demo,oshi.jna.platform.unix,SolarisLibc.Timeval,3,0,0,0,1,0,1,0,1,0
oshi-dist/oshi-demo,oshi.jna.platform.unix,AixLibc,6,0,0,0,1,0,1,0,1,0
oshi-dist/oshi-demo,oshi.jna.platform.unix,OpenBsdLibc,12,0,0,0,3,0,1,0,1,0
oshi-dist/oshi-demo,oshi.jna.platform.unix,AixLibc.AixLwpsInfo,59,0,0,0,16,0,1,0,1,0
oshi-dist/oshi-demo,oshi.jna.platform.unix,CLibrary.BsdTcpstat,3,0,0,0,1,0,1,0,1,0
oshi-dist/oshi-demo,oshi.jna.platform.unix,SolarisLibc.SolarisPrUsage,183,0,4,0,36,0,3,0,1,0
oshi-dist/oshi-demo,oshi.jna.platform.unix,CLibrary.Sockaddr.ByReference,3,0,0,0,1,0,1,0,1,0
oshi-dist/oshi-demo,oshi.jna.platform.unix,SolarisLibc.SolarisLwpsInfo,115,0,0,0,29,0,1,0,1,0
oshi-dist/oshi-demo,oshi.jna.platform.unix,CLibrary.Addrinfo,13,0,0,0,7,0,3,0,3,0
oshi-dist/oshi-demo,oshi.jna.platform.unix,FreeBsdLibc.FreeBsdUtmpx,23,0,0,0,6,0,1,0,1,0
oshi-dist/oshi-demo,oshi.jna.platform.unix,SolarisLibc.SolarisPsInfo,173,0,2,0,43,0,2,0,1,0
oshi-dist/oshi-demo,oshi.jna.platform.unix,AixLibc.AixPsInfo,140,0,2,0,33,0,2,0,1,0
oshi-dist/oshi-demo,oshi.jna.platform.unix,SolarisLibc,6,0,0,0,1,0,1,0,1,0
oshi-dist/oshi-demo,oshi.jna.platform.unix,SolarisLibc.Exit_status,3,0,0,0,1,0,1,0,1,0
oshi-dist/oshi-demo,oshi.jna.platform.unix,CLibrary.BsdIpstat,3,0,0,0,1,0,1,0,1,0
oshi-dist/oshi-demo,oshi.jna.platform.unix,AixLibc.Timestruc,15,0,0,0,5,0,1,0,1,0
oshi-dist/oshi-demo,oshi.jna.platform.unix,CLibrary.BsdUdpstat,3,0,0,0,1,0,1,0,1,0
oshi-dist/oshi-demo,oshi.jna.platform.unix,CLibrary.BsdIp6stat,3,0,0,0,1,0,1,0,1,0
oshi-dist/oshi-demo,oshi.jna.platform.unix,FreeBsdLibc,12,0,0,0,3,0,1,0,1,0
oshi-dist/oshi-demo,oshi.jna.platform.unix,OpenBsdLibc.Bcachestats,6,0,0,0,3,0,1,0,1,0
oshi-dist/oshi-demo,oshi.jna.platform.unix,SolarisLibc.Timestruc,11,0,0,0,4,0,1,0,1,0
oshi-dist/oshi-demo,oshi.jna.platform.unix,CLibrary.Sockaddr,7,0,0,0,2,0,1,0,1,0
oshi-dist/oshi-demo,oshi.jna.platform.unix,OpenBsdLibc.Timeval,3,0,0,0,1,0,1,0,1,0
oshi-dist/oshi-demo,oshi.jna.platform.unix,FreeBsdLibc.Timeval,3,0,0,0,1,0,1,0,1,0
oshi-dist/oshi-demo,oshi.demo.jmx,CreateJmxOshiAgent,20,0,0,0,4,0,4,0,4,0
oshi-dist/oshi-demo,oshi.demo.jmx,JMXOshiAgentServer,198,0,6,0,70,0,45,0,42,0
oshi-dist/oshi-demo,oshi.demo.jmx,ContextRegistrationPlatform,13,0,0,0,5,0,3,0,3,0
oshi-dist/oshi-demo,oshi.hardware.platform.unix.aix,AixBaseboard,55,0,6,0,10,0,8,0,5,0
oshi-dist/oshi-demo,oshi.hardware.platform.unix.aix,AixVirtualMemory,55,0,0,0,10,0,7,0,7,0
oshi-dist/oshi-demo,oshi.hardware.platform.unix.aix,AixGraphicsCard,116,0,24,0,25,0,14,0,2,0
oshi-dist/oshi-demo,oshi.hardware.platform.unix.aix,AixComputerSystem,244,0,22,0,51,0,19,0,8,0
oshi-dist/oshi-demo,oshi.hardware.platform.unix.aix,AixGlobalMemory,171,0,18,0,39,0,17,0,8,0
oshi-dist/oshi-demo,oshi.hardware.platform.unix.aix,AixSensors,34,0,4,0,11,0,6,0,4,0
oshi-dist/oshi-demo,oshi.hardware.platform.unix.aix,AixCentralProcessor,755,0,52,0,123,0,40,0,13,0
oshi-dist/oshi-demo,oshi.hardware.platform.unix.aix,AixFirmware,21,0,0,0,8,0,4,0,4,0
oshi-dist/oshi-demo,oshi.hardware.platform.unix.aix,AixNetworkIF,156,0,6,0,42,0,17,0,14,0
oshi-dist/oshi-demo,oshi.hardware.platform.unix.aix,AixSoundCard,52,0,6,0,11,0,5,0,2,0
oshi-dist/oshi-demo,oshi.hardware.platform.unix.aix,AixUsbDevice,81,0,8,0,14,0,6,0,2,0
oshi-dist/oshi-demo,oshi.hardware.platform.unix.aix,AixComputerSystem.LsattrStrings,59,0,14,0,9,0,8,0,1,0
oshi-dist/oshi-demo,oshi.hardware.platform.unix.aix,AixPowerSource,26,0,0,0,3,0,2,0,2,0
oshi-dist/oshi-demo,oshi.hardware.platform.unix.aix,AixHWDiskStore,284,0,20,0,57,0,23,0,13,0
oshi-dist/oshi-demo,oshi.hardware.platform.unix.aix,AixHardwareAbstractionLayer,59,0,0,0,14,0,12,0,12,0
oshi-dist/oshi-demo,oshi.driver.mac,ThreadInfo.ThreadStats,71,0,6,0,25,0,12,0,7,0
oshi-dist/oshi-demo,oshi.driver.mac,Who,84,0,14,0,15,0,9,0,2,0
oshi-dist/oshi-demo,oshi.driver.mac,ThreadInfo,105,0,6,0,17,0,6,0,3,0
oshi-dist/oshi-demo,oshi.driver.mac,WindowInfo,205,0,14,0,47,0,8,0,1,0
oshi-dist/oshi-demo,oshi.hardware.platform.unix.freebsd,FreeBsdUsbDevice,400,0,40,0,76,0,26,0,6,0
oshi-dist/oshi-demo,oshi.hardware.platform.unix.freebsd,FreeBsdSoundCard,137,0,18,0,26,0,11,0,2,0
oshi-dist/oshi-demo,oshi.hardware.platform.unix.freebsd,FreeBsdHWDiskStore,314,0,14,0,60,0,18,0,11,0
oshi-dist/oshi-demo,oshi.hardware.platform.unix.freebsd,FreeBsdPowerSource,297,0,32,0,69,0,19,0,3,0
oshi-dist/oshi-demo,oshi.hardware.platform.unix.freebsd,FreeBsdGraphicsCard,262,0,48,0,46,0,26,0,2,0
oshi-dist/oshi-demo,oshi.hardware.platform.unix.freebsd,FreeBsdCentralProcessor,975,0,90,0,186,0,62,0,16,0
oshi-dist/oshi-demo,oshi.hardware.platform.unix.freebsd,FreeBsdHardwareAbstractionLayer,35,0,0,0,12,0,12,0,12,0
oshi-dist/oshi-demo,oshi.hardware.platform.unix.freebsd,FreeBsdSensors,69,0,4,0,13,0,7,0,5,0
oshi-dist/oshi-demo,oshi.hardware.platform.unix.freebsd,FreeBsdFirmware,112,0,14,0,23,0,12,0,5,0
oshi-dist/oshi-demo,oshi.hardware.platform.unix.freebsd,FreeBsdVirtualMemory,102,0,2,0,21,0,12,0,11,0
oshi-dist/oshi-demo,oshi.hardware.platform.unix.freebsd,FreeBsdComputerSystem,227,0,30,0,45,0,24,0,9,0
oshi-dist/oshi-demo,oshi.hardware.platform.unix.freebsd,FreeBsdGlobalMemory,75,0,0,0,15,0,9,0,9,0
oshi-dist/oshi-demo,oshi.hardware.platform.linux,LinuxSensors,389,0,54,0,82,0,39,0,12,0
oshi-dist/oshi-demo,oshi.hardware.platform.linux,LinuxFirmware,235,0,22,0,49,0,24,0,13,0
oshi-dist/oshi-demo,oshi.hardware.platform.linux,LinuxComputerSystem,123,0,26,0,30,0,24,0,11,0
oshi-dist/oshi-demo,oshi.hardware.platform.linux,LinuxHardwareAbstractionLayer,37,0,0,0,13,0,13,0,13,0
oshi-dist/oshi-demo,oshi.hardware.platform.linux,LinuxGlobalMemory,144,0,11,0,33,0,16,0,8,0
oshi-dist/oshi-demo,oshi.hardware.platform.linux,LinuxGraphicsCard,380,0,58,0,82,0,34,0,5,0
oshi-dist/oshi-demo,oshi.hardware.platform.linux,LinuxFirmware.VcGenCmdStrings,18,0,0,0,7,0,1,0,1,0
oshi-dist/oshi-demo,oshi.hardware.platform.linux,LinuxUsbDevice,351,0,30,0,76,0,22,0,7,0
oshi-dist/oshi-demo,oshi.hardware.platform.linux,LinuxSoundCard,238,0,32,0,42,0,23,0,7,0
oshi-dist/oshi-demo,oshi.hardware.platform.linux,LinuxHWDiskStore.UdevStat,56,0,0,0,6,0,3,0,3,0
oshi-dist/oshi-demo,oshi.hardware.platform.linux,LinuxPowerSource,322,0,28,0,82,0,18,0,4,0
oshi-dist/oshi-demo,oshi.hardware.platform.linux,LinuxCentralProcessor,1342,0,132,0,267,0,95,0,25,0
oshi-dist/oshi-demo,oshi.hardware.platform.linux,LinuxHWDiskStore,592,0,66,0,129,0,51,0,18,0
oshi-dist/oshi-demo,oshi.hardware.platform.linux,LinuxVirtualMemory,215,0,21,0,47,0,22,0,10,0
oshi-dist/oshi-demo,oshi.hardware.platform.linux,LinuxLogicalVolumeGroup,257,0,28,0,46,0,22,0,8,0
oshi-dist/oshi-demo,oshi.hardware.platform.linux,LinuxBaseboard,123,0,16,0,30,0,17,0,9,0
oshi-dist/oshi-demo,oshi.hardware.platform.linux,LinuxNetworkIF,446,0,29,0,95,0,38,0,21,0
oshi-dist/oshi-demo,oshi.hardware.platform.unix.solaris,SolarisGraphicsCard,238,0,42,0,45,0,23,0,2,0
oshi-dist/oshi-demo,oshi.hardware.platform.unix.solaris,SolarisCentralProcessor,1167,0,142,0,203,0,90,0,19,0
oshi-dist/oshi-demo,oshi.hardware.platform.unix.solaris,SolarisComputerSystem,342,0,46,0,76,0,34,0,10,0
oshi-dist/oshi-demo,oshi.hardware.platform.unix.solaris,SolarisComputerSystem.SmbiosStrings,91,0,22,0,13,0,12,0,1,0
oshi-dist/oshi-demo,oshi.hardware.platform.unix.solaris,SolarisFirmware,21,0,0,0,8,0,4,0,4,0
oshi-dist/oshi-demo,oshi.hardware.platform.unix.solaris,SolarisHardwareAbstractionLayer,35,0,0,0,12,0,12,0,12,0
oshi-dist/oshi-demo,oshi.hardware.platform.unix.solaris,SolarisPowerSource,303,0,38,0,66,0,23,0,4,0
oshi-dist/oshi-demo,oshi.hardware.platform.unix.solaris,SolarisNetworkIF,345,0,30,0,56,0,30,0,15,0
oshi-dist/oshi-demo,oshi.hardware.platform.unix.solaris,SolarisSoundCard,142,0,18,0,25,0,11,0,2,0
oshi-dist/oshi-demo,oshi.hardware.platform.unix.solaris,SolarisHWDiskStore,497,0,36,0,74,0,31,0,13,0
oshi-dist/oshi-demo,oshi.hardware.platform.unix.solaris,SolarisGlobalMemory,60,0,0,0,11,0,7,0,7,0
oshi-dist/oshi-demo,oshi.hardware.platform.unix.solaris,SolarisUsbDevice,380,0,38,0,72,0,25,0,6,0
oshi-dist/oshi-demo,oshi.hardware.platform.unix.solaris,SolarisSensors,124,0,18,0,27,0,13,0,4,0
oshi-dist/oshi-demo,oshi.hardware.platform.unix.solaris,SolarisVirtualMemory,181,0,6,0,34,0,14,0,11,0
oshi-dist/oshi-demo,oshi.software.os.unix.solaris,SolarisInternetProtocolStats,332,0,36,0,76,0,30,0,6,0
oshi-dist/oshi-demo,oshi.software.os.unix.solaris,SolarisOSProcess,728,0,48,0,155,0,70,0,44,0
oshi-dist/oshi-demo,oshi.software.os.unix.solaris,SolarisNetworkParams,30,0,2,0,8,0,6,0,5,0
oshi-dist/oshi-demo,oshi.software.os.unix.solaris,SolarisOSThread,210,0,10,0,42,0,19,0,14,0
oshi-dist/oshi-demo,oshi.software.os.unix.solaris,SolarisOSFileStore,118,0,6,0,31,0,13,0,10,0
oshi-dist/oshi-demo,oshi.software.os.unix.solaris,SolarisFileSystem,439,0,72,0,91,0,45,0,9,0
oshi-dist/oshi-demo,oshi.software.os.unix.solaris,SolarisOperatingSystem,540,0,68,0,106,0,61,0,27,0
oshi-dist/oshi-demo,oshi.driver.mac.disk,Fsstat,68,0,2,0,10,0,3,0,2,0
oshi-dist/oshi-demo,oshi.jna.platform.mac,CoreGraphics,6,0,0,0,1,0,1,0,1,0
oshi-dist/oshi-demo,oshi.jna.platform.mac,SystemB.InSockInfo,15,0,0,0,4,0,1,0,1,0
oshi-dist/oshi-demo,oshi.jna.platform.mac,IOKit.SMCKeyDataKeyInfo,3,0,0,0,1,0,1,0,1,0
oshi-dist/oshi-demo,oshi.jna.platform.mac,IOKit.SMCKeyDataVers,3,0,0,0,1,0,1,0,1,0
oshi-dist/oshi-demo,oshi.jna.platform.mac,SystemB.SocketFdInfo,7,0,0,0,3,0,2,0,2,0
oshi-dist/oshi-demo,oshi.jna.platform.mac,SystemB.ProcFdInfo,3,0,0,0,1,0,1,0,1,0
oshi-dist/oshi-demo,oshi.jna.platform.mac,IOKit.SMCVal,19,0,0,0,6,0,2,0,2,0
oshi-dist/oshi-demo,oshi.jna.platform.mac,CoreGraphics.CGRect,7,0,0,0,3,0,2,0,2,0
oshi-dist/oshi-demo,oshi.jna.platform.mac,SystemB.MacUtmpx,23,0,0,0,6,0,1,0,1,0
oshi-dist/oshi-demo,oshi.jna.platform.mac,SystemB.ProcFileInfo,3,0,0,0,1,0,1,0,1,0
oshi-dist/oshi-demo,oshi.jna.platform.mac,IOKit.SMCKeyData,11,0,0,0,4,0,2,0,2,0
oshi-dist/oshi-demo,oshi.jna.platform.mac,SystemB.SocketInfo,15,0,0,0,4,0,1,0,1,0
oshi-dist/oshi-demo,oshi.jna.platform.mac,CoreGraphics.CGPoint,3,0,0,0,1,0,1,0,1,0
oshi-dist/oshi-demo,oshi.jna.platform.mac,IOKit,6,0,0,0,1,0,1,0,1,0
oshi-dist/oshi-demo,oshi.jna.platform.mac,SystemB,6,0,0,0,1,0,1,0,1,0
oshi-dist/oshi-demo,oshi.jna.platform.mac,SystemB.TcpSockInfo,7,0,0,0,2,0,1,0,1,0
oshi-dist/oshi-demo,oshi.jna.platform.mac,SystemConfiguration.SCNetworkInterfaceRef,7,0,0,0,4,0,2,0,2,0
oshi-dist/oshi-demo,oshi.jna.platform.mac,SystemB.Pri,7,0,0,0,2,0,1,0,1,0
oshi-dist/oshi-demo,oshi.jna.platform.mac,SystemConfiguration,6,0,0,0,1,0,1,0,1,0
oshi-dist/oshi-demo,oshi.jna.platform.mac,CoreGraphics.CGSize,3,0,0,0,1,0,1,0,1,0
oshi-dist/oshi-demo,oshi.jna.platform.mac,IOKit.SMCKeyDataPLimitData,3,0,0,0,1,0,1,0,1,0
oshi-dist/oshi-demo,oshi.driver.unix.openbsd.disk,Disklabel,322,0,28,0,50,0,17,0,3,0
oshi-dist/oshi-demo,oshi.software.common,AbstractOSProcess,106,0,8,0,17,0,10,0,6,0
oshi-dist/oshi-demo,oshi.software.common,AbstractOperatingSystem,359,0,50,0,50,0,44,0,19,0
oshi-dist/oshi-demo,oshi.software.common,AbstractInternetProtocolStats,27,0,0,0,4,0,4,0,4,0
oshi-dist/oshi-demo,oshi.software.common,AbstractOSFileStore,119,0,0,0,21,0,9,0,9,0
oshi-dist/oshi-demo,oshi.software.common,AbstractNetworkParams,176,0,20,0,39,0,16,0,6,0
oshi-dist/oshi-demo,oshi.software.common,AbstractFileSystem,22,0,0,0,6,0,3,0,3,0
oshi-dist/oshi-demo,oshi.software.common,AbstractOSThread,156,0,10,0,17,0,11,0,6,0
oshi-dist/oshi-demo,oshi.demo.jmx.demo,Client,69,0,0,0,13,0,2,0,2,0
oshi-dist/oshi-demo,oshi.demo.jmx.demo,OshiJMXServer,11,0,0,0,4,0,2,0,2,0
oshi-dist/oshi-demo,oshi.hardware,NetworkIF,10,0,0,0,5,0,5,0,5,0
oshi-dist/oshi-demo,oshi.hardware,PhysicalMemory,102,0,0,0,19,0,7,0,7,0
oshi-dist/oshi-demo,oshi.hardware,CentralProcessor.ProcessorCache.Type,44,0,0,0,3,0,2,0,2,0
oshi-dist/oshi-demo,oshi.hardware,CentralProcessor.TickType,70,0,0,0,13,0,3,0,3,0
oshi-dist/oshi-demo,oshi.hardware,HardwareAbstractionLayer,2,0,0,0,1,0,1,0,1,0
oshi-dist/oshi-demo,oshi.hardware,CentralProcessor,46,0,4,0,12,0,4,0,2,0
oshi-dist/oshi-demo,oshi.hardware,CentralProcessor.PhysicalProcessor,61,0,0,0,13,0,7,0,7,0
oshi-dist/oshi-demo,oshi.hardware,HWPartition,121,0,2,0,26,0,11,0,10,0
oshi-dist/oshi-demo,oshi.hardware,CentralProcessor.LogicalProcessor,81,0,0,0,17,0,9,0,9,0
oshi-dist/oshi-demo,oshi.hardware,CentralProcessor.ProcessorCache,166,0,18,0,23,0,19,0,10,0
oshi-dist/oshi-demo,oshi.hardware,NetworkIF.IfOperStatus,81,0,2,0,14,0,6,0,5,0
oshi-dist/oshi-demo,oshi.hardware,CentralProcessor.ProcessorIdentifier,261,0,28,0,64,0,28,0,14,0
oshi-dist/oshi-demo,oshi.hardware,PowerSource.CapacityUnits,21,0,0,0,4,0,1,0,1,0
